\BOOKMARK [0][-]{chapter.1}{\376\377\000V\000e\000r\000s\000i\000o\000n\000s\000v\000e\000r\000l\000a\000u\000f}{}% 1
\BOOKMARK [0][-]{chapter.2}{\376\377\000I\000n\000h\000a\000l\000t\000s\000v\000e\000r\000z\000e\000i\000c\000h\000n\000i\000s}{}% 2
\BOOKMARK [1][-]{section.2.1}{\376\377\000D\000o\000w\000n\000l\000o\000a\000d\000\040\000u\000n\000d\000\040\000I\000n\000s\000t\000a\000l\000l\000a\000t\000i\000o\000n}{chapter.2}% 3
\BOOKMARK [1][-]{section.2.2}{\376\377\000H\000a\000n\000d\000b\000u\000c\000h}{chapter.2}% 4
\BOOKMARK [2][-]{subsection.2.2.1}{\376\377\000E\000i\000n\000f\000\374\000h\000r\000u\000n\000g}{section.2.2}% 5
\BOOKMARK [2][-]{subsection.2.2.2}{\376\377\000W\000i\000c\000h\000t\000i\000g\000s\000t\000e\000\040\000I\000n\000t\000e\000r\000a\000k\000t\000i\000o\000n\000e\000n}{section.2.2}% 6
\BOOKMARK [2][-]{subsection.2.2.3}{\376\377\000B\000e\000s\000c\000h\000r\000e\000i\000b\000u\000n\000g\000\040\000d\000e\000r\000\040\000B\000e\000n\000u\000t\000z\000e\000r\000o\000b\000e\000r\000f\000l\000\344\000c\000h\000e}{section.2.2}% 7
\BOOKMARK [2][-]{subsection.2.2.4}{\376\377\000K\000o\000n\000f\000i\000g\000u\000r\000a\000t\000i\000o\000n}{section.2.2}% 8
\BOOKMARK [2][-]{subsection.2.2.5}{\376\377\000N\000a\000v\000i\000g\000a\000t\000i\000o\000n\000\040\000d\000u\000r\000c\000h\000\040\000d\000i\000e\000\040\000S\000t\000e\000l\000l\000u\000n\000g\000e\000n}{section.2.2}% 9
\BOOKMARK [2][-]{subsection.2.2.6}{\376\377\000S\000t\000e\000l\000l\000u\000n\000g\000e\000n\000\040\000b\000e\000a\000r\000b\000e\000i\000t\000e\000n}{section.2.2}% 10
\BOOKMARK [2][-]{subsection.2.2.7}{\376\377\000D\000i\000e\000\040\000B\000e\000f\000e\000h\000l\000s\000z\000e\000i\000l\000e}{section.2.2}% 11
\BOOKMARK [2][-]{subsection.2.2.8}{\376\377\000A\000n\000a\000l\000y\000s\000e\000-\000P\000a\000n\000e\000l}{section.2.2}% 12
\BOOKMARK [2][-]{subsection.2.2.9}{\376\377\000K\000o\000m\000m\000e\000n\000t\000a\000r\000e\000-\000P\000a\000n\000e\000l}{section.2.2}% 13
\BOOKMARK [2][-]{subsection.2.2.10}{\376\377\000S\000u\000c\000h\000-\000P\000a\000n\000e\000l}{section.2.2}% 14
\BOOKMARK [2][-]{subsection.2.2.11}{\376\377\000S\000a\000m\000m\000l\000u\000n\000g\000e\000n\000-\000P\000a\000n\000e\000l}{section.2.2}% 15
\BOOKMARK [2][-]{subsection.2.2.12}{\376\377\000M\000a\000t\000c\000h\000e\000s\000-\000P\000a\000n\000e\000l}{section.2.2}% 16
\BOOKMARK [2][-]{subsection.2.2.13}{\376\377\000T\000u\000r\000n\000i\000e\000r\000-\000P\000a\000n\000e\000l}{section.2.2}% 17
\BOOKMARK [2][-]{subsection.2.2.14}{\376\377\000S\000t\000a\000t\000s\000-\000P\000a\000n\000e\000l}{section.2.2}% 18
\BOOKMARK [3][-]{subsubsection*.3}{\376\377\000E\000i\000n\000f\000\374\000h\000r\000u\000n\000g}{subsection.2.2.14}% 19
\BOOKMARK [3][-]{subsubsection*.4}{\376\377\000\326\000f\000f\000n\000e\000n\000\040\000d\000e\000s\000\040\000P\000a\000n\000e\000l\000s}{subsection.2.2.14}% 20
\BOOKMARK [3][-]{subsubsection*.5}{\376\377\000F\000i\000l\000t\000e\000r\000l\000e\000i\000s\000t\000e}{subsection.2.2.14}% 21
\BOOKMARK [4][-]{paragraph*.6}{\376\377\000S\000p\000i\000e\000l\000e\000r\000p\000e\000r\000s\000p\000e\000k\000t\000i\000v\000e}{subsubsection*.5}% 22
\BOOKMARK [4][-]{paragraph*.7}{\376\377\000V\000e\000r\000f\000\374\000g\000b\000a\000r\000e\000\040\000F\000i\000l\000t\000e\000r}{subsubsection*.5}% 23
\BOOKMARK [3][-]{subsubsection*.8}{\376\377\000U\000m\000s\000c\000h\000a\000l\000t\000e\000r\000\040\000P\000R\000\040\000/\000\040\000M\000W\000C}{subsection.2.2.14}% 24
\BOOKMARK [3][-]{subsubsection*.9}{\376\377\000T\000a\000b\000\040\000D\000a\000s\000h\000b\000o\000a\000r\000d}{subsection.2.2.14}% 25
\BOOKMARK [4][-]{paragraph*.10}{\376\377\000N\000i\000v\000e\000a\000u\000-\000K\000a\000r\000t\000e\000n}{subsubsection*.9}% 26
\BOOKMARK [4][-]{paragraph*.11}{\376\377\000G\000l\000e\000i\000t\000e\000n\000d\000e\000r\000\040\000P\000R\000\040\000\374\000b\000e\000r\000\040\000d\000i\000e\000\040\000l\000e\000t\000z\000t\000e\000n\000\040\000N\000\040\000E\000n\000t\000s\000c\000h\000e\000i\000d\000u\000n\000g\000e\000n}{subsubsection*.9}% 27
\BOOKMARK [4][-]{paragraph*.12}{\376\377\000T\000o\000p\000-\000B\000l\000u\000n\000d\000e\000r}{subsubsection*.9}% 28
\BOOKMARK [3][-]{subsubsection*.13}{\376\377\000T\000a\000b\000\040\000P\000r\000o\000g\000r\000e\000s\000s\000i\000o\000n}{subsection.2.2.14}% 29
\BOOKMARK [4][-]{paragraph*.14}{\376\377\000L\000i\000n\000i\000e\000n\000d\000i\000a\000g\000r\000a\000m\000m\000\040\000p\000r\000o\000\040\000T\000u\000r\000n\000i\000e\000r}{subsubsection*.13}% 30
\BOOKMARK [4][-]{paragraph*.15}{\376\377\000S\000t\000r\000e\000u\000d\000i\000a\000g\000r\000a\000m\000m\000\040\000p\000r\000o\000\040\000M\000a\000t\000c\000h}{subsubsection*.13}% 31
\BOOKMARK [3][-]{subsubsection*.16}{\376\377\000T\000a\000b\000\040\000F\000e\000h\000l\000e\000r}{subsection.2.2.14}% 32
\BOOKMARK [4][-]{paragraph*.17}{\376\377\000A\000u\000f\000t\000e\000i\000l\000u\000n\000g\000\040\000n\000a\000c\000h\000\040\000D\000o\000p\000p\000l\000e\000r\000-\000A\000k\000t\000i\000o\000n}{subsubsection*.16}% 33
\BOOKMARK [4][-]{paragraph*.18}{\376\377\000A\000u\000f\000t\000e\000i\000l\000u\000n\000g\000\040\000C\000h\000e\000c\000k\000e\000r\000\040\000/\000\040\000C\000u\000b\000e}{subsubsection*.16}% 34
\BOOKMARK [4][-]{paragraph*.19}{\376\377\000H\000i\000s\000t\000o\000g\000r\000a\000m\000m\000\040\000d\000e\000r\000\040\000F\000e\000h\000l\000e\000r\000g\000r\000\366\000\337\000e\000n}{subsubsection*.16}% 35
\BOOKMARK [3][-]{subsubsection*.20}{\376\377\000A\000g\000g\000r\000e\000g\000a\000t\000i\000o\000n\000s\000r\000e\000g\000e\000l}{subsection.2.2.14}% 36
\BOOKMARK [3][-]{subsubsection*.21}{\376\377\000M\000W\000C\000:\000\040\000E\000i\000n\000s\000c\000h\000r\000\344\000n\000k\000u\000n\000g\000e\000n}{subsection.2.2.14}% 37
\BOOKMARK [2][-]{subsection.2.2.15}{\376\377\000E\000P\000C\000-\000P\000a\000n\000e\000l}{section.2.2}% 38
\BOOKMARK [2][-]{subsection.2.2.16}{\376\377\000A\000n\000k\000i\000-\000P\000a\000n\000e\000l}{section.2.2}% 39
\BOOKMARK [2][-]{subsection.2.2.17}{\376\377\000M\000e\000t\000a\000d\000a\000t\000e\000n\000-\000P\000a\000n\000e\000l}{section.2.2}% 40
\BOOKMARK [2][-]{subsection.2.2.18}{\376\377\000P\000r\000o\000t\000o\000k\000o\000l\000l\000-\000P\000a\000n\000e\000l}{section.2.2}% 41
\BOOKMARK [1][-]{section.2.3}{\376\377\000B\000e\000n\000u\000t\000z\000e\000r\000h\000a\000n\000d\000b\000u\000c\000h}{chapter.2}% 42
\BOOKMARK [2][-]{subsection.2.3.1}{\376\377\000E\000i\000n\000e\000\040\000n\000e\000u\000e\000\040\000D\000a\000t\000e\000n\000b\000a\000n\000k\000\040\000a\000n\000l\000e\000g\000e\000n}{section.2.3}% 43
\BOOKMARK [2][-]{subsection.2.3.2}{\376\377\000E\000i\000n\000e\000\040\000b\000e\000s\000t\000e\000h\000e\000n\000d\000e\000\040\000D\000a\000t\000e\000n\000b\000a\000n\000k\000\040\000\366\000f\000f\000n\000e\000n}{section.2.3}% 44
\BOOKMARK [2][-]{subsection.2.3.3}{\376\377\000E\000i\000n\000e\000\040\000D\000a\000t\000e\000n\000b\000a\000n\000k\000\040\000i\000m\000p\000o\000r\000t\000i\000e\000r\000e\000n\000\040\000u\000n\000d\000\040\000z\000u\000s\000a\000m\000m\000e\000n\000f\000\374\000h\000r\000e\000n}{section.2.3}% 45
\BOOKMARK [2][-]{subsection.2.3.4}{\376\377\000E\000i\000n\000e\000\040\000P\000o\000s\000i\000t\000i\000o\000n\000\040\000b\000e\000a\000r\000b\000e\000i\000t\000e\000n}{section.2.3}% 46
\BOOKMARK [2][-]{subsection.2.3.5}{\376\377\000E\000i\000n\000e\000\040\000P\000o\000s\000i\000t\000i\000o\000n\000\040\000z\000u\000r\000\040\000D\000a\000t\000e\000n\000b\000a\000n\000k\000\040\000h\000i\000n\000z\000u\000f\000\374\000g\000e\000n}{section.2.3}% 47
\BOOKMARK [2][-]{subsection.2.3.6}{\376\377\000E\000i\000n\000e\000\040\000P\000o\000s\000i\000t\000i\000o\000n\000\040\000m\000i\000t\000\040\000e\000i\000n\000e\000m\000\040\000T\000a\000g\000\040\000v\000e\000r\000s\000e\000h\000e\000n}{section.2.3}% 48
\BOOKMARK [2][-]{subsection.2.3.7}{\376\377\000E\000i\000n\000e\000\040\000P\000o\000s\000i\000t\000i\000o\000n\000\040\000l\000\366\000s\000c\000h\000e\000n}{section.2.3}% 49
\BOOKMARK [2][-]{subsection.2.3.8}{\376\377\000E\000i\000n\000e\000\040\000P\000o\000s\000i\000t\000i\000o\000n\000\040\000a\000u\000s\000\040\000X\000G\000\040\000i\000m\000p\000o\000r\000t\000i\000e\000r\000e\000n}{section.2.3}% 50
\BOOKMARK [2][-]{subsection.2.3.9}{\376\377\000E\000i\000n\000\040\000M\000a\000t\000c\000h\000\040\000i\000m\000p\000o\000r\000t\000i\000e\000r\000e\000n}{section.2.3}% 51
\BOOKMARK [2][-]{subsection.2.3.10}{\376\377\000E\000i\000n\000e\000n\000\040\000O\000r\000d\000n\000e\000r\000\040\000m\000i\000t\000\040\000M\000a\000t\000c\000h\000e\000s\000\040\000i\000m\000p\000o\000r\000t\000i\000e\000r\000e\000n}{section.2.3}% 52
\BOOKMARK [2][-]{subsection.2.3.11}{\376\377\000Z\000i\000e\000h\000e\000n\000\040\000u\000n\000d\000\040\000A\000b\000l\000e\000g\000e\000n\000\040\000\050\000D\000r\000a\000g\000\040\000a\000n\000d\000\040\000D\000r\000o\000p\000\051}{section.2.3}% 53
\BOOKMARK [2][-]{subsection.2.3.12}{\376\377\000D\000u\000r\000c\000h\000\040\000e\000i\000n\000\040\000M\000a\000t\000c\000h\000\040\000n\000a\000v\000i\000g\000i\000e\000r\000e\000n}{section.2.3}% 54
\BOOKMARK [2][-]{subsection.2.3.13}{\376\377\000D\000a\000s\000\040\000M\000a\000t\000c\000h\000-\000P\000a\000n\000e\000l\000\040\000v\000e\000r\000w\000a\000l\000t\000e\000n}{section.2.3}% 55
\BOOKMARK [2][-]{subsection.2.3.14}{\376\377\000S\000a\000m\000m\000l\000u\000n\000g\000e\000n\000\040\000v\000e\000r\000w\000a\000l\000t\000e\000n}{section.2.3}% 56
\BOOKMARK [2][-]{subsection.2.3.15}{\376\377\000T\000u\000r\000n\000i\000e\000r\000e\000\040\000v\000e\000r\000w\000a\000l\000t\000e\000n}{section.2.3}% 57
\BOOKMARK [2][-]{subsection.2.3.16}{\376\377\000L\000e\000i\000s\000t\000u\000n\000g\000s\000s\000t\000a\000t\000i\000s\000t\000i\000k\000e\000n\000\040\000a\000n\000z\000e\000i\000g\000e\000n}{section.2.3}% 58
\BOOKMARK [2][-]{subsection.2.3.17}{\376\377\000D\000e\000n\000\040\000E\000P\000C\000\040\000b\000e\000r\000e\000c\000h\000n\000e\000n}{section.2.3}% 59
\BOOKMARK [2][-]{subsection.2.3.18}{\376\377\000D\000i\000e\000\040\000A\000n\000a\000l\000y\000s\000e\000\040\000e\000i\000n\000e\000r\000\040\000a\000u\000s\000\040\000X\000G\000\040\000i\000m\000p\000o\000r\000t\000i\000e\000r\000t\000e\000n\000\040\000P\000o\000s\000i\000t\000i\000o\000n\000\040\000a\000n\000z\000e\000i\000g\000e\000n}{section.2.3}% 60
\BOOKMARK [2][-]{subsection.2.3.19}{\376\377\000E\000i\000n\000e\000\040\000P\000o\000s\000i\000t\000i\000o\000n\000\040\000n\000a\000c\000h\000\040\000X\000G\000\040\000e\000x\000p\000o\000r\000t\000i\000e\000r\000e\000n}{section.2.3}% 61
\BOOKMARK [2][-]{subsection.2.3.20}{\376\377\000D\000i\000e\000\040\000v\000e\000r\000s\000c\000h\000i\000e\000d\000e\000n\000e\000n\000\040\000P\000o\000s\000i\000t\000i\000o\000n\000e\000n\000\040\000a\000n\000z\000e\000i\000g\000e\000n}{section.2.3}% 62
\BOOKMARK [2][-]{subsection.2.3.21}{\376\377\000P\000o\000s\000i\000t\000i\000o\000n\000e\000n\000\040\000n\000a\000c\000h\000\040\000K\000r\000i\000t\000e\000r\000i\000e\000n\000\040\000s\000u\000c\000h\000e\000n}{section.2.3}% 63
\BOOKMARK [1][-]{section.2.4}{\376\377\000L\000i\000s\000t\000e\000\040\000d\000e\000r\000\040\000B\000e\000f\000e\000h\000l\000e}{chapter.2}% 64
\BOOKMARK [2][-]{subsection.2.4.1}{\376\377\000G\000l\000o\000b\000a\000l\000e\000\040\000O\000p\000e\000r\000a\000t\000i\000o\000n\000e\000n}{section.2.4}% 65
\BOOKMARK [2][-]{subsection.2.4.2}{\376\377\000P\000o\000s\000i\000t\000i\000o\000n\000e\000n\000\040\000u\000n\000d\000\040\000N\000a\000v\000i\000g\000a\000t\000i\000o\000n}{section.2.4}% 66
\BOOKMARK [2][-]{subsection.2.4.3}{\376\377\000B\000e\000a\000r\000b\000e\000i\000t\000u\000n\000g\000\040\000u\000n\000d\000\040\000S\000u\000c\000h\000e}{section.2.4}% 67
\BOOKMARK [2][-]{subsection.2.4.4}{\376\377\000S\000u\000c\000h\000f\000i\000l\000t\000e\000r}{section.2.4}% 68
\BOOKMARK [2][-]{subsection.2.4.5}{\376\377\000V\000e\000r\000s\000c\000h\000i\000e\000d\000e\000n\000e\000\040\000B\000e\000f\000e\000h\000l\000e}{section.2.4}% 69
\BOOKMARK [1][-]{section.2.5}{\376\377\000T\000a\000s\000t\000e\000n\000k\000\374\000r\000z\000e\000l}{chapter.2}% 70
\BOOKMARK [2][-]{subsection.2.5.1}{\376\377\000D\000a\000t\000e\000n\000b\000a\000n\000k}{section.2.5}% 71
\BOOKMARK [2][-]{subsection.2.5.2}{\376\377\000P\000o\000s\000i\000t\000i\000o\000n}{section.2.5}% 72
\BOOKMARK [2][-]{subsection.2.5.3}{\376\377\000N\000a\000v\000i\000g\000a\000t\000i\000o\000n}{section.2.5}% 73
\BOOKMARK [2][-]{subsection.2.5.4}{\376\377\000A\000n\000z\000e\000i\000g\000e}{section.2.5}% 74
\BOOKMARK [2][-]{subsection.2.5.5}{\376\377\000A\000k\000t\000i\000o\000n\000e\000n}{section.2.5}% 75
\BOOKMARK [2][-]{subsection.2.5.6}{\376\377\000W\000e\000r\000k\000z\000e\000u\000g\000e}{section.2.5}% 76
\BOOKMARK [2][-]{subsection.2.5.7}{\376\377\000B\000e\000f\000e\000h\000l\000s\000z\000e\000i\000l\000e}{section.2.5}% 77
\BOOKMARK [2][-]{subsection.2.5.8}{\376\377\000S\000u\000c\000h\000v\000e\000r\000l\000a\000u\000f\000-\000F\000e\000n\000s\000t\000e\000r}{section.2.5}% 78
\BOOKMARK [2][-]{subsection.2.5.9}{\376\377\000F\000i\000l\000t\000e\000r\000b\000i\000b\000l\000i\000o\000t\000h\000e\000k\000-\000F\000e\000n\000s\000t\000e\000r}{section.2.5}% 79
\BOOKMARK [2][-]{subsection.2.5.10}{\376\377\000A\000n\000a\000l\000y\000s\000e\000-\000F\000e\000n\000s\000t\000e\000r}{section.2.5}% 80
\BOOKMARK [2][-]{subsection.2.5.11}{\376\377\000M\000a\000t\000c\000h\000-\000F\000e\000n\000s\000t\000e\000r}{section.2.5}% 81
\BOOKMARK [2][-]{subsection.2.5.12}{\376\377\000A\000n\000k\000i\000-\000F\000e\000n\000s\000t\000e\000r\000\040\000\050\000v\000e\000r\000t\000e\000i\000l\000t\000e\000s\000\040\000W\000i\000e\000d\000e\000r\000h\000o\000l\000e\000n\000\051}{section.2.5}% 82
\BOOKMARK [1][-]{section.2.6}{\376\377\000B\000e\000f\000e\000h\000l\000s\000z\000e\000i\000l\000e\000n\000s\000c\000h\000n\000i\000t\000t\000s\000t\000e\000l\000l\000e\000\040\000\050\000C\000L\000I\000\051}{chapter.2}% 83
\BOOKMARK [2][-]{subsection.2.6.1}{\376\377\000E\000i\000n\000f\000\374\000h\000r\000u\000n\000g}{section.2.6}% 84
\BOOKMARK [2][-]{subsection.2.6.2}{\376\377\000A\000l\000l\000g\000e\000m\000e\000i\000n\000e\000\040\000S\000y\000n\000t\000a\000x}{section.2.6}% 85
\BOOKMARK [2][-]{subsection.2.6.3}{\376\377\000V\000e\000r\000f\000\374\000g\000b\000a\000r\000e\000\040\000B\000e\000f\000e\000h\000l\000e}{section.2.6}% 86
\BOOKMARK [2][-]{subsection.2.6.4}{\376\377\000c\000r\000e\000a\000t\000e\000\040\040\024\000\040\000E\000i\000n\000e\000\040\000D\000a\000t\000e\000n\000b\000a\000n\000k\000\040\000e\000r\000s\000t\000e\000l\000l\000e\000n}{section.2.6}% 87
\BOOKMARK [2][-]{subsection.2.6.5}{\376\377\000i\000m\000p\000o\000r\000t\000\040\040\024\000\040\000D\000a\000t\000e\000n\000\040\000i\000m\000p\000o\000r\000t\000i\000e\000r\000e\000n}{section.2.6}% 88
\BOOKMARK [3][-]{subsubsection*.23}{\376\377\000E\000i\000n\000\040\000M\000a\000t\000c\000h\000\040\000i\000m\000p\000o\000r\000t\000i\000e\000r\000e\000n}{subsection.2.6.5}% 89
\BOOKMARK [3][-]{subsubsection*.24}{\376\377\000P\000o\000s\000i\000t\000i\000o\000n\000e\000n\000\040\000i\000m\000p\000o\000r\000t\000i\000e\000r\000e\000n}{subsection.2.6.5}% 90
\BOOKMARK [3][-]{subsubsection*.25}{\376\377\000S\000t\000a\000p\000e\000l\000i\000m\000p\000o\000r\000t}{subsection.2.6.5}% 91
\BOOKMARK [2][-]{subsection.2.6.6}{\376\377\000e\000x\000p\000o\000r\000t\000\040\040\024\000\040\000D\000a\000t\000e\000n\000\040\000e\000x\000p\000o\000r\000t\000i\000e\000r\000e\000n}{section.2.6}% 92
\BOOKMARK [2][-]{subsection.2.6.7}{\376\377\000s\000e\000a\000r\000c\000h\000\040\040\024\000\040\000P\000o\000s\000i\000t\000i\000o\000n\000e\000n\000\040\000s\000u\000c\000h\000e\000n}{section.2.6}% 93
\BOOKMARK [2][-]{subsection.2.6.8}{\376\377\000l\000i\000s\000t\000\040\040\024\000\040\000I\000n\000h\000a\000l\000t\000\040\000a\000u\000f\000l\000i\000s\000t\000e\000n}{section.2.6}% 94
\BOOKMARK [2][-]{subsection.2.6.9}{\376\377\000m\000a\000t\000c\000h\000\040\040\024\000\040\000E\000i\000n\000\040\000M\000a\000t\000c\000h\000\040\000a\000n\000z\000e\000i\000g\000e\000n}{section.2.6}% 95
\BOOKMARK [2][-]{subsection.2.6.10}{\376\377\000i\000n\000f\000o\000\040\040\024\000\040\000D\000a\000t\000e\000n\000b\000a\000n\000k\000-\000M\000e\000t\000a\000d\000a\000t\000e\000n}{section.2.6}% 96
\BOOKMARK [2][-]{subsection.2.6.11}{\376\377\000e\000d\000i\000t\000\040\040\024\000\040\000M\000e\000t\000a\000d\000a\000t\000e\000n\000\040\000\344\000n\000d\000e\000r\000n}{section.2.6}% 97
\BOOKMARK [2][-]{subsection.2.6.12}{\376\377\000v\000e\000r\000i\000f\000y\000\040\040\024\000\040\000I\000n\000t\000e\000g\000r\000i\000t\000\344\000t\000\040\000p\000r\000\374\000f\000e\000n}{section.2.6}% 98
\BOOKMARK [2][-]{subsection.2.6.13}{\376\377\000d\000e\000l\000e\000t\000e\000\040\040\024\000\040\000D\000a\000t\000e\000n\000\040\000l\000\366\000s\000c\000h\000e\000n}{section.2.6}% 99
\BOOKMARK [2][-]{subsection.2.6.14}{\376\377\000W\000o\000r\000k\000f\000l\000o\000w\000-\000B\000e\000i\000s\000p\000i\000e\000l\000e}{section.2.6}% 100
\BOOKMARK [3][-]{subsubsection*.26}{\376\377\000E\000i\000n\000\040\000T\000u\000r\000n\000i\000e\000r\000v\000e\000r\000z\000e\000i\000c\000h\000n\000i\000s\000\040\000i\000m\000p\000o\000r\000t\000i\000e\000r\000e\000n}{subsection.2.6.14}% 101
\BOOKMARK [3][-]{subsubsection*.27}{\376\377\000R\000e\000g\000e\000l\000m\000\344\000\337\000i\000g\000e\000\040\000S\000i\000c\000h\000e\000r\000u\000n\000g}{subsection.2.6.14}% 102
\BOOKMARK [3][-]{subsubsection*.28}{\376\377\000F\000e\000h\000l\000e\000r\000a\000n\000a\000l\000y\000s\000e}{subsection.2.6.14}% 103
\BOOKMARK [2][-]{subsection.2.6.15}{\376\377\000R\000\374\000c\000k\000g\000a\000b\000e\000c\000o\000d\000e\000s}{section.2.6}% 104
\BOOKMARK [1][-]{section.2.7}{\376\377\000H\000\344\000u\000f\000i\000g\000\040\000g\000e\000s\000t\000e\000l\000l\000t\000e\000\040\000F\000r\000a\000g\000e\000n\000\040\000\050\000F\000A\000Q\000\051}{chapter.2}% 105
\BOOKMARK [2][-]{subsection.2.7.1}{\376\377\000W\000o\000z\000u\000\040\000d\000i\000e\000n\000t\000\040\000b\000l\000u\000n\000d\000e\000r\000D\000B\000?}{section.2.7}% 106
\BOOKMARK [2][-]{subsection.2.7.2}{\376\377\000W\000a\000s\000\040\000h\000a\000t\000\040\000d\000i\000e\000\040\000E\000n\000t\000w\000i\000c\000k\000l\000u\000n\000g\000\040\000v\000o\000n\000\040\000b\000l\000u\000n\000d\000e\000r\000D\000B\000\040\000m\000o\000t\000i\000v\000i\000e\000r\000t\000?}{section.2.7}% 107
\BOOKMARK [2][-]{subsection.2.7.3}{\376\377\000W\000i\000e\000\040\000s\000p\000e\000i\000c\000h\000e\000r\000t\000\040\000m\000a\000n\000\040\000d\000e\000n\000\040\000Z\000u\000s\000t\000a\000n\000d\000\040\000d\000e\000r\000\040\000a\000k\000t\000u\000e\000l\000l\000e\000n\000\040\000D\000a\000t\000e\000n\000b\000a\000n\000k\000?}{section.2.7}% 108
\BOOKMARK [2][-]{subsection.2.7.4}{\376\377\000S\000o\000l\000l\000t\000e\000\040\000i\000c\000h\000\040\000f\000\374\000r\000\040\000v\000e\000r\000s\000c\000h\000i\000e\000d\000e\000n\000e\000\040\000K\000a\000t\000e\000g\000o\000r\000i\000e\000n\000\040\000v\000o\000n\000\040\000P\000o\000s\000i\000t\000i\000o\000n\000e\000n\000\040\000u\000n\000t\000e\000r\000s\000c\000h\000i\000e\000d\000l\000i\000c\000h\000e\000\040\000D\000a\000t\000e\000n\000b\000a\000n\000k\000e\000n\000\040\000a\000n\000l\000e\000g\000e\000n\000?}{section.2.7}% 109
\BOOKMARK [2][-]{subsection.2.7.5}{\376\377\000W\000i\000e\000\040\000f\000\374\000h\000r\000t\000\040\000m\000a\000n\000\040\000m\000e\000h\000r\000e\000r\000e\000\040\000D\000a\000t\000e\000n\000b\000a\000n\000k\000e\000n\000\040\000z\000u\000s\000a\000m\000m\000e\000n\000?}{section.2.7}% 110
\BOOKMARK [2][-]{subsection.2.7.6}{\376\377\000W\000e\000l\000c\000h\000e\000\040\000M\000a\000t\000c\000h\000-\000D\000a\000t\000e\000i\000f\000o\000r\000m\000a\000t\000e\000\040\000w\000e\000r\000d\000e\000n\000\040\000u\000n\000t\000e\000r\000s\000t\000\374\000t\000z\000t\000?}{section.2.7}% 111
\BOOKMARK [2][-]{subsection.2.7.7}{\376\377\000W\000a\000s\000\040\000i\000s\000t\000\040\000e\000i\000n\000e\000\040\000S\000a\000m\000m\000l\000u\000n\000g\000?}{section.2.7}% 112
\BOOKMARK [2][-]{subsection.2.7.8}{\376\377\000W\000a\000s\000\040\000i\000s\000t\000\040\000d\000e\000r\000\040\000E\000P\000C\000?}{section.2.7}% 113
\BOOKMARK [2][-]{subsection.2.7.9}{\376\377\000V\000e\000r\000f\000\374\000g\000t\000\040\000b\000l\000u\000n\000d\000e\000r\000D\000B\000\040\000\374\000b\000e\000r\000\040\000e\000i\000n\000e\000\040\000B\000e\000f\000e\000h\000l\000s\000z\000e\000i\000l\000e\000n\000-\000S\000c\000h\000n\000i\000t\000t\000s\000t\000e\000l\000l\000e\000?}{section.2.7}% 114
\BOOKMARK [2][-]{subsection.2.7.10}{\376\377\000D\000a\000r\000f\000\040\000i\000c\000h\000\040\000b\000l\000u\000n\000d\000e\000r\000D\000B\000\040\000v\000e\000r\000\344\000n\000d\000e\000r\000n\000,\000\040\000k\000o\000p\000i\000e\000r\000e\000n\000\040\000u\000n\000d\000\040\000w\000e\000i\000t\000e\000r\000g\000e\000b\000e\000n\000?}{section.2.7}% 115
\BOOKMARK [2][-]{subsection.2.7.11}{\376\377\000W\000e\000l\000c\000h\000e\000s\000\040\000D\000a\000t\000e\000n\000f\000o\000r\000m\000a\000t\000\040\000v\000e\000r\000w\000e\000n\000d\000e\000t\000\040\000b\000l\000u\000n\000d\000e\000r\000D\000B\000?}{section.2.7}% 116
\BOOKMARK [2][-]{subsection.2.7.12}{\376\377\000W\000a\000s\000\040\000w\000a\000r\000e\000n\000\040\000d\000i\000e\000\040\000E\000n\000t\000w\000u\000r\000f\000s\000p\000r\000i\000n\000z\000i\000p\000i\000e\000n\000\040\000v\000o\000n\000\040\000b\000l\000u\000n\000d\000e\000r\000D\000B\000?}{section.2.7}% 117
\BOOKMARK [2][-]{subsection.2.7.13}{\376\377\000W\000i\000e\000\040\000i\000s\000t\000\040\000d\000i\000e\000\040\000S\000o\000f\000t\000w\000a\000r\000e\000a\000r\000c\000h\000i\000t\000e\000k\000t\000u\000r\000\040\000v\000o\000n\000\040\000b\000l\000u\000n\000d\000e\000r\000D\000B\000\040\000a\000u\000f\000g\000e\000b\000a\000u\000t\000?}{section.2.7}% 118
\BOOKMARK [2][-]{subsection.2.7.14}{\376\377\000A\000u\000f\000\040\000w\000e\000l\000c\000h\000e\000n\000\040\000P\000l\000a\000t\000t\000f\000o\000r\000m\000e\000n\000\040\000l\000\344\000u\000f\000t\000\040\000b\000l\000u\000n\000d\000e\000r\000D\000B\000?}{section.2.7}% 119
\BOOKMARK [2][-]{subsection.2.7.15}{\376\377\000W\000o\000h\000e\000r\000\040\000s\000t\000a\000m\000m\000t\000\040\000d\000a\000s\000\040\000S\000y\000m\000b\000o\000l\000\040\000v\000o\000n\000\040\000b\000l\000u\000n\000d\000e\000r\000D\000B\000?}{section.2.7}% 120
\BOOKMARK [1][-]{section.2.8}{\376\377\000H\000e\000a\000d\000l\000e\000s\000s\000-\000M\000o\000d\000u\000s\000\040\000\050\000S\000e\000r\000v\000e\000r\000\051}{chapter.2}% 121
\BOOKMARK [2][-]{subsection.2.8.1}{\376\377\000\334\000b\000e\000r\000b\000l\000i\000c\000k}{section.2.8}% 122
\BOOKMARK [2][-]{subsection.2.8.2}{\376\377\000D\000e\000r\000\040\000D\000a\000e\000m\000o\000n\000\040\000s\000e\000r\000v\000e}{section.2.8}% 123
\BOOKMARK [3][-]{subsubsection*.29}{\376\377\000E\000n\000d\000p\000u\000n\000k\000t\000e}{subsection.2.8.2}% 124
\BOOKMARK [2][-]{subsection.2.8.3}{\376\377\000P\000o\000s\000t\000g\000r\000e\000S\000Q\000L\000-\000B\000a\000c\000k\000e\000n\000d\000\040\000u\000n\000d\000\040\000M\000e\000h\000r\000b\000e\000n\000u\000t\000z\000e\000r\000b\000e\000t\000r\000i\000e\000b}{section.2.8}% 125
\BOOKMARK [2][-]{subsection.2.8.4}{\376\377\000E\000i\000n\000e\000\040\000S\000Q\000L\000i\000t\000e\000-\000D\000a\000t\000e\000n\000b\000a\000n\000k\000\040\000n\000a\000c\000h\000\040\000P\000o\000s\000t\000g\000r\000e\000S\000Q\000L\000\040\000m\000i\000g\000r\000i\000e\000r\000e\000n}{section.2.8}% 126
\BOOKMARK [2][-]{subsection.2.8.5}{\376\377\000D\000e\000r\000\040\000g\000e\000n\000e\000r\000i\000s\000c\000h\000e\000\040\000D\000i\000s\000p\000a\000t\000c\000h\000e\000r\000\040\000c\000a\000l\000l}{section.2.8}% 127
\BOOKMARK [1][-]{section.2.9}{\376\377\000A\000n\000h\000a\000n\000g\000:\000\040\000F\000o\000r\000t\000g\000e\000s\000c\000h\000r\000i\000t\000t\000e\000n\000e\000\040\000N\000u\000t\000z\000u\000n\000g\000\040\000d\000e\000r\000\040\000F\000i\000l\000t\000e\000r}{chapter.2}% 128
\BOOKMARK [2][-]{subsection.2.9.1}{\376\377\000P\000o\000s\000i\000t\000i\000o\000n\000s\000s\000u\000c\000h\000e\000\040\000\374\000b\000e\000r\000\040\000d\000i\000e\000\040\000B\000e\000f\000e\000h\000l\000s\000z\000e\000i\000l\000e}{section.2.9}% 129
\BOOKMARK [2][-]{subsection.2.9.2}{\376\377\000S\000u\000c\000h\000e\000\040\000i\000n\000\040\000d\000e\000n\000\040\000a\000k\000t\000u\000e\000l\000l\000e\000n\000\040\000E\000r\000g\000e\000b\000n\000i\000s\000s\000e\000n}{section.2.9}% 130
\BOOKMARK [2][-]{subsection.2.9.3}{\376\377\000F\000i\000l\000t\000e\000r\000b\000i\000b\000l\000i\000o\000t\000h\000e\000k}{section.2.9}% 131
\BOOKMARK [2][-]{subsection.2.9.4}{\376\377\000B\000e\000i\000s\000p\000i\000e\000l\000e}{section.2.9}% 132
\BOOKMARK [1][-]{section.2.10}{\376\377\000W\000i\000n\000d\000o\000w\000s\000-\000A\000n\000h\000a\000n\000g\000:\000\040\000F\000\344\000l\000s\000c\000h\000l\000i\000c\000h\000e\000\040\000E\000r\000k\000e\000n\000n\000u\000n\000g\000\040\000v\000o\000n\000\040\000b\000l\000u\000n\000d\000e\000r\000D\000B\000\040\000a\000l\000s\000\040\000S\000c\000h\000a\000d\000s\000o\000f\000t\000w\000a\000r\000e}{chapter.2}% 133
\BOOKMARK [2][-]{subsection.2.10.1}{\376\377\000W\000i\000n\000d\000o\000w\000s\000-\000S\000m\000a\000r\000t\000S\000c\000r\000e\000e\000n\000-\000W\000a\000r\000n\000u\000n\000g}{section.2.10}% 134
\BOOKMARK [2][-]{subsection.2.10.2}{\376\377\000B\000l\000o\000c\000k\000i\000e\000r\000u\000n\000g\000\040\000d\000u\000r\000c\000h\000\040\000W\000i\000n\000d\000o\000w\000s\000\040\000D\000e\000f\000e\000n\000d\000e\000r}{section.2.10}% 135
\BOOKMARK [1][-]{section.2.11}{\376\377\000M\000a\000c\000-\000A\000n\000h\000a\000n\000g\000:\000\040\000M\000\366\000g\000l\000i\000c\000h\000e\000\040\000B\000l\000o\000c\000k\000i\000e\000r\000u\000n\000g\000\040\000v\000o\000n\000\040\000b\000l\000u\000n\000d\000e\000r\000D\000B}{chapter.2}% 136
\BOOKMARK [2][-]{subsection.2.11.1}{\376\377\000I\000n\000s\000t\000a\000l\000l\000a\000t\000i\000o\000n\000\040\000v\000o\000n\000\040\000b\000l\000u\000n\000d\000e\000r\000D\000B}{section.2.11}% 137
\BOOKMARK [2][-]{subsection.2.11.2}{\376\377\000E\000r\000l\000a\000u\000b\000e\000n\000\040\000d\000e\000r\000\040\000A\000u\000s\000f\000\374\000h\000r\000u\000n\000g\000\040\000v\000o\000n\000\040\000b\000l\000u\000n\000d\000e\000r\000D\000B}{section.2.11}% 138
\BOOKMARK [1][-]{section.2.12}{\376\377\000A\000n\000h\000a\000n\000g\000:\000\040\000D\000a\000t\000e\000n\000b\000a\000n\000k\000s\000c\000h\000e\000m\000a}{chapter.2}% 139
\BOOKMARK [2][-]{subsection.2.12.1}{\376\377\000V\000e\000r\000s\000i\000o\000n\000\040\0001\000.\0000\000.\0000}{section.2.12}% 140
\BOOKMARK [2][-]{subsection.2.12.2}{\376\377\000V\000e\000r\000s\000i\000o\000n\000\040\0001\000.\0001\000.\0000}{section.2.12}% 141
\BOOKMARK [2][-]{subsection.2.12.3}{\376\377\000V\000e\000r\000s\000i\000o\000n\000\040\0001\000.\0002\000.\0000}{section.2.12}% 142
\BOOKMARK [2][-]{subsection.2.12.4}{\376\377\000V\000e\000r\000s\000i\000o\000n\000\040\0001\000.\0003\000.\0000}{section.2.12}% 143
\BOOKMARK [2][-]{subsection.2.12.5}{\376\377\000V\000e\000r\000s\000i\000o\000n\000\040\0001\000.\0004\000.\0000}{section.2.12}% 144
\BOOKMARK [2][-]{subsection.2.12.6}{\376\377\000V\000e\000r\000s\000i\000o\000n\000\040\0001\000.\0005\000.\0000}{section.2.12}% 145
\BOOKMARK [2][-]{subsection.2.12.7}{\376\377\000V\000e\000r\000s\000i\000o\000n\000\040\0001\000.\0006\000.\0000}{section.2.12}% 146
\BOOKMARK [2][-]{subsection.2.12.8}{\376\377\000V\000e\000r\000s\000i\000o\000n\000\040\0001\000.\0007\000.\0000}{section.2.12}% 147
\BOOKMARK [1][-]{section.2.13}{\376\377\000A\000n\000h\000a\000n\000g\000:\000\040\000S\000t\000a\000t\000i\000s\000t\000i\000k\000m\000o\000d\000e\000l\000l\000\040\040\024\000\040\000A\000b\000g\000l\000e\000i\000c\000h\000\040\000X\000G\000\040\000/\000\040\000g\000n\000u\000B\000G\000\040\000/\000\040\000b\000l\000u\000n\000d\000e\000r\000D\000B}{chapter.2}% 148
\BOOKMARK [2][-]{subsection.2.13.1}{\376\377\000F\000o\000r\000m\000a\000l\000e\000\040\000D\000e\000f\000i\000n\000i\000t\000i\000o\000n\000e\000n}{section.2.13}% 149
\BOOKMARK [3][-]{subsubsection*.43}{\376\377\000P\000R\000\040\000\050\000P\000e\000r\000f\000o\000r\000m\000a\000n\000c\000e\000\040\000R\000a\000t\000e\000\051}{subsection.2.13.1}% 150
\BOOKMARK [3][-]{subsubsection*.44}{\376\377\000S\000n\000o\000w\000i\000e\000\040\000E\000r\000r\000o\000r\000\040\000R\000a\000t\000e}{subsection.2.13.1}% 151
\BOOKMARK [3][-]{subsubsection*.45}{\376\377\000M\000W\000C\000-\000V\000e\000r\000l\000u\000s\000t\000\040\000\050\000M\000a\000t\000c\000h\000\040\000W\000i\000n\000n\000i\000n\000g\000\040\000C\000h\000a\000n\000c\000e\000\051}{subsection.2.13.1}% 152
\BOOKMARK [2][-]{subsection.2.13.2}{\376\377\000I\000m\000\040\000P\000R\000-\000N\000e\000n\000n\000e\000r\000\040\000g\000e\000z\000\344\000h\000l\000t\000e\000\040\000E\000n\000t\000s\000c\000h\000e\000i\000d\000u\000n\000g\000e\000n}{section.2.13}% 153
\BOOKMARK [3][-]{subsubsection*.46}{\376\377\000S\000t\000e\000i\000n\000z\000\374\000g\000e\000\040\040\024\000\040\000g\000e\000z\000\344\000h\000l\000t\000e\000\040\000E\000n\000t\000s\000c\000h\000e\000i\000d\000u\000n\000g\000e\000n}{subsection.2.13.2}% 154
\BOOKMARK [3][-]{subsubsection*.47}{\376\377\000C\000u\000b\000e\000-\000E\000n\000t\000s\000c\000h\000e\000i\000d\000u\000n\000g\000e\000n\000\040\040\024\000\040\000g\000e\000z\000\344\000h\000l\000t\000e\000\040\000E\000n\000t\000s\000c\000h\000e\000i\000d\000u\000n\000g\000e\000n}{subsection.2.13.2}% 155
\BOOKMARK [3][-]{subsubsection*.48}{\376\377\000Z\000u\000s\000a\000m\000m\000e\000n\000f\000a\000s\000s\000u\000n\000g\000\040\000d\000e\000s\000\040\000F\000i\000l\000t\000e\000r\000s}{subsection.2.13.2}% 156
\BOOKMARK [2][-]{subsection.2.13.3}{\376\377\000\334\000b\000e\000r\000e\000i\000n\000s\000t\000i\000m\000m\000u\000n\000g\000\040\000b\000l\000u\000n\000d\000e\000r\000D\000B\000\040\041\224\000\040\000X\000G\000\040\041\224\000\040\000g\000n\000u\000B\000G}{section.2.13}% 157
\BOOKMARK [3][-]{subsubsection*.49}{\376\377\000V\000e\000r\000g\000l\000e\000i\000c\000h\000\040\000X\000G\000\040\041\224\000\040\000b\000l\000u\000n\000d\000e\000r\000D\000B\000\040\000\050\000g\000l\000e\000i\000c\000h\000e\000\040\000A\000n\000a\000l\000y\000s\000e\000-\000E\000n\000g\000i\000n\000e\000\051}{subsection.2.13.3}% 158
\BOOKMARK [3][-]{subsubsection*.50}{\376\377\000V\000e\000r\000g\000l\000e\000i\000c\000h\000\040\000g\000n\000u\000B\000G\000\040\041\224\000\040\000b\000l\000u\000n\000d\000e\000r\000D\000B\000\040\000\050\000S\000G\000F\000-\000I\000m\000p\000o\000r\000t\000\040\040\024\000\040\000u\000n\000t\000e\000r\000s\000c\000h\000i\000e\000d\000l\000i\000c\000h\000e\000\040\000E\000n\000g\000i\000n\000e\000s\000\051}{subsection.2.13.3}% 159
\BOOKMARK [2][-]{subsection.2.13.4}{\376\377\000E\000i\000g\000e\000n\000e\000\040\000Z\000a\000h\000l\000e\000n\000\040\000\374\000b\000e\000r\000p\000r\000\374\000f\000e\000n}{section.2.13}% 160
\BOOKMARK [2][-]{subsection.2.13.5}{\376\377\000g\000n\000u\000B\000G\000-\000R\000e\000f\000e\000r\000e\000n\000z}{section.2.13}% 161
\BOOKMARK [0][-]{chapter.3}{\376\377\000K\000o\000n\000t\000a\000k\000t}{}% 162
\BOOKMARK [0][-]{chapter.4}{\376\377\000S\000p\000e\000n\000d\000e\000n}{}% 163
\BOOKMARK [0][-]{chapter.5}{\376\377\000D\000a\000n\000k\000s\000a\000g\000u\000n\000g\000e\000n}{}% 164
