%このファイルは日本語文字を含みます.
\BOOKMARK [0][-]{chapter.1}{\376\377\060\320\060\374\060\270\060\347\060\363\134\145\153\164}{}% 1
\BOOKMARK [0][-]{chapter.2}{\376\377\166\356\153\041}{}% 2
\BOOKMARK [1][-]{section.2.1}{\376\377\060\300\060\246\060\363\060\355\060\374\060\311\060\150\060\244\060\363\060\271\060\310\060\374\060\353}{chapter.2}% 3
\BOOKMARK [2][-]{subsection.2.1.1}{\376\377\000L\000i\000n\000u\000x\000\040\060\170\060\156\060\244\060\363\060\271\060\310\060\374\060\353}{section.2.1}% 4
\BOOKMARK [3][-]{subsubsection*.3}{\376\377\060\315\060\244\060\306\060\243\060\326\060\321\060\303\060\261\060\374\060\270\000\040\000\050\000.\000d\000e\000b\000\040\000/\000\040\000.\000r\000p\000m\000\051}{subsection.2.1.1}% 5
\BOOKMARK [3][-]{subsubsection*.4}{\376\377\000A\000r\000c\000h\000\040\000L\000i\000n\000u\000x\000\040\000\050\000A\000U\000R\000\051}{subsection.2.1.1}% 6
\BOOKMARK [3][-]{subsubsection*.5}{\376\377\000.\000t\000a\000r\000.\000g\000z\000\040\060\242\060\374\060\253\060\244\060\326}{subsection.2.1.1}% 7
\BOOKMARK [3][-]{subsubsection*.6}{\376\377\165\037\060\156\060\320\060\244\060\312\060\352\000\040\000\050\116\012\175\032\200\005\124\021\060\121\060\156\145\271\154\325\000\051}{subsection.2.1.1}% 8
\BOOKMARK [2][-]{subsection.2.1.2}{\376\377\000W\000i\000n\000d\000o\000w\000s\000\040\060\150\000\040\000M\000a\000c\000\040\060\153\225\242\060\131\060\213\213\146\124\112}{section.2.1}% 9
\BOOKMARK [1][-]{section.2.2}{\376\377\060\336\060\313\060\345\060\242\060\353}{chapter.2}% 10
\BOOKMARK [2][-]{subsection.2.2.1}{\376\377\060\157\060\130\060\201\060\153}{section.2.2}% 11
\BOOKMARK [2][-]{subsection.2.2.2}{\376\377\116\073\060\152\144\315\117\134}{section.2.2}% 12
\BOOKMARK [2][-]{subsection.2.2.3}{\376\377\060\244\060\363\060\277\060\374\060\325\060\247\060\374\060\271\060\156\212\254\146\016}{section.2.2}% 13
\BOOKMARK [2][-]{subsection.2.2.4}{\376\377\212\055\133\232}{section.2.2}% 14
\BOOKMARK [2][-]{subsection.2.2.5}{\376\377\060\254\060\244\060\311\060\304\060\242\060\374\060\150\060\265\060\363\060\327\060\353\060\307\060\374\060\277\060\331\060\374\060\271}{section.2.2}% 15
\BOOKMARK [2][-]{subsection.2.2.6}{\376\377\060\335\060\270\060\267\060\347\060\363\060\156\060\312\060\323\060\262\060\374\060\267\060\347\060\363}{section.2.2}% 16
\BOOKMARK [2][-]{subsection.2.2.7}{\376\377\060\335\060\270\060\267\060\347\060\363\060\156\175\350\226\306}{section.2.2}% 17
\BOOKMARK [2][-]{subsection.2.2.8}{\376\377\060\263\060\336\060\363\060\311\060\351\060\244\060\363}{section.2.2}% 18
\BOOKMARK [2][-]{subsection.2.2.9}{\376\377\122\006\147\220\060\321\060\315\060\353}{section.2.2}% 19
\BOOKMARK [2][-]{subsection.2.2.10}{\376\377\060\263\060\341\060\363\060\310\060\321\060\315\060\353}{section.2.2}% 20
\BOOKMARK [2][-]{subsection.2.2.11}{\376\377\151\034\175\042\060\321\060\315\060\353}{section.2.2}% 21
\BOOKMARK [2][-]{subsection.2.2.12}{\376\377\060\263\060\354\060\257\060\267\060\347\060\363\060\321\060\315\060\353}{section.2.2}% 22
\BOOKMARK [2][-]{subsection.2.2.13}{\376\377\060\336\060\303\060\301\060\321\060\315\060\353}{section.2.2}% 23
\BOOKMARK [2][-]{subsection.2.2.14}{\376\377\060\310\060\374\060\312\060\341\060\363\060\310\060\321\060\315\060\353}{section.2.2}% 24
\BOOKMARK [2][-]{subsection.2.2.15}{\376\377\000S\000t\000a\000t\000s\000\040\060\321\060\315\060\353}{section.2.2}% 25
\BOOKMARK [3][-]{subsubsection*.7}{\376\377\060\157\060\130\060\201\060\153}{subsection.2.2.15}% 26
\BOOKMARK [3][-]{subsubsection*.8}{\376\377\060\321\060\315\060\353\060\222\225\213\060\117}{subsection.2.2.15}% 27
\BOOKMARK [3][-]{subsubsection*.9}{\376\377\060\325\060\243\060\353\060\277\060\374\060\320\060\374}{subsection.2.2.15}% 28
\BOOKMARK [4][-]{paragraph*.10}{\376\377\060\327\060\354\060\244\060\344\060\374\060\156\211\226\160\271}{subsubsection*.9}% 29
\BOOKMARK [4][-]{paragraph*.11}{\376\377\122\051\165\050\123\357\200\375\060\152\060\325\060\243\060\353\060\277\060\374}{subsubsection*.9}% 30
\BOOKMARK [3][-]{subsubsection*.12}{\376\377\000P\000R\000\040\000/\000\040\000M\000W\000C\000\040\060\156\122\007\060\212\146\377\060\110}{subsection.2.2.15}% 31
\BOOKMARK [3][-]{subsubsection*.13}{\376\377\000D\000a\000s\000h\000b\000o\000a\000r\000d\000\040\060\277\060\326}{subsection.2.2.15}% 32
\BOOKMARK [4][-]{paragraph*.14}{\376\377\060\354\060\331\060\353\060\253\060\374\060\311}{subsubsection*.13}% 33
\BOOKMARK [4][-]{paragraph*.15}{\376\377\166\364\217\321\000\040\000N\000\040\126\336\060\156\122\044\145\255\060\153\060\217\060\137\060\213\171\373\122\325\000\040\000P\000R}{subsubsection*.13}% 34
\BOOKMARK [4][-]{paragraph*.16}{\376\377\000T\000o\000p\000\040\000b\000l\000u\000n\000d\000e\000r\000s}{subsubsection*.13}% 35
\BOOKMARK [3][-]{subsubsection*.17}{\376\377\000P\000r\000o\000g\000r\000e\000s\000s\000i\000o\000n\000\040\060\277\060\326}{subsection.2.2.15}% 36
\BOOKMARK [4][-]{paragraph*.18}{\376\377\060\310\060\374\060\312\060\341\060\363\060\310\060\124\060\150\060\156\146\362\175\332}{subsubsection*.17}% 37
\BOOKMARK [4][-]{paragraph*.19}{\376\377\060\336\060\303\060\301\060\124\060\150\060\156\145\143\136\003\126\363}{subsubsection*.17}% 38
\BOOKMARK [3][-]{subsubsection*.20}{\376\377\000E\000r\000r\000e\000u\000r\000s\000\040\060\277\060\326}{subsection.2.2.15}% 39
\BOOKMARK [4][-]{paragraph*.21}{\376\377\060\255\060\345\060\374\060\326\060\156\060\242\060\257\060\267\060\347\060\363\060\124\060\150\060\156\121\205\212\063}{subsubsection*.20}% 40
\BOOKMARK [4][-]{paragraph*.22}{\376\377\000C\000h\000e\000c\000k\000e\000r\000\040\000/\000\040\000C\000u\000b\000e\000\040\060\156\121\205\212\063}{subsubsection*.20}% 41
\BOOKMARK [4][-]{paragraph*.23}{\376\377\060\250\060\351\060\374\060\156\131\047\060\115\060\125\060\156\060\322\060\271\060\310\060\260\060\351\060\340}{subsubsection*.20}% 42
\BOOKMARK [3][-]{subsubsection*.24}{\376\377\226\306\212\010\060\353\060\374\060\353}{subsection.2.2.15}% 43
\BOOKMARK [3][-]{subsubsection*.25}{\376\377\000M\000W\000C\377\032\122\066\226\120\116\213\230\005}{subsection.2.2.15}% 44
\BOOKMARK [2][-]{subsection.2.2.16}{\376\377\000E\000P\000C\000\040\060\321\060\315\060\353}{section.2.2}% 45
\BOOKMARK [2][-]{subsection.2.2.17}{\376\377\000A\000n\000k\000i\000\040\060\321\060\315\060\353}{section.2.2}% 46
\BOOKMARK [2][-]{subsection.2.2.18}{\376\377\060\341\060\277\060\307\060\374\060\277\060\321\060\315\060\353}{section.2.2}% 47
\BOOKMARK [2][-]{subsection.2.2.19}{\376\377\060\355\060\260\060\321\060\315\060\353}{section.2.2}% 48
\BOOKMARK [1][-]{section.2.3}{\376\377\060\346\060\374\060\266\060\374\060\254\060\244\060\311}{chapter.2}% 49
\BOOKMARK [2][-]{subsection.2.3.1}{\376\377\145\260\060\127\060\104\060\307\060\374\060\277\060\331\060\374\060\271\060\222\117\134\142\020\060\131\060\213}{section.2.3}% 50
\BOOKMARK [2][-]{subsection.2.3.2}{\376\377\145\342\133\130\060\156\060\307\060\374\060\277\060\331\060\374\060\271\060\222\225\213\060\117}{section.2.3}% 51
\BOOKMARK [2][-]{subsection.2.3.3}{\376\377\060\307\060\374\060\277\060\331\060\374\060\271\060\222\060\244\060\363\060\335\060\374\060\310\060\127\060\146\175\161\124\010\060\131\060\213}{section.2.3}% 52
\BOOKMARK [2][-]{subsection.2.3.4}{\376\377\060\335\060\270\060\267\060\347\060\363\060\222\175\350\226\306\060\131\060\213}{section.2.3}% 53
\BOOKMARK [2][-]{subsection.2.3.5}{\376\377\060\335\060\270\060\267\060\347\060\363\060\222\060\307\060\374\060\277\060\331\060\374\060\271\060\153\217\375\122\240\060\131\060\213}{section.2.3}% 54
\BOOKMARK [2][-]{subsection.2.3.6}{\376\377\060\335\060\270\060\267\060\347\060\363\060\153\060\277\060\260\060\222\116\330\060\121\060\213}{section.2.3}% 55
\BOOKMARK [2][-]{subsection.2.3.7}{\376\377\060\335\060\270\060\267\060\347\060\363\060\222\122\112\226\144\060\131\060\213}{section.2.3}% 56
\BOOKMARK [2][-]{subsection.2.3.8}{\376\377\000X\000G\000\040\060\113\060\211\060\335\060\270\060\267\060\347\060\363\060\222\060\244\060\363\060\335\060\374\060\310\060\131\060\213}{section.2.3}% 57
\BOOKMARK [2][-]{subsection.2.3.9}{\376\377\060\336\060\303\060\301\060\222\060\244\060\363\060\335\060\374\060\310\060\131\060\213}{section.2.3}% 58
\BOOKMARK [2][-]{subsection.2.3.10}{\376\377\060\336\060\303\060\301\060\156\060\325\060\251\060\353\060\300\060\222\060\244\060\363\060\335\060\374\060\310\060\131\060\213}{section.2.3}% 59
\BOOKMARK [2][-]{subsection.2.3.11}{\376\377\060\311\060\351\060\303\060\260\377\006\060\311\060\355\060\303\060\327}{section.2.3}% 60
\BOOKMARK [2][-]{subsection.2.3.12}{\376\377\060\336\060\303\060\301\121\205\060\222\171\373\122\325\060\131\060\213}{section.2.3}% 61
\BOOKMARK [2][-]{subsection.2.3.13}{\376\377\060\336\060\303\060\301\060\321\060\315\060\353\060\222\173\241\164\006\060\131\060\213}{section.2.3}% 62
\BOOKMARK [2][-]{subsection.2.3.14}{\376\377\060\263\060\354\060\257\060\267\060\347\060\363\060\222\173\241\164\006\060\131\060\213}{section.2.3}% 63
\BOOKMARK [2][-]{subsection.2.3.15}{\376\377\060\310\060\374\060\312\060\341\060\363\060\310\060\222\173\241\164\006\060\131\060\213}{section.2.3}% 64
\BOOKMARK [2][-]{subsection.2.3.16}{\376\377\060\321\060\325\060\251\060\374\060\336\060\363\060\271\175\161\212\010\060\222\210\150\171\072\060\131\060\213}{section.2.3}% 65
\BOOKMARK [2][-]{subsection.2.3.17}{\376\377\000E\000P\000C\060\222\212\010\173\227\060\131\060\213}{section.2.3}% 66
\BOOKMARK [2][-]{subsection.2.3.18}{\376\377\000X\000G\060\113\060\211\060\244\060\363\060\335\060\374\060\310\060\127\060\137\060\335\060\270\060\267\060\347\060\363\060\156\122\006\147\220\060\222\210\150\171\072\060\131\060\213}{section.2.3}% 67
\BOOKMARK [2][-]{subsection.2.3.19}{\376\377\000X\000G\060\153\060\335\060\270\060\267\060\347\060\363\060\222\060\250\060\257\060\271\060\335\060\374\060\310\060\131\060\213}{section.2.3}% 68
\BOOKMARK [2][-]{subsection.2.3.20}{\376\377\151\330\060\005\060\152\060\335\060\270\060\267\060\347\060\363\060\222\210\150\171\072\060\131\060\213}{section.2.3}% 69
\BOOKMARK [2][-]{subsection.2.3.21}{\376\377\147\141\116\366\060\153\127\372\060\145\060\104\060\146\060\335\060\270\060\267\060\347\060\363\060\222\151\034\175\042\060\131\060\213}{section.2.3}% 70
\BOOKMARK [1][-]{section.2.4}{\376\377\060\263\060\336\060\363\060\311\116\000\211\247}{chapter.2}% 71
\BOOKMARK [2][-]{subsection.2.4.1}{\376\377\121\150\117\123\144\315\117\134}{section.2.4}% 72
\BOOKMARK [2][-]{subsection.2.4.2}{\376\377\134\100\227\142\060\150\060\312\060\323\060\262\060\374\060\267\060\347\060\363}{section.2.4}% 73
\BOOKMARK [2][-]{subsection.2.4.3}{\376\377\175\350\226\306\060\150\151\034\175\042}{section.2.4}% 74
\BOOKMARK [2][-]{subsection.2.4.4}{\376\377\151\034\175\042\060\325\060\243\060\353\060\277}{section.2.4}% 75
\BOOKMARK [2][-]{subsection.2.4.5}{\376\377\060\135\060\156\116\326\060\156\060\263\060\336\060\363\060\311}{section.2.4}% 76
\BOOKMARK [1][-]{section.2.5}{\376\377\060\255\060\374\060\334\060\374\060\311\060\267\060\347\060\374\060\310\060\253\060\303\060\310}{chapter.2}% 77
\BOOKMARK [2][-]{subsection.2.5.1}{\376\377\060\307\060\374\060\277\060\331\060\374\060\271}{section.2.5}% 78
\BOOKMARK [2][-]{subsection.2.5.2}{\376\377\060\335\060\270\060\267\060\347\060\363}{section.2.5}% 79
\BOOKMARK [2][-]{subsection.2.5.3}{\376\377\060\312\060\323\060\262\060\374\060\267\060\347\060\363}{section.2.5}% 80
\BOOKMARK [2][-]{subsection.2.5.4}{\376\377\210\150\171\072}{section.2.5}% 81
\BOOKMARK [2][-]{subsection.2.5.5}{\376\377\060\242\060\257\060\267\060\347\060\363}{section.2.5}% 82
\BOOKMARK [2][-]{subsection.2.5.6}{\376\377\060\304\060\374\060\353}{section.2.5}% 83
\BOOKMARK [2][-]{subsection.2.5.7}{\376\377\060\263\060\336\060\363\060\311\060\351\060\244\060\363}{section.2.5}% 84
\BOOKMARK [2][-]{subsection.2.5.8}{\376\377\151\034\175\042\134\145\153\164\060\321\060\315\060\353}{section.2.5}% 85
\BOOKMARK [2][-]{subsection.2.5.9}{\376\377\060\325\060\243\060\353\060\277\060\374\060\351\060\244\060\326\060\351\060\352\060\321\060\315\060\353}{section.2.5}% 86
\BOOKMARK [2][-]{subsection.2.5.10}{\376\377\122\006\147\220\060\321\060\315\060\353}{section.2.5}% 87
\BOOKMARK [2][-]{subsection.2.5.11}{\376\377\060\336\060\303\060\301\060\321\060\315\060\353}{section.2.5}% 88
\BOOKMARK [2][-]{subsection.2.5.12}{\376\377\000A\000n\000k\000i\060\321\060\315\060\353\377\010\225\223\226\224\123\315\137\251\377\011}{section.2.5}% 89
\BOOKMARK [1][-]{section.2.6}{\376\377\060\263\060\336\060\363\060\311\060\351\060\244\060\363\060\244\060\363\060\277\060\374\060\325\060\247\060\374\060\271\377\010\000C\000L\000I\377\011}{chapter.2}% 90
\BOOKMARK [2][-]{subsection.2.6.1}{\376\377\060\157\060\130\060\201\060\153}{section.2.6}% 91
\BOOKMARK [2][-]{subsection.2.6.2}{\376\377\116\000\202\054\166\204\060\152\151\313\145\207}{section.2.6}% 92
\BOOKMARK [2][-]{subsection.2.6.3}{\376\377\122\051\165\050\123\357\200\375\060\152\060\263\060\336\060\363\060\311}{section.2.6}% 93
\BOOKMARK [2][-]{subsection.2.6.4}{\376\377\000c\000r\000e\000a\000t\000e\000\040\040\024\000\040\060\307\060\374\060\277\060\331\060\374\060\271\060\222\117\134\142\020\060\131\060\213}{section.2.6}% 94
\BOOKMARK [2][-]{subsection.2.6.5}{\376\377\000i\000m\000p\000o\000r\000t\000\040\040\024\000\040\060\307\060\374\060\277\060\222\060\244\060\363\060\335\060\374\060\310\060\131\060\213}{section.2.6}% 95
\BOOKMARK [3][-]{subsubsection*.27}{\376\377\060\336\060\303\060\301\060\156\060\244\060\363\060\335\060\374\060\310}{subsection.2.6.5}% 96
\BOOKMARK [3][-]{subsubsection*.28}{\376\377\060\335\060\270\060\267\060\347\060\363\060\156\060\244\060\363\060\335\060\374\060\310}{subsection.2.6.5}% 97
\BOOKMARK [3][-]{subsubsection*.29}{\376\377\116\000\142\354\060\244\060\363\060\335\060\374\060\310}{subsection.2.6.5}% 98
\BOOKMARK [2][-]{subsection.2.6.6}{\376\377\000e\000x\000p\000o\000r\000t\000\040\040\024\000\040\060\307\060\374\060\277\060\222\060\250\060\257\060\271\060\335\060\374\060\310\060\131\060\213}{section.2.6}% 99
\BOOKMARK [2][-]{subsection.2.6.7}{\376\377\000s\000e\000a\000r\000c\000h\000\040\040\024\000\040\060\335\060\270\060\267\060\347\060\363\060\222\151\034\175\042\060\131\060\213}{section.2.6}% 100
\BOOKMARK [2][-]{subsection.2.6.8}{\376\377\000l\000i\000s\000t\000\040\040\024\000\040\121\205\133\271\060\222\116\000\211\247\210\150\171\072\060\131\060\213}{section.2.6}% 101
\BOOKMARK [2][-]{subsection.2.6.9}{\376\377\000m\000a\000t\000c\000h\000\040\040\024\000\040\060\336\060\303\060\301\060\222\210\150\171\072\060\131\060\213}{section.2.6}% 102
\BOOKMARK [2][-]{subsection.2.6.10}{\376\377\000i\000n\000f\000o\000\040\040\024\000\040\060\307\060\374\060\277\060\331\060\374\060\271\060\156\060\341\060\277\060\307\060\374\060\277}{section.2.6}% 103
\BOOKMARK [2][-]{subsection.2.6.11}{\376\377\000e\000d\000i\000t\000\040\040\024\000\040\060\341\060\277\060\307\060\374\060\277\060\222\175\350\226\306\060\131\060\213}{section.2.6}% 104
\BOOKMARK [2][-]{subsection.2.6.12}{\376\377\000v\000e\000r\000i\000f\000y\000\040\040\024\000\040\145\164\124\010\140\047\060\222\170\272\212\215\060\131\060\213}{section.2.6}% 105
\BOOKMARK [2][-]{subsection.2.6.13}{\376\377\000d\000e\000l\000e\000t\000e\000\040\040\024\000\040\060\307\060\374\060\277\060\222\122\112\226\144\060\131\060\213}{section.2.6}% 106
\BOOKMARK [2][-]{subsection.2.6.14}{\376\377\060\357\060\374\060\257\060\325\060\355\060\374\117\213}{section.2.6}% 107
\BOOKMARK [3][-]{subsubsection*.30}{\376\377\060\310\060\374\060\312\060\341\060\363\060\310\060\307\060\243\060\354\060\257\060\310\060\352\060\156\060\244\060\363\060\335\060\374\060\310}{subsection.2.6.14}% 108
\BOOKMARK [3][-]{subsubsection*.31}{\376\377\133\232\147\037\060\320\060\303\060\257\060\242\060\303\060\327}{subsection.2.6.14}% 109
\BOOKMARK [3][-]{subsubsection*.32}{\376\377\060\250\060\351\060\374\122\006\147\220}{subsection.2.6.14}% 110
\BOOKMARK [2][-]{subsection.2.6.15}{\376\377\175\102\116\206\060\263\060\374\060\311}{section.2.6}% 111
\BOOKMARK [1][-]{section.2.7}{\376\377\060\210\060\117\060\102\060\213\214\352\125\117\377\010\000F\000A\000Q\377\011}{chapter.2}% 112
\BOOKMARK [2][-]{subsection.2.7.1}{\376\377\000b\000l\000u\000n\000d\000e\000r\000D\000B\000\040\060\156\165\050\220\024\060\157\117\125\060\147\060\131\060\113\377\037}{section.2.7}% 113
\BOOKMARK [2][-]{subsection.2.7.2}{\376\377\000b\000l\000u\000n\000d\000e\000r\000D\000B\000\040\117\134\142\020\060\156\122\325\152\137\060\157\117\125\060\147\060\131\060\113\377\037}{section.2.7}% 114
\BOOKMARK [2][-]{subsection.2.7.3}{\376\377\163\376\127\050\060\156\060\307\060\374\060\277\060\331\060\374\060\271\060\222\117\335\133\130\060\131\060\213\060\153\060\157\060\151\060\106\060\131\060\214\060\160\060\210\060\104\060\147\060\131\060\113\377\037}{section.2.7}% 115
\BOOKMARK [2][-]{subsection.2.7.4}{\376\377\060\335\060\270\060\267\060\347\060\363\060\156\060\253\060\306\060\264\060\352\060\124\060\150\060\153\165\160\060\152\060\213\060\307\060\374\060\277\060\331\060\374\060\271\060\222\117\134\142\020\060\131\060\213\137\305\211\201\060\114\060\102\060\212\060\176\060\131\060\113\377\037}{section.2.7}% 116
\BOOKMARK [2][-]{subsection.2.7.5}{\376\377\211\007\145\160\060\156\060\307\060\374\060\277\060\331\060\374\060\271\060\222\175\161\124\010\060\131\060\213\060\153\060\157\060\151\060\106\060\131\060\214\060\160\060\210\060\104\060\147\060\131\060\113\377\037}{section.2.7}% 117
\BOOKMARK [2][-]{subsection.2.7.6}{\376\377\060\151\060\156\060\336\060\303\060\301\060\325\060\241\060\244\060\353\137\142\137\017\060\114\060\265\060\335\060\374\060\310\060\125\060\214\060\146\060\104\060\176\060\131\060\113\377\037}{section.2.7}% 118
\BOOKMARK [2][-]{subsection.2.7.7}{\376\377\060\263\060\354\060\257\060\267\060\347\060\363\060\150\060\157\117\125\060\147\060\131\060\113\377\037}{section.2.7}% 119
\BOOKMARK [2][-]{subsection.2.7.8}{\376\377\000E\000P\000C\000\040\060\150\060\157\117\125\060\147\060\131\060\113\377\037}{section.2.7}% 120
\BOOKMARK [2][-]{subsection.2.7.9}{\376\377\000b\000l\000u\000n\000d\000e\000r\000D\000B\000\040\060\153\060\157\060\263\060\336\060\363\060\311\060\351\060\244\060\363\060\244\060\363\060\277\060\374\060\325\060\247\060\374\060\271\060\114\060\102\060\212\060\176\060\131\060\113\377\037}{section.2.7}% 121
\BOOKMARK [2][-]{subsection.2.7.10}{\376\377\000b\000l\000u\000n\000d\000e\000r\000D\000B\000\040\060\222\131\011\146\364\060\001\060\263\060\324\060\374\060\001\121\161\147\011\060\147\060\115\060\176\060\131\060\113\377\037}{section.2.7}% 122
\BOOKMARK [2][-]{subsection.2.7.11}{\376\377\000b\000l\000u\000n\000d\000e\000r\000D\000B\000\040\060\157\060\151\060\156\060\307\060\374\060\277\137\142\137\017\060\222\117\177\165\050\060\127\060\146\060\104\060\176\060\131\060\113\377\037}{section.2.7}% 123
\BOOKMARK [2][-]{subsection.2.7.12}{\376\377\000b\000l\000u\000n\000d\000e\000r\000D\000B\000\040\060\156\212\055\212\010\123\237\122\107\060\157\117\125\060\147\060\127\060\137\060\113\377\037}{section.2.7}% 124
\BOOKMARK [2][-]{subsection.2.7.13}{\376\377\000b\000l\000u\000n\000d\000e\000r\000D\000B\000\040\060\156\060\275\060\325\060\310\060\246\060\247\060\242\060\242\060\374\060\255\060\306\060\257\060\301\060\343\060\157\117\125\060\147\060\131\060\113\377\037}{section.2.7}% 125
\BOOKMARK [2][-]{subsection.2.7.14}{\376\377\000b\000l\000u\000n\000d\000e\000r\000D\000B\000\040\060\157\060\151\060\156\060\327\060\351\060\303\060\310\060\325\060\251\060\374\060\340\060\147\122\325\117\134\060\127\060\176\060\131\060\113\377\037}{section.2.7}% 126
\BOOKMARK [2][-]{subsection.2.7.15}{\376\377\000b\000l\000u\000n\000d\000e\000r\000D\000B\000\040\060\156\060\242\060\244\060\263\060\363\060\157\060\151\060\123\060\113\060\211\147\145\060\146\060\104\060\176\060\131\060\113\377\037}{section.2.7}% 127
\BOOKMARK [1][-]{section.2.8}{\376\377\060\330\060\303\060\311\060\354\060\271\060\342\060\374\060\311\377\010\060\265\060\374\060\320\060\374\377\011}{chapter.2}% 128
\BOOKMARK [2][-]{subsection.2.8.1}{\376\377\151\202\211\201}{section.2.8}% 129
\BOOKMARK [2][-]{subsection.2.8.2}{\376\377\060\307\060\374\060\342\060\363\000\040\000s\000e\000r\000v\000e}{section.2.8}% 130
\BOOKMARK [3][-]{subsubsection*.33}{\376\377\060\250\060\363\060\311\060\335\060\244\060\363\060\310}{subsection.2.8.2}% 131
\BOOKMARK [2][-]{subsection.2.8.3}{\376\377\000P\000o\000s\000t\000g\000r\000e\000S\000Q\000L\060\320\060\303\060\257\060\250\060\363\060\311\060\150\060\336\060\353\060\301\060\346\060\374\060\266\060\374}{section.2.8}% 132
\BOOKMARK [2][-]{subsection.2.8.4}{\376\377\000S\000Q\000L\000i\000t\000e\060\307\060\374\060\277\060\331\060\374\060\271\060\222\000P\000o\000s\000t\000g\000r\000e\000S\000Q\000L\060\170\171\373\210\114\060\131\060\213}{section.2.8}% 133
\BOOKMARK [2][-]{subsection.2.8.5}{\376\377\154\116\165\050\060\307\060\243\060\271\060\321\060\303\060\301\060\343\000\040\000c\000a\000l\000l}{section.2.8}% 134
\BOOKMARK [1][-]{section.2.9}{\376\377\116\330\223\062\000:\000\040\060\325\060\243\060\353\060\277\060\374\060\156\232\330\136\246\060\152\117\177\060\104\145\271}{chapter.2}% 135
\BOOKMARK [2][-]{subsection.2.9.1}{\376\377\060\263\060\336\060\363\060\311\060\351\060\244\060\363\060\153\060\210\060\213\060\335\060\270\060\267\060\347\060\363\151\034\175\042}{section.2.9}% 136
\BOOKMARK [2][-]{subsection.2.9.2}{\376\377\163\376\127\050\060\156\175\120\147\234\121\205\060\147\060\156\151\034\175\042}{section.2.9}% 137
\BOOKMARK [2][-]{subsection.2.9.3}{\376\377\060\325\060\243\060\353\060\277\060\374\060\351\060\244\060\326\060\351\060\352}{section.2.9}% 138
\BOOKMARK [2][-]{subsection.2.9.4}{\376\377\117\213}{section.2.9}% 139
\BOOKMARK [1][-]{section.2.10}{\376\377\000W\000i\000n\000d\000o\000w\000s\000\040\116\330\223\062\377\032\000b\000l\000u\000n\000d\000e\000r\000D\000B\000\040\060\156\060\336\060\353\060\246\060\247\060\242\060\150\060\127\060\146\060\156\212\244\151\034\167\345}{chapter.2}% 140
\BOOKMARK [2][-]{subsection.2.10.1}{\376\377\000W\000i\000n\000d\000o\000w\000s\000\040\000S\000m\000a\000r\000t\000S\000c\000r\000e\000e\000n\000\040\060\156\213\146\124\112}{section.2.10}% 141
\BOOKMARK [2][-]{subsection.2.10.2}{\376\377\000W\000i\000n\000d\000o\000w\000s\000\040\000D\000e\000f\000e\000n\000d\000e\000r\000\040\060\153\060\210\060\213\060\326\060\355\060\303\060\257}{section.2.10}% 142
\BOOKMARK [2][-]{subsection.2.10.3}{\376\377\060\300\060\246\060\363\060\355\060\374\060\311\060\156\145\164\124\010\140\047\060\222\170\272\212\215\060\131\060\213\377\010\000S\000H\000A\0002\0005\0006\377\011}{section.2.10}% 143
\BOOKMARK [1][-]{section.2.11}{\376\377\000M\000a\000c\000\040\116\330\223\062\377\032\000b\000l\000u\000n\000d\000e\000r\000D\000B\000\040\060\156\215\167\122\325\060\326\060\355\060\303\060\257\060\153\060\144\060\104\060\146}{chapter.2}% 144
\BOOKMARK [2][-]{subsection.2.11.1}{\376\377\000b\000l\000u\000n\000d\000e\000r\000D\000B\000\040\060\156\060\244\060\363\060\271\060\310\060\374\060\353}{section.2.11}% 145
\BOOKMARK [2][-]{subsection.2.11.2}{\376\377\000b\000l\000u\000n\000d\000e\000r\000D\000B\000\040\060\156\133\237\210\114\060\222\212\061\123\357\060\131\060\213}{section.2.11}% 146
\BOOKMARK [1][-]{section.2.12}{\376\377\116\330\223\062\000:\000\040\060\307\060\374\060\277\060\331\060\374\060\271\060\271\060\255\060\374\060\336}{chapter.2}% 147
\BOOKMARK [2][-]{subsection.2.12.1}{\376\377\060\320\060\374\060\270\060\347\060\363\173\241\164\006\060\150\171\373\210\114}{section.2.12}% 148
\BOOKMARK [2][-]{subsection.2.12.2}{\376\377\116\073\060\152\060\306\060\374\060\326\060\353}{section.2.12}% 149
\BOOKMARK [2][-]{subsection.2.12.3}{\376\377\212\055\212\010\060\156\123\237\122\107}{section.2.12}% 150
\BOOKMARK [1][-]{section.2.13}{\376\377\116\330\223\062\377\032\175\161\212\010\060\342\060\307\060\353\000\040\040\024\000\040\000X\000G\000\040\000/\000\040\000g\000n\000u\000B\000G\000\040\000/\000\040\000b\000l\000u\000n\000d\000e\000r\000D\000B\000\040\060\156\145\164\124\010}{chapter.2}% 151
\BOOKMARK [2][-]{subsection.2.13.1}{\376\377\153\143\137\017\060\152\133\232\177\251}{section.2.13}% 152
\BOOKMARK [3][-]{subsubsection*.47}{\376\377\000P\000R\000\040\000\050\000P\000e\000r\000f\000o\000r\000m\000a\000n\000c\000e\000\040\000R\000a\000t\000e\000\051}{subsection.2.13.1}% 153
\BOOKMARK [3][-]{subsubsection*.48}{\376\377\000S\000n\000o\000w\000i\000e\000\040\000E\000r\000r\000o\000r\000\040\000R\000a\000t\000e}{subsection.2.13.1}% 154
\BOOKMARK [3][-]{subsubsection*.49}{\376\377\000M\000W\000C\000\040\144\015\131\061\377\010\000M\000a\000t\000c\000h\000\040\000W\000i\000n\000n\000i\000n\000g\000\040\000C\000h\000a\000n\000c\000e\377\011}{subsection.2.13.1}% 155
\BOOKMARK [2][-]{subsection.2.13.2}{\376\377\000P\000R\000\040\060\156\122\006\153\315\060\153\060\253\060\246\060\363\060\310\060\125\060\214\060\213\154\172\133\232}{section.2.13}% 156
\BOOKMARK [3][-]{subsubsection*.50}{\376\377\060\301\060\247\060\303\060\253\060\374\060\327\060\354\060\244\000\040\040\024\000\040\060\253\060\246\060\363\060\310\060\125\060\214\060\213\154\172\133\232}{subsection.2.13.2}% 157
\BOOKMARK [3][-]{subsubsection*.51}{\376\377\060\255\060\345\060\374\060\326\154\172\133\232\000\040\040\024\000\040\060\253\060\246\060\363\060\310\060\125\060\214\060\213\154\172\133\232}{subsection.2.13.2}% 158
\BOOKMARK [3][-]{subsubsection*.52}{\376\377\060\325\060\243\060\353\060\277\060\374\060\156\151\202\211\201}{subsection.2.13.2}% 159
\BOOKMARK [2][-]{subsection.2.13.3}{\376\377\000b\000l\000u\000n\000d\000e\000r\000D\000B\000\040\041\224\000\040\000X\000G\000\040\041\224\000\040\000g\000n\000u\000B\000G\000\040\060\156\133\376\137\334}{section.2.13}% 160
\BOOKMARK [3][-]{subsubsection*.53}{\376\377\000X\000G\000\040\041\224\000\040\000b\000l\000u\000n\000d\000e\000r\000D\000B\000\040\060\156\153\324\217\003\377\010\124\014\060\130\211\343\147\220\060\250\060\363\060\270\060\363\377\011}{subsection.2.13.3}% 161
\BOOKMARK [3][-]{subsubsection*.54}{\376\377\000g\000n\000u\000B\000G\000\040\041\224\000\040\000b\000l\000u\000n\000d\000e\000r\000D\000B\000\040\060\156\153\324\217\003\377\010\000S\000G\000F\000\040\060\244\060\363\060\335\060\374\060\310\000\040\040\024\000\040\165\160\060\152\060\213\060\250\060\363\060\270\060\363\377\011}{subsection.2.13.3}% 162
\BOOKMARK [2][-]{subsection.2.13.4}{\376\377\201\352\122\006\060\156\145\160\120\044\060\222\151\034\212\074\060\131\060\213}{section.2.13}% 163
\BOOKMARK [2][-]{subsection.2.13.5}{\376\377\000g\000n\000u\000B\000G\000\040\123\302\161\147}{section.2.13}% 164
\BOOKMARK [0][-]{chapter.3}{\376\377\220\043\175\141\121\110}{}% 165
\BOOKMARK [0][-]{chapter.4}{\376\377\133\304\116\330\060\131\060\213}{}% 166
\BOOKMARK [0][-]{chapter.5}{\376\377\213\035\217\236}{}% 167
