\BOOKMARK [0][-]{chapter.1}{\376\377\000H\000i\000s\000t\000o\000r\000i\000q\000u\000e\000\040\000d\000e\000s\000\040\000v\000e\000r\000s\000i\000o\000n\000s}{}% 1
\BOOKMARK [0][-]{chapter.2}{\376\377\000S\000o\000m\000m\000a\000i\000r\000e}{}% 2
\BOOKMARK [1][-]{section.2.1}{\376\377\000T\000\351\000l\000\351\000c\000h\000a\000r\000g\000e\000m\000e\000n\000t\000\040\000e\000t\000\040\000i\000n\000s\000t\000a\000l\000l\000a\000t\000i\000o\000n}{chapter.2}% 3
\BOOKMARK [1][-]{section.2.2}{\376\377\000M\000a\000n\000u\000e\000l}{chapter.2}% 4
\BOOKMARK [2][-]{subsection.2.2.1}{\376\377\000I\000n\000t\000r\000o\000d\000u\000c\000t\000i\000o\000n}{section.2.2}% 5
\BOOKMARK [2][-]{subsection.2.2.2}{\376\377\000I\000n\000t\000e\000r\000a\000c\000t\000i\000o\000n\000s\000\040\000p\000r\000i\000n\000c\000i\000p\000a\000l\000e\000s}{section.2.2}% 6
\BOOKMARK [2][-]{subsection.2.2.3}{\376\377\000D\000e\000s\000c\000r\000i\000p\000t\000i\000o\000n\000\040\000d\000e\000\040\000l\040\031\000i\000n\000t\000e\000r\000f\000a\000c\000e}{section.2.2}% 7
\BOOKMARK [2][-]{subsection.2.2.4}{\376\377\000N\000a\000v\000i\000g\000a\000t\000i\000o\000n\000\040\000d\000a\000n\000s\000\040\000l\000e\000s\000\040\000p\000o\000s\000i\000t\000i\000o\000n\000s}{section.2.2}% 8
\BOOKMARK [2][-]{subsection.2.2.5}{\376\377\000\311\000d\000i\000t\000i\000o\000n\000\040\000d\000e\000\040\000p\000o\000s\000i\000t\000i\000o\000n\000s}{section.2.2}% 9
\BOOKMARK [2][-]{subsection.2.2.6}{\376\377\000L\000a\000\040\000l\000i\000g\000n\000e\000\040\000d\000e\000\040\000c\000o\000m\000m\000a\000n\000d\000e}{section.2.2}% 10
\BOOKMARK [2][-]{subsection.2.2.7}{\376\377\000N\000a\000v\000i\000g\000a\000t\000i\000o\000n\000\040\000d\000a\000n\000s\000\040\000l\000e\000s\000\040\000m\000a\000t\000c\000h\000s}{section.2.2}% 11
\BOOKMARK [2][-]{subsection.2.2.8}{\376\377\000C\000a\000l\000c\000u\000l\000a\000t\000e\000u\000r\000\040\000E\000P\000C}{section.2.2}% 12
\BOOKMARK [2][-]{subsection.2.2.9}{\376\377\000N\000a\000v\000i\000g\000a\000t\000i\000o\000n\000\040\000d\000a\000n\000s\000\040\000l\000e\000s\000\040\000c\000o\000l\000l\000e\000c\000t\000i\000o\000n\000s}{section.2.2}% 13
\BOOKMARK [2][-]{subsection.2.2.10}{\376\377\000R\000\351\000p\000\351\000t\000i\000t\000i\000o\000n\000\040\000e\000s\000p\000a\000c\000\351\000e\000\040\000\050\000A\000n\000k\000i\000\051}{section.2.2}% 14
\BOOKMARK [1][-]{section.2.3}{\376\377\000G\000u\000i\000d\000e\000\040\000u\000t\000i\000l\000i\000s\000a\000t\000e\000u\000r}{chapter.2}% 15
\BOOKMARK [2][-]{subsection.2.3.1}{\376\377\000C\000r\000\351\000e\000r\000\040\000u\000n\000e\000\040\000n\000o\000u\000v\000e\000l\000l\000e\000\040\000b\000a\000s\000e\000\040\000d\000e\000\040\000d\000o\000n\000n\000\351\000e\000s}{section.2.3}% 16
\BOOKMARK [2][-]{subsection.2.3.2}{\376\377\000O\000u\000v\000r\000i\000r\000\040\000u\000n\000e\000\040\000b\000a\000s\000e\000\040\000d\000e\000\040\000d\000o\000n\000n\000\351\000e\000\040\000e\000x\000i\000s\000t\000a\000n\000t\000e}{section.2.3}% 17
\BOOKMARK [2][-]{subsection.2.3.3}{\376\377\000I\000m\000p\000o\000r\000t\000e\000r\000\040\000e\000t\000\040\000f\000u\000s\000i\000o\000n\000n\000e\000r\000\040\000u\000n\000e\000\040\000b\000a\000s\000e\000\040\000d\000e\000\040\000d\000o\000n\000n\000\351\000e\000s}{section.2.3}% 18
\BOOKMARK [2][-]{subsection.2.3.4}{\376\377\000E\000d\000i\000t\000e\000r\000\040\000u\000n\000e\000\040\000p\000o\000s\000i\000t\000i\000o\000n}{section.2.3}% 19
\BOOKMARK [2][-]{subsection.2.3.5}{\376\377\000A\000j\000o\000u\000t\000e\000r\000\040\000u\000n\000e\000\040\000p\000o\000s\000i\000t\000i\000o\000n\000\040\000\340\000\040\000l\000a\000\040\000b\000a\000s\000e\000\040\000d\000e\000\040\000d\000o\000n\000n\000\351\000e\000s}{section.2.3}% 20
\BOOKMARK [2][-]{subsection.2.3.6}{\376\377\000E\000t\000i\000q\000u\000e\000t\000e\000r\000\040\000u\000n\000e\000\040\000p\000o\000s\000i\000t\000i\000o\000n}{section.2.3}% 21
\BOOKMARK [2][-]{subsection.2.3.7}{\376\377\000S\000u\000p\000p\000r\000i\000m\000e\000r\000\040\000u\000n\000e\000\040\000p\000o\000s\000i\000t\000i\000o\000n}{section.2.3}% 22
\BOOKMARK [2][-]{subsection.2.3.8}{\376\377\000I\000m\000p\000o\000r\000t\000\040\000u\000n\000e\000\040\000p\000o\000s\000i\000t\000i\000o\000n\000\040\000d\000e\000p\000u\000i\000s\000\040\000X\000G}{section.2.3}% 23
\BOOKMARK [2][-]{subsection.2.3.9}{\376\377\000I\000m\000p\000o\000r\000t\000e\000r\000\040\000u\000n\000\040\000m\000a\000t\000c\000h}{section.2.3}% 24
\BOOKMARK [2][-]{subsection.2.3.10}{\376\377\000I\000m\000p\000o\000r\000t\000e\000r\000\040\000u\000n\000\040\000d\000o\000s\000s\000i\000e\000r\000\040\000d\000e\000\040\000m\000a\000t\000c\000h\000s}{section.2.3}% 25
\BOOKMARK [2][-]{subsection.2.3.11}{\376\377\000G\000l\000i\000s\000s\000e\000r\000-\000d\000\351\000p\000o\000s\000e\000r}{section.2.3}% 26
\BOOKMARK [2][-]{subsection.2.3.12}{\376\377\000N\000a\000v\000i\000g\000u\000e\000r\000\040\000d\000a\000n\000s\000\040\000u\000n\000\040\000m\000a\000t\000c\000h}{section.2.3}% 27
\BOOKMARK [2][-]{subsection.2.3.13}{\376\377\000G\000\351\000r\000e\000r\000\040\000l\000e\000\040\000p\000a\000n\000n\000e\000a\000u\000\040\000d\000e\000s\000\040\000m\000a\000t\000c\000h\000s}{section.2.3}% 28
\BOOKMARK [2][-]{subsection.2.3.14}{\376\377\000G\000\351\000r\000e\000r\000\040\000l\000e\000s\000\040\000c\000o\000l\000l\000e\000c\000t\000i\000o\000n\000s}{section.2.3}% 29
\BOOKMARK [2][-]{subsection.2.3.15}{\376\377\000G\000\351\000r\000e\000r\000\040\000l\000e\000s\000\040\000t\000o\000u\000r\000n\000o\000i\000s}{section.2.3}% 30
\BOOKMARK [2][-]{subsection.2.3.16}{\376\377\000A\000f\000f\000i\000c\000h\000e\000r\000\040\000l\000e\000s\000\040\000s\000t\000a\000t\000i\000s\000t\000i\000q\000u\000e\000s\000\040\000d\000e\000\040\000p\000e\000r\000f\000o\000r\000m\000a\000n\000c\000e}{section.2.3}% 31
\BOOKMARK [2][-]{subsection.2.3.17}{\376\377\000C\000a\000l\000c\000u\000l\000e\000r\000\040\000l\040\031\000E\000P\000C}{section.2.3}% 32
\BOOKMARK [2][-]{subsection.2.3.18}{\376\377\000A\000f\000f\000i\000c\000h\000e\000r\000\040\000l\040\031\000a\000n\000a\000l\000y\000s\000e\000\040\000d\040\031\000u\000n\000e\000\040\000p\000o\000s\000i\000t\000i\000o\000n\000\040\000i\000m\000p\000o\000r\000t\000\351\000e\000\040\000d\000e\000p\000u\000i\000s\000\040\000X\000G}{section.2.3}% 33
\BOOKMARK [2][-]{subsection.2.3.19}{\376\377\000E\000x\000p\000o\000r\000t\000e\000r\000\040\000u\000n\000e\000\040\000p\000o\000s\000i\000t\000i\000o\000n\000\040\000v\000e\000r\000s\000\040\000X\000G}{section.2.3}% 34
\BOOKMARK [2][-]{subsection.2.3.20}{\376\377\000V\000i\000s\000u\000a\000l\000i\000s\000e\000r\000\040\000l\000e\000s\000\040\000d\000i\000f\000f\000\351\000r\000e\000n\000t\000e\000s\000\040\000p\000o\000s\000i\000t\000i\000o\000n\000s}{section.2.3}% 35
\BOOKMARK [2][-]{subsection.2.3.21}{\376\377\000R\000e\000c\000h\000e\000r\000c\000h\000e\000r\000\040\000d\000e\000s\000\040\000p\000o\000s\000i\000t\000i\000o\000n\000s\000\040\000s\000e\000l\000o\000n\000\040\000d\000e\000s\000\040\000c\000r\000i\000t\000\350\000r\000e\000s}{section.2.3}% 36
\BOOKMARK [1][-]{section.2.4}{\376\377\000L\000i\000s\000t\000e\000\040\000d\000e\000s\000\040\000c\000o\000m\000m\000a\000n\000d\000e\000s}{chapter.2}% 37
\BOOKMARK [2][-]{subsection.2.4.1}{\376\377\000O\000p\000\351\000r\000a\000t\000i\000o\000n\000s\000\040\000g\000l\000o\000b\000a\000l\000e\000s}{section.2.4}% 38
\BOOKMARK [2][-]{subsection.2.4.2}{\376\377\000P\000o\000s\000i\000t\000i\000o\000n\000s\000\040\000e\000t\000\040\000n\000a\000v\000i\000g\000a\000t\000i\000o\000n}{section.2.4}% 39
\BOOKMARK [2][-]{subsection.2.4.3}{\376\377\000\311\000d\000i\000t\000i\000o\000n\000\040\000e\000t\000\040\000r\000e\000c\000h\000e\000r\000c\000h\000e}{section.2.4}% 40
\BOOKMARK [2][-]{subsection.2.4.4}{\376\377\000F\000i\000l\000t\000r\000e\000s\000\040\000d\000e\000\040\000r\000e\000c\000h\000e\000r\000c\000h\000e}{section.2.4}% 41
\BOOKMARK [2][-]{subsection.2.4.5}{\376\377\000C\000o\000m\000m\000a\000n\000d\000e\000s\000\040\000d\000i\000v\000e\000r\000s\000e\000s}{section.2.4}% 42
\BOOKMARK [1][-]{section.2.5}{\376\377\000R\000a\000c\000c\000o\000u\000r\000c\000i\000s\000\040\000c\000l\000a\000v\000i\000e\000r}{chapter.2}% 43
\BOOKMARK [2][-]{subsection.2.5.1}{\376\377\000B\000a\000s\000e\000\040\000d\000e\000\040\000d\000o\000n\000n\000\351\000e\000s}{section.2.5}% 44
\BOOKMARK [2][-]{subsection.2.5.2}{\376\377\000P\000o\000s\000i\000t\000i\000o\000n}{section.2.5}% 45
\BOOKMARK [2][-]{subsection.2.5.3}{\376\377\000N\000a\000v\000i\000g\000a\000t\000i\000o\000n}{section.2.5}% 46
\BOOKMARK [2][-]{subsection.2.5.4}{\376\377\000A\000f\000f\000i\000c\000h\000a\000g\000e}{section.2.5}% 47
\BOOKMARK [2][-]{subsection.2.5.5}{\376\377\000A\000c\000t\000i\000o\000n\000s}{section.2.5}% 48
\BOOKMARK [2][-]{subsection.2.5.6}{\376\377\000O\000u\000t\000i\000l\000s}{section.2.5}% 49
\BOOKMARK [2][-]{subsection.2.5.7}{\376\377\000L\000i\000g\000n\000e\000\040\000d\000e\000\040\000c\000o\000m\000m\000a\000n\000d\000e}{section.2.5}% 50
\BOOKMARK [2][-]{subsection.2.5.8}{\376\377\000P\000a\000n\000n\000e\000a\000u\000\040\000h\000i\000s\000t\000o\000r\000i\000q\000u\000e\000\040\000d\000e\000\040\000r\000e\000c\000h\000e\000r\000c\000h\000e}{section.2.5}% 51
\BOOKMARK [2][-]{subsection.2.5.9}{\376\377\000P\000a\000n\000n\000e\000a\000u\000\040\000b\000i\000b\000l\000i\000o\000t\000h\000\350\000q\000u\000e\000\040\000d\000e\000\040\000f\000i\000l\000t\000r\000e\000s}{section.2.5}% 52
\BOOKMARK [2][-]{subsection.2.5.10}{\376\377\000P\000a\000n\000n\000e\000a\000u\000\040\000d\040\031\000a\000n\000a\000l\000y\000s\000e}{section.2.5}% 53
\BOOKMARK [2][-]{subsection.2.5.11}{\376\377\000P\000a\000n\000n\000e\000a\000u\000\040\000d\000e\000s\000\040\000m\000a\000t\000c\000h\000s}{section.2.5}% 54
\BOOKMARK [2][-]{subsection.2.5.12}{\376\377\000P\000a\000n\000n\000e\000a\000u\000\040\000A\000n\000k\000i\000\040\000\050\000r\000\351\000p\000\351\000t\000i\000t\000i\000o\000n\000\040\000e\000s\000p\000a\000c\000\351\000e\000\051}{section.2.5}% 55
\BOOKMARK [1][-]{section.2.6}{\376\377\000I\000n\000t\000e\000r\000f\000a\000c\000e\000\040\000e\000n\000\040\000l\000i\000g\000n\000e\000\040\000d\000e\000\040\000c\000o\000m\000m\000a\000n\000d\000e\000\040\000\050\000C\000L\000I\000\051}{chapter.2}% 56
\BOOKMARK [2][-]{subsection.2.6.1}{\376\377\000I\000n\000t\000r\000o\000d\000u\000c\000t\000i\000o\000n}{section.2.6}% 57
\BOOKMARK [2][-]{subsection.2.6.2}{\376\377\000S\000y\000n\000t\000a\000x\000e\000\040\000g\000\351\000n\000\351\000r\000a\000l\000e}{section.2.6}% 58
\BOOKMARK [2][-]{subsection.2.6.3}{\376\377\000C\000o\000m\000m\000a\000n\000d\000e\000s\000\040\000d\000i\000s\000p\000o\000n\000i\000b\000l\000e\000s}{section.2.6}% 59
\BOOKMARK [2][-]{subsection.2.6.4}{\376\377\000c\000r\000e\000a\000t\000e\000\040\040\024\000\040\000C\000r\000\351\000e\000r\000\040\000u\000n\000e\000\040\000b\000a\000s\000e\000\040\000d\000e\000\040\000d\000o\000n\000n\000\351\000e\000s}{section.2.6}% 60
