This is XeTeX, Version 3.141592653-2.6-0.999995 (TeX Live 2023/Debian) (preloaded format=xelatex 2026.6.13)  13 JUN 2026 02:01
entering extended mode
 restricted \write18 enabled.
 %&-line parsing enabled.
**blunderdb.tex
(./blunderdb.tex
LaTeX2e <2023-11-01> patch level 1
L3 programming layer <2024-01-22>
(./sphinxmanual.cls
Document Class: sphinxmanual 2019/12/01 v2.3.0 Document class (Sphinx manual)
(/usr/share/texlive/texmf-dist/tex/latex/base/report.cls
Document Class: report 2023/05/17 v1.4n Standard LaTeX document class
(/usr/share/texlive/texmf-dist/tex/latex/base/size10.clo
File: size10.clo 2023/05/17 v1.4n Standard LaTeX file (size option)
)
\c@part=\count183
\c@chapter=\count184
\c@section=\count185
\c@subsection=\count186
\c@subsubsection=\count187
\c@paragraph=\count188
\c@subparagraph=\count189
\c@figure=\count190
\c@table=\count191
\abovecaptionskip=\skip48
\belowcaptionskip=\skip49
\bibindent=\dimen140
)
LaTeX Info: Redefining \and on input line 35.
)
\sphinxpxdimen=\dimen141
\sphinxremdimen=\dimen142

(/usr/share/texlive/texmf-dist/tex/latex/cmap/cmap.sty
Package: cmap 2021/02/06 v1.0j CMap support: searchable PDF


Package cmap Warning: pdftex not detected - exiting.

) (/usr/share/texlive/texmf-dist/tex/latex/fontspec/fontspec.sty
(/usr/share/texlive/texmf-dist/tex/latex/l3packages/xparse/xparse.sty
(/usr/share/texlive/texmf-dist/tex/latex/l3kernel/expl3.sty
Package: expl3 2024-01-22 L3 programming layer (loader) 

(/usr/share/texlive/texmf-dist/tex/latex/l3backend/l3backend-xetex.def
File: l3backend-xetex.def 2024-01-04 L3 backend support: XeTeX
\g__graphics_track_int=\count192
\l__pdf_internal_box=\box51
\g__pdf_backend_object_int=\count193
\g__pdf_backend_annotation_int=\count194
\g__pdf_backend_link_int=\count195
))
Package: xparse 2023-10-10 L3 Experimental document command parser
)
Package: fontspec 2022/01/15 v2.8a Font selection for XeLaTeX and LuaLaTeX

(/usr/share/texlive/texmf-dist/tex/latex/fontspec/fontspec-xetex.sty
Package: fontspec-xetex 2022/01/15 v2.8a Font selection for XeLaTeX and LuaLaTe
X
\l__fontspec_script_int=\count196
\l__fontspec_language_int=\count197
\l__fontspec_strnum_int=\count198
\l__fontspec_tmp_int=\count199
\l__fontspec_tmpa_int=\count266
\l__fontspec_tmpb_int=\count267
\l__fontspec_tmpc_int=\count268
\l__fontspec_em_int=\count269
\l__fontspec_emdef_int=\count270
\l__fontspec_strong_int=\count271
\l__fontspec_strongdef_int=\count272
\l__fontspec_tmpa_dim=\dimen143
\l__fontspec_tmpb_dim=\dimen144
\l__fontspec_tmpc_dim=\dimen145

(/usr/share/texlive/texmf-dist/tex/latex/base/fontenc.sty
Package: fontenc 2021/04/29 v2.0v Standard LaTeX package
)
(/usr/share/texlive/texmf-dist/tex/latex/fontspec/fontspec.cfg)))
(/usr/share/texlive/texmf-dist/tex/latex/amsmath/amsmath.sty
Package: amsmath 2023/05/13 v2.17o AMS math features
\@mathmargin=\skip50

For additional information on amsmath, use the `?' option.
(/usr/share/texlive/texmf-dist/tex/latex/amsmath/amstext.sty
Package: amstext 2021/08/26 v2.01 AMS text

(/usr/share/texlive/texmf-dist/tex/latex/amsmath/amsgen.sty
File: amsgen.sty 1999/11/30 v2.0 generic functions
\@emptytoks=\toks17
\ex@=\dimen146
))
(/usr/share/texlive/texmf-dist/tex/latex/amsmath/amsbsy.sty
Package: amsbsy 1999/11/29 v1.2d Bold Symbols
\pmbraise@=\dimen147
)
(/usr/share/texlive/texmf-dist/tex/latex/amsmath/amsopn.sty
Package: amsopn 2022/04/08 v2.04 operator names
)
\inf@bad=\count273
LaTeX Info: Redefining \frac on input line 234.
\uproot@=\count274
\leftroot@=\count275
LaTeX Info: Redefining \overline on input line 399.
LaTeX Info: Redefining \colon on input line 410.
\classnum@=\count276
\DOTSCASE@=\count277
LaTeX Info: Redefining \ldots on input line 496.
LaTeX Info: Redefining \dots on input line 499.
LaTeX Info: Redefining \cdots on input line 620.
\Mathstrutbox@=\box52
\strutbox@=\box53
LaTeX Info: Redefining \big on input line 722.
LaTeX Info: Redefining \Big on input line 723.
LaTeX Info: Redefining \bigg on input line 724.
LaTeX Info: Redefining \Bigg on input line 725.
\big@size=\dimen148
LaTeX Font Info:    Redeclaring font encoding OML on input line 743.
LaTeX Font Info:    Redeclaring font encoding OMS on input line 744.
\macc@depth=\count278
LaTeX Info: Redefining \bmod on input line 905.
LaTeX Info: Redefining \pmod on input line 910.
LaTeX Info: Redefining \smash on input line 940.
LaTeX Info: Redefining \relbar on input line 970.
LaTeX Info: Redefining \Relbar on input line 971.
\c@MaxMatrixCols=\count279
\dotsspace@=\muskip16
\c@parentequation=\count280
\dspbrk@lvl=\count281
\tag@help=\toks18
\row@=\count282
\column@=\count283
\maxfields@=\count284
\andhelp@=\toks19
\eqnshift@=\dimen149
\alignsep@=\dimen150
\tagshift@=\dimen151
\tagwidth@=\dimen152
\totwidth@=\dimen153
\lineht@=\dimen154
\@envbody=\toks20
\multlinegap=\skip51
\multlinetaggap=\skip52
\mathdisplay@stack=\toks21
LaTeX Info: Redefining \[ on input line 2953.
LaTeX Info: Redefining \] on input line 2954.
)
(/usr/share/texlive/texmf-dist/tex/latex/amsfonts/amssymb.sty
Package: amssymb 2013/01/14 v3.01 AMS font symbols

(/usr/share/texlive/texmf-dist/tex/latex/amsfonts/amsfonts.sty
Package: amsfonts 2013/01/14 v3.01 Basic AMSFonts support
\symAMSa=\mathgroup4
\symAMSb=\mathgroup5
LaTeX Font Info:    Redeclaring math symbol \hbar on input line 98.
LaTeX Font Info:    Overwriting math alphabet `\mathfrak' in version `bold'
(Font)                  U/euf/m/n --> U/euf/b/n on input line 106.
))
(/usr/share/texlive/texmf-dist/tex/latex/polyglossia/polyglossia.sty
Package: polyglossia 2023/12/11 v1.66 Modern multilingual typesetting with XeLa
TeX and LuaLaTeX

(/usr/share/texlive/texmf-dist/tex/latex/etoolbox/etoolbox.sty
Package: etoolbox 2020/10/05 v2.5k e-TeX tools for LaTeX (JAW)
\etb@tempcnta=\count285
)
(/usr/share/texlive/texmf-dist/tex/latex/xkeyval/xkeyval.sty
Package: xkeyval 2022/06/16 v2.9 package option processing (HA)

(/usr/share/texlive/texmf-dist/tex/generic/xkeyval/xkeyval.tex
(/usr/share/texlive/texmf-dist/tex/generic/xkeyval/xkvutils.tex
\XKV@toks=\toks22
\XKV@tempa@toks=\toks23

(/usr/share/texlive/texmf-dist/tex/generic/xkeyval/keyval.tex))
\XKV@depth=\count286
File: xkeyval.tex 2014/12/03 v2.7a key=value parser (HA)
))
(/usr/share/texlive/texmf-dist/tex/generic/iftex/iftex.sty
Package: iftex 2022/02/03 v1.0f TeX engine tests
)
\xpg@normalclass=\XeTeXcharclass1

(/usr/share/texlive/texmf-dist/tex/latex/polyglossia/gloss-latex.lde
Package: gloss-latex 2023/12/11 v1.66 polyglossia: module for default language
)
Package polyglossia Info: Default language is latex.
)
(/usr/share/texlive/texmf-dist/tex/latex/polyglossia/gloss-greek.ldf
File: gloss-greek.ldf polyglossia: module for Greek


Package polyglossia Warning: No hyphenation patterns were loaded for `greek'
(polyglossia)                I will use \language=\l@nohyphenation instead on i
nput line 21.

\l@greek = a dialect from \language\l@nohyphenation 
(/usr/share/texlive/texmf-dist/tex/latex/polyglossia/xgreek-fixes.def)

Package polyglossia Warning: No hyphenation patterns were loaded for `greek'
(polyglossia)                I will use \language=\l@nohyphenation instead on i
nput line 147.

\l@greek = a dialect from \language\l@nohyphenation 

Package polyglossia Warning: No hyphenation patterns were loaded for Monotonic 
Greek
(polyglossia)                I will use the patterns loaded for \l@greek instea
d on input line 147.

\l@monogreek = a dialect from \language\l@greek 
Package polyglossia Info: Option: Greek, variant=monotonic.
Package polyglossia Info: Option: Greek, numerals=greek.
\@attic@num=\count287
)
Package polyglossia Info: Default language is greek.

Package fontspec Info: Font family 'FreeSerif(0)' created for font 'FreeSerif'
(fontspec)             with options [].
(fontspec)              
(fontspec)              This font family consists of the following NFSS
(fontspec)             series/shapes:
(fontspec)              
(fontspec)             - 'normal' (m/n) with NFSS spec.:
(fontspec)             <->"FreeSerif/OT:script=latn;language=dflt;"
(fontspec)             - 'small caps'  (m/sc) with NFSS spec.:
(fontspec)             <->"FreeSerif/OT:script=latn;language=dflt;+smcp;"
(fontspec)             - 'bold' (b/n) with NFSS spec.:
(fontspec)             <->"FreeSerif/B/OT:script=latn;language=dflt;"
(fontspec)             - 'bold small caps'  (b/sc) with NFSS spec.:
(fontspec)             <->"FreeSerif/B/OT:script=latn;language=dflt;+smcp;"
(fontspec)             - 'italic' (m/it) with NFSS spec.:
(fontspec)             <->"FreeSerif/I/OT:script=latn;language=dflt;"
(fontspec)             - 'italic small caps'  (m/scit) with NFSS spec.:
(fontspec)             <->"FreeSerif/I/OT:script=latn;language=dflt;+smcp;"
(fontspec)             - 'bold italic' (b/it) with NFSS spec.:
(fontspec)             <->"FreeSerif/BI/OT:script=latn;language=dflt;"
(fontspec)             - 'bold italic small caps'  (b/scit) with NFSS spec.:
(fontspec)             <->"FreeSerif/BI/OT:script=latn;language=dflt;+smcp;"


Package fontspec Info: Font family 'FreeSans(0)' created for font 'FreeSans'
(fontspec)             with options [].
(fontspec)              
(fontspec)              This font family consists of the following NFSS
(fontspec)             series/shapes:
(fontspec)              
(fontspec)             - 'normal' (m/n) with NFSS spec.:
(fontspec)             <->"FreeSans/OT:script=latn;language=dflt;"
(fontspec)             - 'small caps'  (m/sc) with NFSS spec.:
(fontspec)             <->"FreeSans/OT:script=latn;language=dflt;+smcp;"
(fontspec)             - 'bold' (b/n) with NFSS spec.:
(fontspec)             <->"FreeSans/B/OT:script=latn;language=dflt;"
(fontspec)             - 'bold small caps'  (b/sc) with NFSS spec.:
(fontspec)             <->"FreeSans/B/OT:script=latn;language=dflt;+smcp;"
(fontspec)             - 'italic' (m/it) with NFSS spec.:
(fontspec)             <->"FreeSans/I/OT:script=latn;language=dflt;"
(fontspec)             - 'italic small caps'  (m/scit) with NFSS spec.:
(fontspec)             <->"FreeSans/I/OT:script=latn;language=dflt;+smcp;"
(fontspec)             - 'bold italic' (b/it) with NFSS spec.:
(fontspec)             <->"FreeSans/BI/OT:script=latn;language=dflt;"
(fontspec)             - 'bold italic small caps'  (b/scit) with NFSS spec.:
(fontspec)             <->"FreeSans/BI/OT:script=latn;language=dflt;+smcp;"


Package fontspec Info: Font family 'FreeMono(0)' created for font 'FreeMono'
(fontspec)             with options [].
(fontspec)              
(fontspec)              This font family consists of the following NFSS
(fontspec)             series/shapes:
(fontspec)              
(fontspec)             - 'normal' (m/n) with NFSS spec.:
(fontspec)             <->"FreeMono/OT:script=latn;language=dflt;"
(fontspec)             - 'small caps'  (m/sc) with NFSS spec.:
(fontspec)             <->"FreeMono/OT:script=latn;language=dflt;+smcp;"
(fontspec)             - 'bold' (b/n) with NFSS spec.:
(fontspec)             <->"FreeMono/B/OT:script=latn;language=dflt;"
(fontspec)             - 'bold small caps'  (b/sc) with NFSS spec.:
(fontspec)             <->"FreeMono/B/OT:script=latn;language=dflt;+smcp;"
(fontspec)             - 'italic' (m/it) with NFSS spec.:
(fontspec)             <->"FreeMono/I/OT:script=latn;language=dflt;"
(fontspec)             - 'italic small caps'  (m/scit) with NFSS spec.:
(fontspec)             <->"FreeMono/I/OT:script=latn;language=dflt;+smcp;"
(fontspec)             - 'bold italic' (b/it) with NFSS spec.:
(fontspec)             <->"FreeMono/BI/OT:script=latn;language=dflt;"
(fontspec)             - 'bold italic small caps'  (b/scit) with NFSS spec.:
(fontspec)             <->"FreeMono/BI/OT:script=latn;language=dflt;+smcp;"

 (/usr/share/texlive/texmf-dist/tex/latex/fncychap/fncychap.sty
Package: fncychap 2007/07/30 v1.34 LaTeX package (Revised chapters)
\RW=\skip53
\mylen=\skip54
\myhi=\skip55
\px=\skip56
\py=\skip57
\pyy=\skip58
\pxx=\skip59
) (./sphinx.sty
Package: sphinx 2025/12/26 v9.1.0 Sphinx LaTeX package (sphinx-doc)
(/usr/share/texlive/texmf-dist/tex/generic/ltxcmds/ltxcmds.sty
Package: ltxcmds 2023-12-04 v1.26 LaTeX kernel commands for general use (HO)
)
(/usr/share/texlive/texmf-dist/tex/latex/xcolor/xcolor.sty
Package: xcolor 2023/11/15 v3.01 LaTeX color extensions (UK)

(/usr/share/texlive/texmf-dist/tex/latex/graphics-cfg/color.cfg
File: color.cfg 2016/01/02 v1.6 sample color configuration
)
Package xcolor Info: Driver file: xetex.def on input line 274.

(/usr/share/texlive/texmf-dist/tex/latex/graphics-def/xetex.def
File: xetex.def 2022/09/22 v5.0n Graphics/color driver for xetex
)
(/usr/share/texlive/texmf-dist/tex/latex/graphics/mathcolor.ltx)
Package xcolor Info: Model `cmy' substituted by `cmy0' on input line 1350.
Package xcolor Info: Model `RGB' extended on input line 1366.
Package xcolor Info: Model `HTML' substituted by `rgb' on input line 1368.
Package xcolor Info: Model `Hsb' substituted by `hsb' on input line 1369.
Package xcolor Info: Model `tHsb' substituted by `hsb' on input line 1370.
Package xcolor Info: Model `HSB' substituted by `hsb' on input line 1371.
Package xcolor Info: Model `Gray' substituted by `gray' on input line 1372.
Package xcolor Info: Model `wave' substituted by `hsb' on input line 1373.
)
(/usr/share/texlive/texmf-dist/tex/latex/kvoptions/kvoptions.sty
Package: kvoptions 2022-06-15 v3.15 Key value format for package options (HO)

(/usr/share/texlive/texmf-dist/tex/latex/kvsetkeys/kvsetkeys.sty
Package: kvsetkeys 2022-10-05 v1.19 Key value parser (HO)
))
(./sphinxoptionshyperref.sty
Package: sphinxoptionshyperref 2021/01/27 hyperref
) (./sphinxoptionsgeometry.sty
Package: sphinxoptionsgeometry 2021/01/27 geometry
)
(/usr/share/texlive/texmf-dist/tex/latex/base/textcomp.sty
Package: textcomp 2020/02/02 v2.0n Standard LaTeX package
)
(/usr/share/texlive/texmf-dist/tex/latex/float/float.sty
Package: float 2001/11/08 v1.3d Float enhancements (AL)
\c@float@type=\count288
\float@exts=\toks24
\float@box=\box54
\@float@everytoks=\toks25
\@floatcapt=\box55
)
(/usr/share/texlive/texmf-dist/tex/latex/wrapfig/wrapfig.sty
\wrapoverhang=\dimen155
\WF@size=\dimen156
\c@WF@wrappedlines=\count289
\WF@box=\box56
\WF@everypar=\toks26
Package: wrapfig 2003/01/31  v 3.6
)
(/usr/share/texlive/texmf-dist/tex/latex/capt-of/capt-of.sty
Package: capt-of 2009/12/29 v0.2 standard captions outside of floats
)
(/usr/share/texlive/texmf-dist/tex/latex/tools/multicol.sty
Package: multicol 2023/03/30 v1.9f multicolumn formatting (FMi)
\c@tracingmulticols=\count290
\mult@box=\box57
\multicol@leftmargin=\dimen157
\c@unbalance=\count291
\c@collectmore=\count292
\doublecol@number=\count293
\multicoltolerance=\count294
\multicolpretolerance=\count295
\full@width=\dimen158
\page@free=\dimen159
\premulticols=\dimen160
\postmulticols=\dimen161
\multicolsep=\skip60
\multicolbaselineskip=\skip61
\partial@page=\box58
\last@line=\box59
\mc@boxedresult=\box60
\maxbalancingoverflow=\dimen162
\mult@rightbox=\box61
\mult@grightbox=\box62
\mult@firstbox=\box63
\mult@gfirstbox=\box64
\@tempa=\box65
\@tempa=\box66
\@tempa=\box67
\@tempa=\box68
\@tempa=\box69
\@tempa=\box70
\@tempa=\box71
\@tempa=\box72
\@tempa=\box73
\@tempa=\box74
\@tempa=\box75
\@tempa=\box76
\@tempa=\box77
\@tempa=\box78
\@tempa=\box79
\@tempa=\box80
\@tempa=\box81
\@tempa=\box82
\@tempa=\box83
\@tempa=\box84
\@tempa=\box85
\@tempa=\box86
\@tempa=\box87
\@tempa=\box88
\@tempa=\box89
\@tempa=\box90
\@tempa=\box91
\@tempa=\box92
\@tempa=\box93
\@tempa=\box94
\@tempa=\box95
\@tempa=\box96
\@tempa=\box97
\@tempa=\box98
\@tempa=\box99
\@tempa=\box100
\c@minrows=\count296
\c@columnbadness=\count297
\c@finalcolumnbadness=\count298
\last@try=\dimen163
\multicolovershoot=\dimen164
\multicolundershoot=\dimen165
\mult@nat@firstbox=\box101
\colbreak@box=\box102
\mc@col@check@num=\count299
)
(/usr/share/texlive/texmf-dist/tex/latex/graphics/graphicx.sty
Package: graphicx 2021/09/16 v1.2d Enhanced LaTeX Graphics (DPC,SPQR)

(/usr/share/texlive/texmf-dist/tex/latex/graphics/graphics.sty
Package: graphics 2022/03/10 v1.4e Standard LaTeX Graphics (DPC,SPQR)

(/usr/share/texlive/texmf-dist/tex/latex/graphics/trig.sty
Package: trig 2021/08/11 v1.11 sin cos tan (DPC)
)
(/usr/share/texlive/texmf-dist/tex/latex/graphics-cfg/graphics.cfg
File: graphics.cfg 2016/06/04 v1.11 sample graphics configuration
)
Package graphics Info: Driver file: xetex.def on input line 107.
)
\Gin@req@height=\dimen166
\Gin@req@width=\dimen167
)
(./sphinxlatexgraphics.sty
Package: sphinxlatexgraphics 2024/08/13 v8.1.0 graphics
\spx@image@maxheight=\dimen168
\spx@image@box=\box103
) (./sphinxpackageboxes.sty
Package: sphinxpackageboxes 2024/07/01 v7.4.0 advanced colored boxes

(/usr/share/texlive/texmf-dist/tex/latex/pict2e/pict2e.sty
Package: pict2e 2020/09/30 v0.4b Improved picture commands (HjG,RN,JT)

(/usr/share/texlive/texmf-dist/tex/latex/pict2e/pict2e.cfg
File: pict2e.cfg 2016/02/05 v0.1u pict2e configuration for teTeX/TeXLive
)
Package pict2e Info: Driver file: xetex.def on input line 112.
Package pict2e Info: Driver file for pict2e: p2e-xetex.def on input line 114.

(/usr/share/texlive/texmf-dist/tex/latex/pict2e/p2e-xetex.def
File: p2e-xetex.def 2016/02/05 v0.1u Driver-dependant file (RN,HjG,JT)
)
\pIIe@GRAPH=\toks27
\@arclen=\dimen169
\@arcrad=\dimen170
\pIIe@tempdima=\dimen171
\pIIe@tempdimb=\dimen172
\pIIe@tempdimc=\dimen173
\pIIe@tempdimd=\dimen174
\pIIe@tempdime=\dimen175
\pIIe@tempdimf=\dimen176
)
(/usr/share/texlive/texmf-dist/tex/latex/ellipse/ellipse.sty
Package: ellipse 2004/11/05 v1.0 .dtx ellipse file
)
\@tempdimd=\dimen177
\spx@tempboxa=\box104
\spx@tempboxb=\box105
\spx@boxes@border@top=\dimen178
\spx@boxes@border@right=\dimen179
\spx@boxes@border@bottom=\dimen180
\spx@boxes@border@left=\dimen181
\spx@boxes@padding@top=\dimen182
\spx@boxes@padding@right=\dimen183
\spx@boxes@padding@bottom=\dimen184
\spx@boxes@padding@left=\dimen185
\spx@boxes@shadow@xoffset=\dimen186
\spx@boxes@shadow@yoffset=\dimen187
\spx@boxes@radius@topleft@x=\dimen188
\spx@boxes@radius@topright@x=\dimen189
\spx@boxes@radius@bottomright@x=\dimen190
\spx@boxes@radius@bottomleft@x=\dimen191
\spx@boxes@radius@topleft@y=\dimen192
\spx@boxes@radius@topright@y=\dimen193
\spx@boxes@radius@bottomright@y=\dimen194
\spx@boxes@radius@bottomleft@y=\dimen195
)
(./sphinxlatexadmonitions.sty
Package: sphinxlatexadmonitions 2025/10/24 v9.0.0 admonitions

(/usr/share/texlive/texmf-dist/tex/latex/framed/framed.sty
Package: framed 2011/10/22 v 0.96: framed or shaded text with page breaks
\OuterFrameSep=\skip62
\fb@frw=\dimen196
\fb@frh=\dimen197
\FrameRule=\dimen198
\FrameSep=\dimen199
)
(/usr/share/texlive/texmf-dist/tex/latex/needspace/needspace.sty
Package: needspace 2010/09/12 v1.3d reserve vertical space
)
(./sphinxpackagefootnote.sty
Package: sphinxpackagefootnote 2025/11/15 v9.0.0 Sphinx custom footnotehyper pa
ckage (Sphinx team)
\FNH@notes=\box106
\FNH@toks=\toks28
\FNH@width=\dimen256
\c@sphinxfootnotemark=\count300
)
\spx@notice@border=\dimen257
\c@sphinxtodo=\count301
) (./sphinxlatexliterals.sty
Package: sphinxlatexliterals 2025/12/26 v9.1.0 code-blocks and parsed literals

(/usr/share/texlive/texmf-dist/tex/latex/fancyvrb/fancyvrb.sty
Package: fancyvrb 2024/01/20 4.5c verbatim text (tvz,hv)
\FV@CodeLineNo=\count302
\FV@InFile=\read2
\FV@TabBox=\box107
\c@FancyVerbLine=\count303
\FV@StepNumber=\count304
\FV@OutFile=\write3
)
(/usr/share/texlive/texmf-dist/tex/latex/base/alltt.sty
Package: alltt 2021/01/29 v2.0g defines alltt environment
)
(/usr/share/texlive/texmf-dist/tex/latex/upquote/upquote.sty
Package: upquote 2012/04/19 v1.3 upright-quote and grave-accent glyphs in verba
tim
)
\sphinxcontinuationbox=\box108
\sphinxvisiblespacebox=\box109
\sphinxVerbatim@TitleBox=\box110
\sphinxVerbatim@ContentsBox=\box111
)
(./sphinxlatexshadowbox.sty
Package: sphinxlatexshadowbox 2024/07/28 v8.1.0 sphinxShadowBox
) (./sphinxlatexcontainers.sty
Package: sphinxlatexcontainers 2021/05/03 containers
)
(./sphinxhighlight.sty
Package: sphinxhighlight 2022/06/30 stylesheet for highlighting with pygments
) (./sphinxlatextables.sty
Package: sphinxlatextables 2025/12/30 v9.1.0 tables

(/usr/share/texlive/texmf-dist/tex/latex/tabulary/tabulary.sty
Package: tabulary 2014/06/11 v0.10 tabulary package (DPC)

(/usr/share/texlive/texmf-dist/tex/latex/tools/array.sty
Package: array 2023/10/16 v2.5g Tabular extension package (FMi)
\col@sep=\dimen258
\ar@mcellbox=\box112
\extrarowheight=\dimen259
\NC@list=\toks29
\extratabsurround=\skip63
\backup@length=\skip64
\ar@cellbox=\box113
)
\TY@count=\count305
\TY@linewidth=\dimen260
\tymin=\dimen261
\tymax=\dimen262
\TY@tablewidth=\dimen263
)
(/usr/share/texlive/texmf-dist/tex/latex/tools/longtable.sty
Package: longtable 2023-11-01 v4.19 Multi-page Table package (DPC)
\LTleft=\skip65
\LTright=\skip66
\LTpre=\skip67
\LTpost=\skip68
\LTchunksize=\count306
\LTcapwidth=\dimen264
\LT@head=\box114
\LT@firsthead=\box115
\LT@foot=\box116
\LT@lastfoot=\box117
\LT@gbox=\box118
\LT@cols=\count307
\LT@rows=\count308
\c@LT@tables=\count309
\c@LT@chunks=\count310
\LT@p@ftn=\toks30
)
(/usr/share/texlive/texmf-dist/tex/latex/varwidth/varwidth.sty
Package: varwidth 2009/03/30 ver 0.92;  Variable-width minipages
\@vwid@box=\box119
\sift@deathcycles=\count311
\@vwid@loff=\dimen265
\@vwid@roff=\dimen266
)
\sphinx@TY@tablewidth=\dimen267

(/usr/share/texlive/texmf-dist/tex/latex/colortbl/colortbl.sty
Package: colortbl 2022/06/20 v1.0f Color table columns (DPC)
\everycr=\toks31
\minrowclearance=\skip69
\rownum=\count312
)
(/usr/share/texlive/texmf-dist/tex/latex/booktabs/booktabs.sty
Package: booktabs 2020/01/12 v1.61803398 Publication quality tables
\heavyrulewidth=\dimen268
\lightrulewidth=\dimen269
\cmidrulewidth=\dimen270
\belowrulesep=\dimen271
\belowbottomsep=\dimen272
\aboverulesep=\dimen273
\abovetopsep=\dimen274
\cmidrulesep=\dimen275
\cmidrulekern=\dimen276
\defaultaddspace=\dimen277
\@cmidla=\count313
\@cmidlb=\count314
\@aboverulesep=\dimen278
\@belowrulesep=\dimen279
\@thisruleclass=\count315
\@lastruleclass=\count316
\@thisrulewidth=\dimen280
))
(./sphinxlatexnumfig.sty
Package: sphinxlatexnumfig 2024/07/31 v8.1.0 numbering
) (./sphinxlatexlists.sty
Package: sphinxlatexlists 2021/12/20 lists
\spx@lineitemlabel=\toks32
)
\c@sphinxscope=\count317
 (./sphinxlatexindbibtoc.sty
Package: sphinxlatexindbibtoc 2021/01/27 index, bib., toc

(/usr/share/texlive/texmf-dist/tex/latex/base/makeidx.sty
Package: makeidx 2021/10/04 v1.0m Standard LaTeX package
))
(./sphinxlatexstylepage.sty
Package: sphinxlatexstylepage 2021/01/27 page styling

(/usr/share/texlive/texmf-dist/tex/latex/parskip/parskip.sty
Package: parskip 2021-03-14 v2.0h non-zero parskip adjustments
)
(/usr/share/texlive/texmf-dist/tex/latex/fancyhdr/fancyhdr.sty
Package: fancyhdr 2022/11/09 v4.1 Extensive control of page headers and footers

\f@nch@headwidth=\skip70
\f@nch@O@elh=\skip71
\f@nch@O@erh=\skip72
\f@nch@O@olh=\skip73
\f@nch@O@orh=\skip74
\f@nch@O@elf=\skip75
\f@nch@O@erf=\skip76
\f@nch@O@olf=\skip77
\f@nch@O@orf=\skip78
))
(./sphinxlatexstyleheadings.sty
Package: sphinxlatexstyleheadings 2023/02/11 headings

(/usr/share/texlive/texmf-dist/tex/latex/titlesec/titlesec.sty
Package: titlesec 2023/10/27 v2.16 Sectioning titles
\ttl@box=\box120
\beforetitleunit=\skip79
\aftertitleunit=\skip80
\ttl@plus=\dimen281
\ttl@minus=\dimen282
\ttl@toksa=\toks33
\titlewidth=\dimen283
\titlewidthlast=\dimen284
\titlewidthfirst=\dimen285
))
(./sphinxlatexstyletext.sty
Package: sphinxlatexstyletext 2025/05/24 v9.0.0 text styling
) (./sphinxlatexobjects.sty
Package: sphinxlatexobjects 2025/06/06 documentation environments
\sphinxsignaturesep=\skip81
\sphinxsignaturelistskip=\skip82
\py@argswidth=\skip83
\lineblockindentation=\skip84
\DUlineblockindent=\skip85
)
\sphinxvwdimen=\dimen286
\sphinxvhdimen=\dimen287
\sphinxvmindimen=\dimen288
\sphinxvmaxdimen=\dimen289
\sphinxQdimen=\dimen290
)
(/usr/share/texlive/texmf-dist/tex/latex/geometry/geometry.sty
Package: geometry 2020/01/02 v5.9 Page Geometry

(/usr/share/texlive/texmf-dist/tex/generic/iftex/ifvtex.sty
Package: ifvtex 2019/10/25 v1.7 ifvtex legacy package. Use iftex instead.
)
\Gm@cnth=\count318
\Gm@cntv=\count319
\c@Gm@tempcnt=\count320
\Gm@bindingoffset=\dimen291
\Gm@wd@mp=\dimen292
\Gm@odd@mp=\dimen293
\Gm@even@mp=\dimen294
\Gm@layoutwidth=\dimen295
\Gm@layoutheight=\dimen296
\Gm@layouthoffset=\dimen297
\Gm@layoutvoffset=\dimen298
\Gm@dimlist=\toks34
)
(/usr/share/texlive/texmf-dist/tex/latex/hyperref/hyperref.sty
Package: hyperref 2024-01-20 v7.01h Hypertext links for LaTeX

(/usr/share/texlive/texmf-dist/tex/generic/kvdefinekeys/kvdefinekeys.sty
Package: kvdefinekeys 2019-12-19 v1.6 Define keys (HO)
)
(/usr/share/texlive/texmf-dist/tex/generic/pdfescape/pdfescape.sty
Package: pdfescape 2019/12/09 v1.15 Implements pdfTeX's escape features (HO)

(/usr/share/texlive/texmf-dist/tex/generic/pdftexcmds/pdftexcmds.sty
Package: pdftexcmds 2020-06-27 v0.33 Utility functions of pdfTeX for LuaTeX (HO
)

(/usr/share/texlive/texmf-dist/tex/generic/infwarerr/infwarerr.sty
Package: infwarerr 2019/12/03 v1.5 Providing info/warning/error messages (HO)
)
Package pdftexcmds Info: \pdf@primitive is available.
Package pdftexcmds Info: \pdf@ifprimitive is available.
Package pdftexcmds Info: \pdfdraftmode not found.
))
(/usr/share/texlive/texmf-dist/tex/latex/hycolor/hycolor.sty
Package: hycolor 2020-01-27 v1.10 Color options for hyperref/bookmark (HO)
)
(/usr/share/texlive/texmf-dist/tex/latex/auxhook/auxhook.sty
Package: auxhook 2019-12-17 v1.6 Hooks for auxiliary files (HO)
)
(/usr/share/texlive/texmf-dist/tex/latex/hyperref/nameref.sty
Package: nameref 2023-11-26 v2.56 Cross-referencing by name of section

(/usr/share/texlive/texmf-dist/tex/latex/refcount/refcount.sty
Package: refcount 2019/12/15 v3.6 Data extraction from label references (HO)
)
(/usr/share/texlive/texmf-dist/tex/generic/gettitlestring/gettitlestring.sty
Package: gettitlestring 2019/12/15 v1.6 Cleanup title references (HO)
)
\c@section@level=\count321
)
\@linkdim=\dimen299
\Hy@linkcounter=\count322
\Hy@pagecounter=\count323

(/usr/share/texlive/texmf-dist/tex/latex/hyperref/pd1enc.def
File: pd1enc.def 2024-01-20 v7.01h Hyperref: PDFDocEncoding definition (HO)
)
(/usr/share/texlive/texmf-dist/tex/generic/intcalc/intcalc.sty
Package: intcalc 2019/12/15 v1.3 Expandable calculations with integers (HO)
)
\Hy@SavedSpaceFactor=\count324

(/usr/share/texlive/texmf-dist/tex/latex/hyperref/puenc.def
File: puenc.def 2024-01-20 v7.01h Hyperref: PDF Unicode definition (HO)
)
Package hyperref Info: Option `hyperindex' set `false' on input line 4062.
Package hyperref Info: Option `unicode' set `true' on input line 4062.
Package hyperref Info: Option `colorlinks' set `true' on input line 4062.
Package hyperref Info: Option `breaklinks' set `true' on input line 4062.
Package hyperref Info: Hyper figures OFF on input line 4179.
Package hyperref Info: Link nesting OFF on input line 4184.
Package hyperref Info: Hyper index OFF on input line 4189.
Package hyperref Info: Plain pages OFF on input line 4194.
Package hyperref Info: Backreferencing OFF on input line 4199.
Package hyperref Info: Implicit mode ON; LaTeX internals redefined.
Package hyperref Info: Bookmarks ON on input line 4446.
\c@Hy@tempcnt=\count325

(/usr/share/texlive/texmf-dist/tex/latex/url/url.sty
\Urlmuskip=\muskip17
Package: url 2013/09/16  ver 3.4  Verb mode for urls, etc.
)
LaTeX Info: Redefining \url on input line 4784.
\XeTeXLinkMargin=\dimen300

(/usr/share/texlive/texmf-dist/tex/generic/bitset/bitset.sty
Package: bitset 2019/12/09 v1.3 Handle bit-vector datatype (HO)

(/usr/share/texlive/texmf-dist/tex/generic/bigintcalc/bigintcalc.sty
Package: bigintcalc 2019/12/15 v1.5 Expandable calculations on big integers (HO
)
))
\Fld@menulength=\count326
\Field@Width=\dimen301
\Fld@charsize=\dimen302
Package hyperref Info: Hyper figures OFF on input line 6063.
Package hyperref Info: Link nesting OFF on input line 6068.
Package hyperref Info: Hyper index OFF on input line 6073.
Package hyperref Info: backreferencing OFF on input line 6078.
Package hyperref Info: Link coloring ON on input line 6081.
Package hyperref Info: Link coloring with OCG OFF on input line 6088.
Package hyperref Info: PDF/A mode OFF on input line 6093.

(/usr/share/texlive/texmf-dist/tex/latex/base/atbegshi-ltx.sty
Package: atbegshi-ltx 2021/01/10 v1.0c Emulation of the original atbegshi
package with kernel methods
)
\Hy@abspage=\count327
\c@Item=\count328
\c@Hfootnote=\count329
)
Package hyperref Info: Driver (autodetected): hxetex.

(/usr/share/texlive/texmf-dist/tex/latex/hyperref/hxetex.def
File: hxetex.def 2024-01-20 v7.01h Hyperref driver for XeTeX

(/usr/share/texlive/texmf-dist/tex/generic/stringenc/stringenc.sty
Package: stringenc 2019/11/29 v1.12 Convert strings between diff. encodings (HO
)
)
\pdfm@box=\box121
\c@Hy@AnnotLevel=\count330
\HyField@AnnotCount=\count331
\Fld@listcount=\count332
\c@bookmark@seq@number=\count333

(/usr/share/texlive/texmf-dist/tex/latex/rerunfilecheck/rerunfilecheck.sty
Package: rerunfilecheck 2022-07-10 v1.10 Rerun checks for auxiliary files (HO)

(/usr/share/texlive/texmf-dist/tex/latex/base/atveryend-ltx.sty
Package: atveryend-ltx 2020/08/19 v1.0a Emulation of the original atveryend pac
kage
with kernel methods
)
(/usr/share/texlive/texmf-dist/tex/generic/uniquecounter/uniquecounter.sty
Package: uniquecounter 2019/12/15 v1.4 Provide unlimited unique counter (HO)
)
Package uniquecounter Info: New unique counter `rerunfilecheck' on input line 2
85.
)
\Hy@SectionHShift=\skip86
)
(/usr/share/texlive/texmf-dist/tex/latex/oberdiek/hypcap.sty
Package: hypcap 2016/05/16 v1.12 Adjusting the anchors of captions (HO)

(/usr/share/texlive/texmf-dist/tex/latex/letltxmacro/letltxmacro.sty
Package: letltxmacro 2019/12/03 v1.6 Let assignment for LaTeX macros (HO)
))
(./sphinxmessages.sty
Package: sphinxmessages 2019/01/04 v2.0 Localized LaTeX macros (Sphinx team)
)
\@indexfile=\write4
\openout4 = `blunderdb.idx'.


Writing index file blunderdb.idx
(./blunderdb.aux)
\openout1 = `blunderdb.aux'.

LaTeX Font Info:    Checking defaults for OML/cmm/m/it on input line 72.
LaTeX Font Info:    ... okay on input line 72.
LaTeX Font Info:    Checking defaults for OMS/cmsy/m/n on input line 72.
LaTeX Font Info:    ... okay on input line 72.
LaTeX Font Info:    Checking defaults for OT1/cmr/m/n on input line 72.
LaTeX Font Info:    ... okay on input line 72.
LaTeX Font Info:    Checking defaults for T1/cmr/m/n on input line 72.
LaTeX Font Info:    ... okay on input line 72.
LaTeX Font Info:    Checking defaults for TS1/cmr/m/n on input line 72.
LaTeX Font Info:    Trying to load font information for TS1+cmr on input line 7
2.
 (/usr/share/texlive/texmf-dist/tex/latex/base/ts1cmr.fd
File: ts1cmr.fd 2023/04/13 v2.5m Standard LaTeX font definitions
)
LaTeX Font Info:    ... okay on input line 72.
LaTeX Font Info:    Checking defaults for TU/lmr/m/n on input line 72.
LaTeX Font Info:    ... okay on input line 72.
LaTeX Font Info:    Checking defaults for OMX/cmex/m/n on input line 72.
LaTeX Font Info:    ... okay on input line 72.
LaTeX Font Info:    Checking defaults for U/cmr/m/n on input line 72.
LaTeX Font Info:    ... okay on input line 72.
LaTeX Font Info:    Checking defaults for PD1/pdf/m/n on input line 72.
LaTeX Font Info:    ... okay on input line 72.
LaTeX Font Info:    Checking defaults for PU/pdf/m/n on input line 72.
LaTeX Font Info:    ... okay on input line 72.

Package fontspec Info: Adjusting the maths setup (use [no-math] to avoid
(fontspec)             this).

\symlegacymaths=\mathgroup6
LaTeX Font Info:    Overwriting symbol font `legacymaths' in version `bold'
(Font)                  OT1/cmr/m/n --> OT1/cmr/bx/n on input line 72.
LaTeX Font Info:    Redeclaring math accent \acute on input line 72.
LaTeX Font Info:    Redeclaring math accent \grave on input line 72.
LaTeX Font Info:    Redeclaring math accent \ddot on input line 72.
LaTeX Font Info:    Redeclaring math accent \tilde on input line 72.
LaTeX Font Info:    Redeclaring math accent \bar on input line 72.
LaTeX Font Info:    Redeclaring math accent \breve on input line 72.
LaTeX Font Info:    Redeclaring math accent \check on input line 72.
LaTeX Font Info:    Redeclaring math accent \hat on input line 72.
LaTeX Font Info:    Redeclaring math accent \dot on input line 72.
LaTeX Font Info:    Redeclaring math accent \mathring on input line 72.
LaTeX Font Info:    Redeclaring math symbol \Gamma on input line 72.
LaTeX Font Info:    Redeclaring math symbol \Delta on input line 72.
LaTeX Font Info:    Redeclaring math symbol \Theta on input line 72.
LaTeX Font Info:    Redeclaring math symbol \Lambda on input line 72.
LaTeX Font Info:    Redeclaring math symbol \Xi on input line 72.
LaTeX Font Info:    Redeclaring math symbol \Pi on input line 72.
LaTeX Font Info:    Redeclaring math symbol \Sigma on input line 72.
LaTeX Font Info:    Redeclaring math symbol \Upsilon on input line 72.
LaTeX Font Info:    Redeclaring math symbol \Phi on input line 72.
LaTeX Font Info:    Redeclaring math symbol \Psi on input line 72.
LaTeX Font Info:    Redeclaring math symbol \Omega on input line 72.
LaTeX Font Info:    Redeclaring math symbol \mathdollar on input line 72.
LaTeX Font Info:    Redeclaring symbol font `operators' on input line 72.
LaTeX Font Info:    Encoding `OT1' has changed to `TU' for symbol font
(Font)              `operators' in the math version `normal' on input line 72.
LaTeX Font Info:    Overwriting symbol font `operators' in version `normal'
(Font)                  OT1/cmr/m/n --> TU/FreeSerif(0)/m/n on input line 72.
LaTeX Font Info:    Encoding `OT1' has changed to `TU' for symbol font
(Font)              `operators' in the math version `bold' on input line 72.
LaTeX Font Info:    Overwriting symbol font `operators' in version `bold'
(Font)                  OT1/cmr/bx/n --> TU/FreeSerif(0)/m/n on input line 72.
LaTeX Font Info:    Overwriting symbol font `operators' in version `normal'
(Font)                  TU/FreeSerif(0)/m/n --> TU/FreeSerif(0)/m/n on input li
ne 72.
LaTeX Font Info:    Overwriting math alphabet `\mathit' in version `normal'
(Font)                  OT1/cmr/m/it --> TU/FreeSerif(0)/m/it on input line 72.

LaTeX Font Info:    Overwriting math alphabet `\mathbf' in version `normal'
(Font)                  OT1/cmr/bx/n --> TU/FreeSerif(0)/b/n on input line 72.
LaTeX Font Info:    Overwriting math alphabet `\mathsf' in version `normal'
(Font)                  OT1/cmss/m/n --> TU/FreeSans(0)/m/n on input line 72.
LaTeX Font Info:    Overwriting math alphabet `\mathtt' in version `normal'
(Font)                  OT1/cmtt/m/n --> TU/FreeMono(0)/m/n on input line 72.
LaTeX Font Info:    Overwriting symbol font `operators' in version `bold'
(Font)                  TU/FreeSerif(0)/m/n --> TU/FreeSerif(0)/b/n on input li
ne 72.
LaTeX Font Info:    Overwriting math alphabet `\mathit' in version `bold'
(Font)                  OT1/cmr/bx/it --> TU/FreeSerif(0)/b/it on input line 72
.
LaTeX Font Info:    Overwriting math alphabet `\mathsf' in version `bold'
(Font)                  OT1/cmss/bx/n --> TU/FreeSans(0)/b/n on input line 72.
LaTeX Font Info:    Overwriting math alphabet `\mathtt' in version `bold'
(Font)                  OT1/cmtt/m/n --> TU/FreeMono(0)/b/n on input line 72.
\c@literalblock=\count334

*geometry* driver: auto-detecting
*geometry* detected driver: xetex
*geometry* verbose mode - [ preamble ] result:
* driver: xetex
* paper: letterpaper
* layout: <same size as paper>
* layoutoffset:(h,v)=(0.0pt,0.0pt)
* modes: twoside 
* h-part:(L,W,R)=(72.26999pt, 469.75502pt, 72.26999pt)
* v-part:(T,H,B)=(72.26999pt, 650.43001pt, 72.26999pt)
* \paperwidth=614.295pt
* \paperheight=794.96999pt
* \textwidth=469.75502pt
* \textheight=650.43001pt
* \oddsidemargin=0.0pt
* \evensidemargin=0.0pt
* \topmargin=-37.0pt
* \headheight=12.0pt
* \headsep=25.0pt
* \topskip=10.0pt
* \footskip=30.0pt
* \marginparwidth=36.135pt
* \marginparsep=11.0pt
* \columnsep=10.0pt
* \skip\footins=9.0pt plus 4.0pt minus 2.0pt
* \hoffset=0.0pt
* \voffset=0.0pt
* \mag=1000
* \@twocolumnfalse
* \@twosidetrue
* \@mparswitchtrue
* \@reversemarginfalse
* (1in=72.27pt=25.4mm, 1cm=28.453pt)

Package hyperref Info: Link coloring ON on input line 72.
(./blunderdb.out) (./blunderdb.out)
\@outlinefile=\write5
\openout5 = `blunderdb.out'.


Package fontspec Info: Font family 'FreeSerif(1)' created for font 'FreeSerif'
(fontspec)             with options [Script=Greek].
(fontspec)              
(fontspec)              This font family consists of the following NFSS
(fontspec)             series/shapes:
(fontspec)              
(fontspec)             - 'normal' (m/n) with NFSS spec.:
(fontspec)             <->"FreeSerif/OT:script=grek;language=dflt;"
(fontspec)             - 'small caps'  (m/sc) with NFSS spec.:
(fontspec)             <->"FreeSerif/OT:script=grek;language=dflt;+smcp;"
(fontspec)             - 'bold' (b/n) with NFSS spec.:
(fontspec)             <->"FreeSerif/B/OT:script=grek;language=dflt;"
(fontspec)             - 'bold small caps'  (b/sc) with NFSS spec.:
(fontspec)             <->"FreeSerif/B/OT:script=grek;language=dflt;+smcp;"
(fontspec)             - 'italic' (m/it) with NFSS spec.:
(fontspec)             <->"FreeSerif/I/OT:script=grek;language=dflt;"
(fontspec)             - 'italic small caps'  (m/scit) with NFSS spec.:
(fontspec)             <->"FreeSerif/I/OT:script=grek;language=dflt;+smcp;"
(fontspec)             - 'bold italic' (b/it) with NFSS spec.:
(fontspec)             <->"FreeSerif/BI/OT:script=grek;language=dflt;"
(fontspec)             - 'bold italic small caps'  (b/scit) with NFSS spec.:
(fontspec)             <->"FreeSerif/BI/OT:script=grek;language=dflt;+smcp;"


Package fontspec Info: Font family 'FreeSerif(2)' created for font 'FreeSerif'
(fontspec)             with options [Script=Greek,Language=Greek].
(fontspec)              
(fontspec)              This font family consists of the following NFSS
(fontspec)             series/shapes:
(fontspec)              
(fontspec)             - 'normal' (m/n) with NFSS spec.:
(fontspec)             <->"FreeSerif/OT:script=grek;language=ELL;"
(fontspec)             - 'small caps'  (m/sc) with NFSS spec.:
(fontspec)             <->"FreeSerif/OT:script=grek;language=ELL;+smcp;"
(fontspec)             - 'bold' (b/n) with NFSS spec.:
(fontspec)             <->"FreeSerif/B/OT:script=grek;language=ELL;"
(fontspec)             - 'bold small caps'  (b/sc) with NFSS spec.:
(fontspec)             <->"FreeSerif/B/OT:script=grek;language=ELL;+smcp;"
(fontspec)             - 'italic' (m/it) with NFSS spec.:
(fontspec)             <->"FreeSerif/I/OT:script=grek;language=ELL;"
(fontspec)             - 'italic small caps'  (m/scit) with NFSS spec.:
(fontspec)             <->"FreeSerif/I/OT:script=grek;language=ELL;+smcp;"
(fontspec)             - 'bold italic' (b/it) with NFSS spec.:
(fontspec)             <->"FreeSerif/BI/OT:script=grek;language=ELL;"
(fontspec)             - 'bold italic small caps'  (b/scit) with NFSS spec.:
(fontspec)             <->"FreeSerif/BI/OT:script=grek;language=ELL;+smcp;"

Package hyperref Info: Option `pageanchor' set `false' on input line 75.

Package fontspec Info: Font family 'FreeSans(1)' created for font 'FreeSans'
(fontspec)             with options [Script=Greek].
(fontspec)              
(fontspec)              This font family consists of the following NFSS
(fontspec)             series/shapes:
(fontspec)              
(fontspec)             - 'normal' (m/n) with NFSS spec.:
(fontspec)             <->"FreeSans/OT:script=grek;language=dflt;"
(fontspec)             - 'small caps'  (m/sc) with NFSS spec.:
(fontspec)             <->"FreeSans/OT:script=grek;language=dflt;+smcp;"
(fontspec)             - 'bold' (b/n) with NFSS spec.:
(fontspec)             <->"FreeSans/B/OT:script=grek;language=dflt;"
(fontspec)             - 'bold small caps'  (b/sc) with NFSS spec.:
(fontspec)             <->"FreeSans/B/OT:script=grek;language=dflt;+smcp;"
(fontspec)             - 'italic' (m/it) with NFSS spec.:
(fontspec)             <->"FreeSans/I/OT:script=grek;language=dflt;"
(fontspec)             - 'italic small caps'  (m/scit) with NFSS spec.:
(fontspec)             <->"FreeSans/I/OT:script=grek;language=dflt;+smcp;"
(fontspec)             - 'bold italic' (b/it) with NFSS spec.:
(fontspec)             <->"FreeSans/BI/OT:script=grek;language=dflt;"
(fontspec)             - 'bold italic small caps'  (b/scit) with NFSS spec.:
(fontspec)             <->"FreeSans/BI/OT:script=grek;language=dflt;+smcp;"


Package fontspec Info: Font family 'FreeSans(2)' created for font 'FreeSans'
(fontspec)             with options [Script=Greek,Language=Greek].
(fontspec)              
(fontspec)              This font family consists of the following NFSS
(fontspec)             series/shapes:
(fontspec)              
(fontspec)             - 'normal' (m/n) with NFSS spec.:
(fontspec)             <->"FreeSans/OT:script=grek;language=ELL;"
(fontspec)             - 'small caps'  (m/sc) with NFSS spec.:
(fontspec)             <->"FreeSans/OT:script=grek;language=ELL;+smcp;"
(fontspec)             - 'bold' (b/n) with NFSS spec.:
(fontspec)             <->"FreeSans/B/OT:script=grek;language=ELL;"
(fontspec)             - 'bold small caps'  (b/sc) with NFSS spec.:
(fontspec)             <->"FreeSans/B/OT:script=grek;language=ELL;+smcp;"
(fontspec)             - 'italic' (m/it) with NFSS spec.:
(fontspec)             <->"FreeSans/I/OT:script=grek;language=ELL;"
(fontspec)             - 'italic small caps'  (m/scit) with NFSS spec.:
(fontspec)             <->"FreeSans/I/OT:script=grek;language=ELL;+smcp;"
(fontspec)             - 'bold italic' (b/it) with NFSS spec.:
(fontspec)             <->"FreeSans/BI/OT:script=grek;language=ELL;"
(fontspec)             - 'bold italic small caps'  (b/scit) with NFSS spec.:
(fontspec)             <->"FreeSans/BI/OT:script=grek;language=ELL;+smcp;"

LaTeX Font Info:    Trying to load font information for U+msa on input line 75.


(/usr/share/texlive/texmf-dist/tex/latex/amsfonts/umsa.fd
File: umsa.fd 2013/01/14 v3.01 AMS symbols A
)
LaTeX Font Info:    Trying to load font information for U+msb on input line 75.


(/usr/share/texlive/texmf-dist/tex/latex/amsfonts/umsb.fd
File: umsb.fd 2013/01/14 v3.01 AMS symbols B
) [1

] [2


]
(./blunderdb.toc)
\tf@toc=\write6
\openout6 = `blunderdb.toc'.

 [1

] [2

] [1] [2

]
Κεφάλαιο 1.

Underfull \hbox (badness 10000) in paragraph at lines 179--181
[]\TU/FreeSerif(2)/m/n/10 Λειτουργία εισαγωγής/εξαγωγής μεταξύ στιγμιότυπων του

 []


Underfull \hbox (badness 10000) detected at line 188
[]\TU/FreeSerif(2)/m/n/10 Λειτουργία εισαγωγής/εξαγωγής μεταξύ στιγμιότυπων του

 []


Underfull \hbox (badness 10000) in paragraph at lines 346--348
[]\TU/FreeSerif(2)/m/n/10 Πλοήγηση στους αγώνες: περιήγηση στις κινήσεις ενός
 []


Underfull \hbox (badness 10000) detected at line 394
[]\TU/FreeSerif(2)/m/n/10 Πλοήγηση στους αγώνες: περιήγηση στις κινήσεις ενός
 []


Underfull \hbox (badness 10000) in paragraph at lines 466--468
[]\TU/FreeSerif(2)/m/n/10 Αυτόματη εμφάνιση του πίνακα ανάλυσης μετά από μια
 []


Underfull \hbox (badness 10000) detected at line 469
[]\TU/FreeSerif(2)/m/n/10 Αυτόματη εμφάνιση του πίνακα ανάλυσης μετά από μια
 []


Underfull \hbox (badness 6961) in paragraph at lines 533--535
[]\TU/FreeSerif(2)/m/n/10 Βελτιστοποίηση αποθήκευσης: συμπίεση zlib των δεδομέν
ων
 []


Underfull \hbox (badness 6047) in paragraph at lines 533--535
\TU/FreeSerif(2)/m/n/10 για τη βελτίωση της απόδοσης αναζήτησης. Διόρθωση της
 []


Underfull \hbox (badness 6047) detected at line 536
\TU/FreeSerif(2)/m/n/10 για τη βελτίωση της απόδοσης αναζήτησης. Διόρθωση της
 []


Underfull \hbox (badness 6961) detected at line 536
[]\TU/FreeSerif(2)/m/n/10 Βελτιστοποίηση αποθήκευσης: συμπίεση zlib των δεδομέν
ων
 []


Underfull \hbox (badness 10000) in paragraph at lines 549--551
\TU/FreeSerif(2)/m/n/10 ρόλοι ARIA, πλοήγηση με πληκτρολόγιο). Αναβάθμιση του
 []


Underfull \hbox (badness 5490) in paragraph at lines 549--551
\TU/FreeSerif(2)/m/n/10 mutex της Database σε RWMutex για καλύτερη παραλληλία
 []


Underfull \hbox (badness 10000) in paragraph at lines 549--551
\TU/FreeSerif(2)/m/n/10 FR/EN). Επανεγγραφή του README. Διόρθωση όλων των
 []


Underfull \hbox (badness 10000) in paragraph at lines 581--583
\TU/FreeSerif(2)/m/n/10 αποκλείει τις θέσεις που περιέχουν οποιοδήποτε από τα
 []


Underfull \hbox (badness 10000) detected at line 584
\TU/FreeSerif(2)/m/n/10 αποκλείει τις θέσεις που περιέχουν οποιοδήποτε από τα
 []


Underfull \hbox (badness 10000) in paragraph at lines 597--599
\TU/FreeSerif(2)/m/n/10 εργαλείων, πίνακες, μηνύματα, βοήθεια) μπορεί πλέον να
 []


Underfull \hbox (badness 5260) in paragraph at lines 597--599
\TU/FreeSerif(2)/m/n/10 εμφανιστεί κατ” επιλογήν στα αγγλικά, γαλλικά, γερμανικ
ά,
 []


Underfull \hbox (badness 10000) in paragraph at lines 597--599
\TU/FreeSerif(2)/m/n/10 Προσθήκη ενός παραθύρου ρυθμίσεων, προσβάσιμου μέσω
 []


Package fontspec Info: Font family 'FreeMono(1)' created for font 'FreeMono'
(fontspec)             with options [Script=Greek].
(fontspec)              
(fontspec)              This font family consists of the following NFSS
(fontspec)             series/shapes:
(fontspec)              
(fontspec)             - 'normal' (m/n) with NFSS spec.:
(fontspec)             <->"FreeMono/OT:script=grek;language=dflt;"
(fontspec)             - 'small caps'  (m/sc) with NFSS spec.:
(fontspec)             <->"FreeMono/OT:script=grek;language=dflt;+smcp;"
(fontspec)             - 'bold' (b/n) with NFSS spec.:
(fontspec)             <->"FreeMono/B/OT:script=grek;language=dflt;"
(fontspec)             - 'bold small caps'  (b/sc) with NFSS spec.: 
(fontspec)             - 'italic' (m/it) with NFSS spec.:
(fontspec)             <->"FreeMono/I/OT:script=grek;language=dflt;"
(fontspec)             - 'italic small caps'  (m/scit) with NFSS spec.:
(fontspec)             <->"FreeMono/I/OT:script=grek;language=dflt;+smcp;"
(fontspec)             - 'bold italic' (b/it) with NFSS spec.:
(fontspec)             <->"FreeMono/BI/OT:script=grek;language=dflt;"
(fontspec)             - 'bold italic small caps'  (b/scit) with NFSS spec.: 


Package fontspec Info: Font family 'FreeMono(2)' created for font 'FreeMono'
(fontspec)             with options [Script=Greek,Language=Greek].
(fontspec)              
(fontspec)              This font family consists of the following NFSS
(fontspec)             series/shapes:
(fontspec)              
(fontspec)             - 'normal' (m/n) with NFSS spec.:
(fontspec)             <->"FreeMono/OT:script=grek;language=ELL;"
(fontspec)             - 'small caps'  (m/sc) with NFSS spec.:
(fontspec)             <->"FreeMono/OT:script=grek;language=ELL;+smcp;"
(fontspec)             - 'bold' (b/n) with NFSS spec.:
(fontspec)             <->"FreeMono/B/OT:script=grek;language=ELL;"
(fontspec)             - 'bold small caps'  (b/sc) with NFSS spec.: 
(fontspec)             - 'italic' (m/it) with NFSS spec.:
(fontspec)             <->"FreeMono/I/OT:script=grek;language=ELL;"
(fontspec)             - 'italic small caps'  (m/scit) with NFSS spec.:
(fontspec)             <->"FreeMono/I/OT:script=grek;language=ELL;+smcp;"
(fontspec)             - 'bold italic' (b/it) with NFSS spec.:
(fontspec)             <->"FreeMono/BI/OT:script=grek;language=ELL;"
(fontspec)             - 'bold italic small caps'  (b/scit) with NFSS spec.: 


Underfull \hbox (badness 10000) in paragraph at lines 613--615
[]\TU/FreeSerif(2)/m/n/10 Προσθήκη μιας λειτουργίας χωρίς γραφικό περιβάλλον
 []


Underfull \hbox (badness 5417) in paragraph at lines 613--615
\TU/FreeSerif(2)/m/n/10 χρηστών με διαχωρισμό ανά tenant (και Row-Level Securit
y
 []


Underfull \hbox (badness 10000) detected at line 616
[]\TU/FreeSerif(2)/m/n/10 Προσθήκη μιας λειτουργίας χωρίς γραφικό περιβάλλον
 []


Underfull \hbox (badness 5652) in paragraph at lines 629--631
\TU/FreeSerif(2)/m/n/10 στο κέντρο του ταμπλό για τις αποφάσεις αποδοχής/πάσο.
 []


Underfull \hbox (badness 5652) detected at line 632
\TU/FreeSerif(2)/m/n/10 στο κέντρο του ταμπλό για τις αποφάσεις αποδοχής/πάσο.
 []


Underfull \hbox (badness 7704) in paragraph at lines 645--647
\TU/FreeSerif(2)/m/n/10 (reverse proxy). Δείτε [][]\TU/FreeSerif(2)/m/it/10 Λει
τουργία χωρίς γραφικό περιβάλλον
 []


Underfull \hbox (badness 5592) detected at line 648
\TU/FreeSerif(2)/m/n/10 (reverse proxy). Δείτε [][]\TU/FreeSerif(2)/m/it/10 Λει
τουργία χωρίς γραφικό περιβάλλον
 []


Underfull \hbox (badness 10000) in paragraph at lines 693--695
[]\TU/FreeSerif(2)/m/n/10 Πίνακας Anki: μια νέα λειτουργία ελεύθερης εξάσκησης
 []


Underfull \hbox (badness 7944) in paragraph at lines 693--695
\TU/FreeSerif(2)/m/n/10 το πρόγραμμα επαναλαμβανόμενης μελέτης — ιδανική για
 []


Underfull \hbox (badness 6412) in paragraph at lines 693--695
\TU/FreeSerif(2)/m/n/10 μια νέα εντολή \TU/FreeMono(2)/m/n/10 blunders \TU/Free
Serif(2)/m/n/10 (ψευδώνυμο \TU/FreeMono(2)/m/n/10 bl\TU/FreeSerif(2)/m/n/10 ) π
ου φορτώνει
 []


Underfull \hbox (badness 10000) in paragraph at lines 693--695
\TU/FreeSerif(2)/m/n/10 απευθείας τα χειρότερα λάθη (equity/MWC) στην προβολή
 []


Underfull \hbox (badness 10000) in paragraph at lines 693--695
\TU/FreeSerif(2)/m/n/10 αναζήτησης, εμφανίζουν το αντίστοιχο διακριτικό εντολής
.
 []


Underfull \hbox (badness 10000) in paragraph at lines 693--695
\TU/FreeSerif(2)/m/n/10 Λειτουργία διακομιστή (headless): νέες μέθοδοι \TU/Free
Mono(2)/m/n/10 matches.
 []


Underfull \hbox (badness 10000) detected at line 696
\TU/FreeSerif(2)/m/n/10 Λειτουργία διακομιστή (headless): νέες μέθοδοι \TU/Free
Mono(2)/m/n/10 matches.
 []


Underfull \hbox (badness 10000) detected at line 696
\TU/FreeSerif(2)/m/n/10 αναζήτησης, εμφανίζουν το αντίστοιχο διακριτικό εντολής
.
 []


Underfull \hbox (badness 7064) detected at line 696
\TU/FreeSerif(2)/m/n/10 απευθείας τα χειρότερα λάθη (equity/MWC) στην προβολή
 []


Underfull \hbox (badness 6032) detected at line 696
\TU/FreeSerif(2)/m/n/10 το πρόγραμμα επαναλαμβανόμενης μελέτης — ιδανική για
 []


Underfull \hbox (badness 10000) detected at line 696
[]\TU/FreeSerif(2)/m/n/10 Πίνακας Anki: μια νέα λειτουργία ελεύθερης εξάσκησης
 []

[3]
Overfull \vbox (2111.11995pt too high) has occurred while \output is active []


[4]
Κεφάλαιο 2.
[5

] [6] [7] [8] [9]
Underfull \hbox (badness 6542) in paragraph at lines 1114--1116
[]\TU/FreeSerif(2)/m/n/10 Ο πίνακας \TU/FreeSerif(2)/b/n/10 Τουρνουά \TU/FreeSe
rif(2)/m/n/10 (\TU/FreeSerif(2)/m/it/10 CTRL-Y\TU/FreeSerif(2)/m/n/10 ) επιτρέπ
ει την ομαδοποίηση αγώνων σε τουρνουά για οργανωμένη
 []

[10] [11] [12] [13] [14] [15] [16] [17]
Underfull \hbox (badness 8019) in paragraph at lines 1779--1781
[]\TU/FreeSerif(2)/m/n/10 Ένα παράθυρο προόδου εμφανίζει τον αριθμό των αρχείων
 που εισήχθησαν, απέτυχαν και
 []

[18] [19] [20] [21] [22] [23] [24] [25] [26] [27] [28] [29] [30] [31] [32]
[33] [34] [35] [36] [37] [38] [39] [40] [41]
Underfull \hbox (badness 5954) in paragraph at lines 5842--5844
[]\TU/FreeSerif(2)/b/n/10 Ο δαίμονας δεν εκτελεί καμία πιστοποίηση ταυτότητας. 
\TU/FreeSerif(2)/m/n/10 Εμπιστεύεται την κεφαλίδα αιτήματος
 []


Overfull \hbox (19.82352pt too wide) in paragraph at lines 5910--5912
[]\TU/FreeMono(2)/m/n/10 $BLUNDERDB_DSN 
 []


Overfull \hbox (19.82352pt too wide) detected at line 5913
[]\TU/FreeMono(2)/m/n/10 $BLUNDERDB_DSN 
 []


Underfull \hbox (badness 10000) in paragraph at lines 5969--5971
[][][]\TU/FreeMono(2)/m/n/10 cors[]allow[]origin
 []


Underfull \hbox (badness 10000) in paragraph at lines 5979--5981
[]\TU/FreeSerif(2)/m/n/10 ενεργοποιεί CORS για αυτή την προέλευση
 []


Underfull \hbox (badness 10000) in paragraph at lines 6001--6003
[][][]\TU/FreeMono(2)/m/n/10 rate[]limit[]burst
 []


Underfull \hbox (badness 10000) in paragraph at lines 6037--6039
[]\TU/FreeSerif(2)/m/n/10 Οι περισσότερες επιλογές μπορούν επίσης να παρασχεθού
ν μέσω μεταβλητής περιβάλλοντος
 []


Underfull \hbox (badness 10000) in paragraph at lines 6037--6039
\TU/FreeSerif(2)/m/n/10 (\TU/FreeMono(2)/m/n/10 BLUNDERDB_BACKEND\TU/FreeSerif(
2)/m/n/10 , \TU/FreeMono(2)/m/n/10 BLUNDERDB_DSN\TU/FreeSerif(2)/m/n/10 , \TU/F
reeMono(2)/m/n/10 BLUNDERDB_ADDR\TU/FreeSerif(2)/m/n/10 , \TU/FreeMono(2)/m/n/1
0 BLUNDERDB_LOG_LEVEL\TU/FreeSerif(2)/m/n/10 ,
 []

[42]
Underfull \hbox (badness 7595) in paragraph at lines 6161--6163
[]\TU/FreeSerif(2)/m/n/10 scope tenant προορισμού (υποχρεωτικό εκτός από
 []


Underfull \hbox (badness 10000) in paragraph at lines 6183--6185
[][][]\TU/FreeMono(2)/m/n/10 on[]conflict
 []

[43]
Overfull \hbox (9.46619pt too wide) in paragraph at lines 6292--6294
[]\TU/FreeMono(2)/m/n/10 $BLUNDERDB_DSN 
 []


Overfull \hbox (9.46619pt too wide) detected at line 6295
[]\TU/FreeMono(2)/m/n/10 $BLUNDERDB_DSN 
 []

[44] [45]
Underfull \hbox (badness 10000) in paragraph at lines 6601--6603
[]\TU/FreeSerif(2)/m/n/10 Πολύ καλό για
 []


Underfull \hbox (badness 10000) in paragraph at lines 6622--6624
[]\TU/FreeSerif(2)/m/n/10 δεμένα σημεία στο
 []


Underfull \hbox (badness 10000) detected at line 6625
[]\TU/FreeSerif(2)/m/n/10 δεμένα σημεία στο
 []


Underfull \hbox (badness 10000) in paragraph at lines 6633--6635
[]\TU/FreeSerif(2)/m/n/10 Λάθη του παίκτη 1
 []


Underfull \hbox (badness 10000) in paragraph at lines 6633--6635
\TU/FreeSerif(2)/m/n/10 μεγαλύτερα από 40
 []


Underfull \hbox (badness 5288) in paragraph at lines 6661--6663
[]\TU/FreeSerif(2)/m/n/10 Ένα πίσω πούλι προς
 []


Underfull \hbox (badness 10000) in paragraph at lines 6691--6693
[]\TU/FreeSerif(2)/m/n/10 Φράγμα εναντίον
 []


Underfull \hbox (badness 10000) in paragraph at lines 6723--6725
[]\TU/FreeSerif(2)/m/n/10 Διπλασιασμός
 []


Underfull \hbox (badness 10000) in paragraph at lines 6723--6725
\TU/FreeSerif(2)/m/n/10 με προβάδισμα
 []


Underfull \hbox (badness 10000) detected at line 6726
\TU/FreeSerif(2)/m/n/10 με προβάδισμα
 []


Underfull \hbox (badness 10000) detected at line 6726
[]\TU/FreeSerif(2)/m/n/10 Διπλασιασμός
 []

[46] [47]
File: smartscreen_en.png Graphic file (type bmp)
<smartscreen_en.png>
 [48]
File: blunderdb_potential_virus.png Graphic file (type bmp)
<blunderdb_potential_virus.png>
File: threat_found_action_needed.png Graphic file (type bmp)
<threat_found_action_needed.png>
File: win1.png Graphic file (type bmp)
<win1.png>
 [49] [50]
File: win2.png Graphic file (type bmp)
<win2.png>
File: win3.png Graphic file (type bmp)
<win3.png>
File: win4.png Graphic file (type bmp)
<win4.png>
File: win5.png Graphic file (type bmp)
<win5.png>
File: win6.png Graphic file (type bmp)
<win6.png>
File: win7.png Graphic file (type bmp)
<win7.png>
 [51] [52] [53] [54] [55] [56] [57] [58] [59] [60]
[61] [62]
Underfull \hbox (badness 7522) in paragraph at lines 7784--7786
[]\TU/FreeMono(2)/m/n/10 gnubg/analysis.c:458–462 \TU/FreeSerif(2)/m/n/10 — Συσ
σώρευση checker, αποκλεισμός αναγκαστικών κινήσεων
 []

[63] [64

]
Κεφάλαιο 3.
[65] [66

]
Κεφάλαιο 4.
[67] [68

]
Κεφάλαιο 5.
(./blunderdb.ind) [69] (./blunderdb.aux)
 ***********
LaTeX2e <2023-11-01> patch level 1
L3 programming layer <2024-01-22>
 ***********
Package rerunfilecheck Info: File `blunderdb.out' has not changed.
(rerunfilecheck)             Checksum: 74F939EDD87B7788F0480AEE80708A85;42421.
 ) 
Here is how much of TeX's memory you used:
 19596 strings out of 476443
 402437 string characters out of 5793962
 2002627 words of memory out of 5000000
 41057 multiletter control sequences out of 15000+600000
 568875 words of font info for 194 fonts, out of 8000000 for 9000
 265 hyphenation exceptions out of 8191
 79i,19n,93p,1507b,599s stack positions out of 10000i,1000n,20000p,200000b,200000s

Output written on blunderdb.pdf (73 pages).
