\BOOKMARK [0][-]{chapter.1}{\376\377\000C\000r\000o\000n\000o\000l\000o\000g\000i\000a\000\040\000d\000e\000l\000l\000e\000\040\000v\000e\000r\000s\000i\000o\000n\000i}{}% 1
\BOOKMARK [0][-]{chapter.2}{\376\377\000I\000n\000d\000i\000c\000e}{}% 2
\BOOKMARK [1][-]{section.2.1}{\376\377\000D\000o\000w\000n\000l\000o\000a\000d\000\040\000e\000\040\000i\000n\000s\000t\000a\000l\000l\000a\000z\000i\000o\000n\000e}{chapter.2}% 3
\BOOKMARK [2][-]{subsection.2.1.1}{\376\377\000I\000n\000s\000t\000a\000l\000l\000a\000z\000i\000o\000n\000e\000\040\000s\000u\000\040\000L\000i\000n\000u\000x}{section.2.1}% 4
\BOOKMARK [3][-]{subsubsection*.3}{\376\377\000P\000a\000c\000c\000h\000e\000t\000t\000i\000\040\000n\000a\000t\000i\000v\000i\000\040\000\050\000.\000d\000e\000b\000\040\000/\000\040\000.\000r\000p\000m\000\051}{subsection.2.1.1}% 5
\BOOKMARK [3][-]{subsubsection*.4}{\376\377\000A\000r\000c\000h\000\040\000L\000i\000n\000u\000x\000\040\000\050\000A\000U\000R\000\051}{subsection.2.1.1}% 6
\BOOKMARK [3][-]{subsubsection*.5}{\376\377\000A\000r\000c\000h\000i\000v\000i\000o\000\040\000.\000t\000a\000r\000.\000g\000z}{subsection.2.1.1}% 7
\BOOKMARK [3][-]{subsubsection*.6}{\376\377\000B\000i\000n\000a\000r\000i\000o\000\040\000g\000r\000e\000z\000z\000o\000\040\000\050\000m\000e\000t\000o\000d\000o\000\040\000a\000v\000a\000n\000z\000a\000t\000o\000\051}{subsection.2.1.1}% 8
\BOOKMARK [2][-]{subsection.2.1.2}{\376\377\000A\000v\000v\000e\000r\000t\000e\000n\000z\000e\000\040\000p\000e\000r\000\040\000W\000i\000n\000d\000o\000w\000s\000\040\000e\000\040\000M\000a\000c}{section.2.1}% 9
\BOOKMARK [1][-]{section.2.2}{\376\377\000M\000a\000n\000u\000a\000l\000e}{chapter.2}% 10
\BOOKMARK [2][-]{subsection.2.2.1}{\376\377\000I\000n\000t\000r\000o\000d\000u\000z\000i\000o\000n\000e}{section.2.2}% 11
\BOOKMARK [2][-]{subsection.2.2.2}{\376\377\000I\000n\000t\000e\000r\000a\000z\000i\000o\000n\000i\000\040\000p\000r\000i\000n\000c\000i\000p\000a\000l\000i}{section.2.2}% 12
\BOOKMARK [2][-]{subsection.2.2.3}{\376\377\000D\000e\000s\000c\000r\000i\000z\000i\000o\000n\000e\000\040\000d\000e\000l\000l\040\031\000i\000n\000t\000e\000r\000f\000a\000c\000c\000i\000a}{section.2.2}% 13
\BOOKMARK [2][-]{subsection.2.2.4}{\376\377\000C\000o\000n\000f\000i\000g\000u\000r\000a\000z\000i\000o\000n\000e}{section.2.2}% 14
\BOOKMARK [2][-]{subsection.2.2.5}{\376\377\000V\000i\000s\000i\000t\000e\000\040\000g\000u\000i\000d\000a\000t\000e\000\040\000e\000\040\000d\000a\000t\000a\000b\000a\000s\000e\000\040\000d\000i\000\040\000e\000s\000e\000m\000p\000i\000o}{section.2.2}% 15
\BOOKMARK [2][-]{subsection.2.2.6}{\376\377\000N\000a\000v\000i\000g\000a\000z\000i\000o\000n\000e\000\040\000t\000r\000a\000\040\000l\000e\000\040\000p\000o\000s\000i\000z\000i\000o\000n\000i}{section.2.2}% 16
\BOOKMARK [2][-]{subsection.2.2.7}{\376\377\000M\000o\000d\000i\000f\000i\000c\000a\000\040\000d\000e\000l\000l\000e\000\040\000p\000o\000s\000i\000z\000i\000o\000n\000i}{section.2.2}% 17
\BOOKMARK [2][-]{subsection.2.2.8}{\376\377\000L\000a\000\040\000r\000i\000g\000a\000\040\000d\000i\000\040\000c\000o\000m\000a\000n\000d\000o}{section.2.2}% 18
\BOOKMARK [2][-]{subsection.2.2.9}{\376\377\000P\000a\000n\000n\000e\000l\000l\000o\000\040\000A\000n\000a\000l\000i\000s\000i}{section.2.2}% 19
\BOOKMARK [2][-]{subsection.2.2.10}{\376\377\000P\000a\000n\000n\000e\000l\000l\000o\000\040\000C\000o\000m\000m\000e\000n\000t\000i}{section.2.2}% 20
\BOOKMARK [2][-]{subsection.2.2.11}{\376\377\000P\000a\000n\000n\000e\000l\000l\000o\000\040\000R\000i\000c\000e\000r\000c\000a}{section.2.2}% 21
\BOOKMARK [2][-]{subsection.2.2.12}{\376\377\000P\000a\000n\000n\000e\000l\000l\000o\000\040\000R\000a\000c\000c\000o\000l\000t\000e}{section.2.2}% 22
\BOOKMARK [2][-]{subsection.2.2.13}{\376\377\000P\000a\000n\000n\000e\000l\000l\000o\000\040\000M\000a\000t\000c\000h}{section.2.2}% 23
\BOOKMARK [2][-]{subsection.2.2.14}{\376\377\000P\000a\000n\000n\000e\000l\000l\000o\000\040\000T\000o\000r\000n\000e\000i}{section.2.2}% 24
\BOOKMARK [2][-]{subsection.2.2.15}{\376\377\000P\000a\000n\000n\000e\000l\000l\000o\000\040\000S\000t\000a\000t\000s}{section.2.2}% 25
\BOOKMARK [3][-]{subsubsection*.7}{\376\377\000I\000n\000t\000r\000o\000d\000u\000z\000i\000o\000n\000e}{subsection.2.2.15}% 26
\BOOKMARK [3][-]{subsubsection*.8}{\376\377\000A\000p\000e\000r\000t\000u\000r\000a\000\040\000d\000e\000l\000\040\000p\000a\000n\000n\000e\000l\000l\000o}{subsection.2.2.15}% 27
\BOOKMARK [3][-]{subsubsection*.9}{\376\377\000B\000a\000r\000r\000a\000\040\000d\000e\000i\000\040\000f\000i\000l\000t\000r\000i}{subsection.2.2.15}% 28
\BOOKMARK [4][-]{paragraph*.10}{\376\377\000P\000r\000o\000s\000p\000e\000t\000t\000i\000v\000a\000\040\000d\000e\000l\000\040\000g\000i\000o\000c\000a\000t\000o\000r\000e}{subsubsection*.9}% 29
\BOOKMARK [4][-]{paragraph*.11}{\376\377\000F\000i\000l\000t\000r\000i\000\040\000d\000i\000s\000p\000o\000n\000i\000b\000i\000l\000i}{subsubsection*.9}% 30
\BOOKMARK [3][-]{subsubsection*.12}{\376\377\000C\000o\000m\000m\000u\000t\000a\000z\000i\000o\000n\000e\000\040\000P\000R\000\040\000/\000\040\000M\000W\000C}{subsection.2.2.15}% 31
\BOOKMARK [3][-]{subsubsection*.13}{\376\377\000S\000c\000h\000e\000d\000a\000\040\000D\000a\000s\000h\000b\000o\000a\000r\000d}{subsection.2.2.15}% 32
\BOOKMARK [4][-]{paragraph*.14}{\376\377\000S\000c\000h\000e\000d\000e\000\040\000d\000i\000\040\000l\000i\000v\000e\000l\000l\000o}{subsubsection*.13}% 33
\BOOKMARK [4][-]{paragraph*.15}{\376\377\000P\000R\000\040\000m\000o\000b\000i\000l\000e\000\040\000s\000u\000l\000l\000e\000\040\000u\000l\000t\000i\000m\000e\000\040\000N\000\040\000d\000e\000c\000i\000s\000i\000o\000n\000i}{subsubsection*.13}% 34
\BOOKMARK [4][-]{paragraph*.16}{\376\377\000T\000o\000p\000\040\000b\000l\000u\000n\000d\000e\000r}{subsubsection*.13}% 35
\BOOKMARK [3][-]{subsubsection*.17}{\376\377\000S\000c\000h\000e\000d\000a\000\040\000P\000r\000o\000g\000r\000e\000s\000s\000i\000o\000n\000e}{subsection.2.2.15}% 36
\BOOKMARK [4][-]{paragraph*.18}{\376\377\000G\000r\000a\000f\000i\000c\000o\000\040\000a\000\040\000l\000i\000n\000e\000e\000\040\000p\000e\000r\000\040\000t\000o\000r\000n\000e\000o}{subsubsection*.17}% 37
\BOOKMARK [4][-]{paragraph*.19}{\376\377\000S\000c\000a\000t\000t\000e\000r\000\040\000p\000l\000o\000t\000\040\000p\000e\000r\000\040\000m\000a\000t\000c\000h}{subsubsection*.17}% 38
\BOOKMARK [3][-]{subsubsection*.20}{\376\377\000S\000c\000h\000e\000d\000a\000\040\000E\000r\000r\000o\000r\000i}{subsection.2.2.15}% 39
\BOOKMARK [4][-]{paragraph*.21}{\376\377\000R\000i\000p\000a\000r\000t\000i\000z\000i\000o\000n\000e\000\040\000p\000e\000r\000\040\000a\000z\000i\000o\000n\000e\000\040\000d\000i\000\040\000c\000u\000b\000o}{subsubsection*.20}% 40
\BOOKMARK [4][-]{paragraph*.22}{\376\377\000C\000o\000n\000f\000r\000o\000n\000t\000o\000\040\000C\000h\000e\000c\000k\000e\000r\000\040\000/\000\040\000C\000u\000b\000e}{subsubsection*.20}% 41
\BOOKMARK [4][-]{paragraph*.23}{\376\377\000I\000s\000t\000o\000g\000r\000a\000m\000m\000a\000\040\000d\000e\000l\000l\000e\000\040\000m\000a\000g\000n\000i\000t\000u\000d\000o\000\040\000d\040\031\000e\000r\000r\000o\000r\000e}{subsubsection*.20}% 42
\BOOKMARK [3][-]{subsubsection*.24}{\376\377\000R\000e\000g\000o\000l\000a\000\040\000d\000i\000\040\000a\000g\000g\000r\000e\000g\000a\000z\000i\000o\000n\000e}{subsection.2.2.15}% 43
\BOOKMARK [3][-]{subsubsection*.25}{\376\377\000M\000W\000C\000:\000\040\000l\000i\000m\000i\000t\000a\000z\000i\000o\000n\000i}{subsection.2.2.15}% 44
\BOOKMARK [2][-]{subsection.2.2.16}{\376\377\000P\000a\000n\000n\000e\000l\000l\000o\000\040\000E\000P\000C}{section.2.2}% 45
\BOOKMARK [2][-]{subsection.2.2.17}{\376\377\000P\000a\000n\000n\000e\000l\000l\000o\000\040\000A\000n\000k\000i}{section.2.2}% 46
\BOOKMARK [2][-]{subsection.2.2.18}{\376\377\000P\000a\000n\000n\000e\000l\000l\000o\000\040\000M\000e\000t\000a\000d\000a\000t\000i}{section.2.2}% 47
\BOOKMARK [2][-]{subsection.2.2.19}{\376\377\000P\000a\000n\000n\000e\000l\000l\000o\000\040\000R\000e\000g\000i\000s\000t\000r\000o}{section.2.2}% 48
\BOOKMARK [1][-]{section.2.3}{\376\377\000G\000u\000i\000d\000a\000\040\000u\000t\000e\000n\000t\000e}{chapter.2}% 49
\BOOKMARK [2][-]{subsection.2.3.1}{\376\377\000C\000r\000e\000a\000r\000e\000\040\000u\000n\000\040\000n\000u\000o\000v\000o\000\040\000d\000a\000t\000a\000b\000a\000s\000e}{section.2.3}% 50
\BOOKMARK [2][-]{subsection.2.3.2}{\376\377\000A\000p\000r\000i\000r\000e\000\040\000u\000n\000\040\000d\000a\000t\000a\000b\000a\000s\000e\000\040\000e\000s\000i\000s\000t\000e\000n\000t\000e}{section.2.3}% 51
\BOOKMARK [2][-]{subsection.2.3.3}{\376\377\000I\000m\000p\000o\000r\000t\000a\000r\000e\000\040\000e\000\040\000u\000n\000i\000r\000e\000\040\000u\000n\000\040\000d\000a\000t\000a\000b\000a\000s\000e}{section.2.3}% 52
\BOOKMARK [2][-]{subsection.2.3.4}{\376\377\000M\000o\000d\000i\000f\000i\000c\000a\000r\000e\000\040\000u\000n\000a\000\040\000p\000o\000s\000i\000z\000i\000o\000n\000e}{section.2.3}% 53
\BOOKMARK [2][-]{subsection.2.3.5}{\376\377\000A\000g\000g\000i\000u\000n\000g\000e\000r\000e\000\040\000u\000n\000a\000\040\000p\000o\000s\000i\000z\000i\000o\000n\000e\000\040\000a\000l\000\040\000d\000a\000t\000a\000b\000a\000s\000e}{section.2.3}% 54
\BOOKMARK [2][-]{subsection.2.3.6}{\376\377\000E\000t\000i\000c\000h\000e\000t\000t\000a\000r\000e\000\040\000u\000n\000a\000\040\000p\000o\000s\000i\000z\000i\000o\000n\000e}{section.2.3}% 55
\BOOKMARK [2][-]{subsection.2.3.7}{\376\377\000E\000l\000i\000m\000i\000n\000a\000r\000e\000\040\000u\000n\000a\000\040\000p\000o\000s\000i\000z\000i\000o\000n\000e}{section.2.3}% 56
\BOOKMARK [2][-]{subsection.2.3.8}{\376\377\000I\000m\000p\000o\000r\000t\000a\000r\000e\000\040\000u\000n\000a\000\040\000p\000o\000s\000i\000z\000i\000o\000n\000e\000\040\000d\000a\000\040\000X\000G}{section.2.3}% 57
\BOOKMARK [2][-]{subsection.2.3.9}{\376\377\000I\000m\000p\000o\000r\000t\000a\000r\000e\000\040\000u\000n\000\040\000m\000a\000t\000c\000h}{section.2.3}% 58
\BOOKMARK [2][-]{subsection.2.3.10}{\376\377\000I\000m\000p\000o\000r\000t\000a\000r\000e\000\040\000u\000n\000a\000\040\000c\000a\000r\000t\000e\000l\000l\000a\000\040\000d\000i\000\040\000m\000a\000t\000c\000h}{section.2.3}% 59
\BOOKMARK [2][-]{subsection.2.3.11}{\376\377\000T\000r\000a\000s\000c\000i\000n\000a\000\040\000e\000\040\000r\000i\000l\000a\000s\000c\000i\000a}{section.2.3}% 60
\BOOKMARK [2][-]{subsection.2.3.12}{\376\377\000N\000a\000v\000i\000g\000a\000r\000e\000\040\000i\000n\000\040\000u\000n\000\040\000m\000a\000t\000c\000h}{section.2.3}% 61
\BOOKMARK [2][-]{subsection.2.3.13}{\376\377\000G\000e\000s\000t\000i\000r\000e\000\040\000i\000l\000\040\000p\000a\000n\000n\000e\000l\000l\000o\000\040\000d\000e\000i\000\040\000m\000a\000t\000c\000h}{section.2.3}% 62
\BOOKMARK [2][-]{subsection.2.3.14}{\376\377\000G\000e\000s\000t\000i\000r\000e\000\040\000l\000e\000\040\000c\000o\000l\000l\000e\000z\000i\000o\000n\000i}{section.2.3}% 63
\BOOKMARK [2][-]{subsection.2.3.15}{\376\377\000G\000e\000s\000t\000i\000r\000e\000\040\000i\000\040\000t\000o\000r\000n\000e\000i}{section.2.3}% 64
\BOOKMARK [2][-]{subsection.2.3.16}{\376\377\000V\000i\000s\000u\000a\000l\000i\000z\000z\000a\000r\000e\000\040\000l\000e\000\040\000s\000t\000a\000t\000i\000s\000t\000i\000c\000h\000e\000\040\000d\000i\000\040\000p\000e\000r\000f\000o\000r\000m\000a\000n\000c\000e}{section.2.3}% 65
\BOOKMARK [2][-]{subsection.2.3.17}{\376\377\000C\000a\000l\000c\000o\000l\000a\000r\000e\000\040\000l\040\031\000E\000P\000C}{section.2.3}% 66
\BOOKMARK [2][-]{subsection.2.3.18}{\376\377\000V\000i\000s\000u\000a\000l\000i\000z\000z\000a\000r\000e\000\040\000l\040\031\000a\000n\000a\000l\000i\000s\000i\000\040\000d\000i\000\040\000u\000n\000a\000\040\000p\000o\000s\000i\000z\000i\000o\000n\000e\000\040\000i\000m\000p\000o\000r\000t\000a\000t\000a\000\040\000d\000a\000\040\000X\000G}{section.2.3}% 67
\BOOKMARK [2][-]{subsection.2.3.19}{\376\377\000E\000s\000p\000o\000r\000t\000a\000r\000e\000\040\000u\000n\000a\000\040\000p\000o\000s\000i\000z\000i\000o\000n\000e\000\040\000v\000e\000r\000s\000o\000\040\000X\000G}{section.2.3}% 68
\BOOKMARK [2][-]{subsection.2.3.20}{\376\377\000V\000i\000s\000u\000a\000l\000i\000z\000z\000a\000r\000e\000\040\000l\000e\000\040\000d\000i\000v\000e\000r\000s\000e\000\040\000p\000o\000s\000i\000z\000i\000o\000n\000i}{section.2.3}% 69
\BOOKMARK [2][-]{subsection.2.3.21}{\376\377\000C\000e\000r\000c\000a\000r\000e\000\040\000p\000o\000s\000i\000z\000i\000o\000n\000i\000\040\000i\000n\000\040\000b\000a\000s\000e\000\040\000a\000\040\000c\000r\000i\000t\000e\000r\000i}{section.2.3}% 70
\BOOKMARK [1][-]{section.2.4}{\376\377\000E\000l\000e\000n\000c\000o\000\040\000d\000e\000i\000\040\000c\000o\000m\000a\000n\000d\000i}{chapter.2}% 71
\BOOKMARK [2][-]{subsection.2.4.1}{\376\377\000O\000p\000e\000r\000a\000z\000i\000o\000n\000i\000\040\000g\000l\000o\000b\000a\000l\000i}{section.2.4}% 72
\BOOKMARK [2][-]{subsection.2.4.2}{\376\377\000P\000o\000s\000i\000z\000i\000o\000n\000i\000\040\000e\000\040\000n\000a\000v\000i\000g\000a\000z\000i\000o\000n\000e}{section.2.4}% 73
\BOOKMARK [2][-]{subsection.2.4.3}{\376\377\000M\000o\000d\000i\000f\000i\000c\000a\000\040\000e\000\040\000r\000i\000c\000e\000r\000c\000a}{section.2.4}% 74
\BOOKMARK [2][-]{subsection.2.4.4}{\376\377\000F\000i\000l\000t\000r\000i\000\040\000d\000i\000\040\000r\000i\000c\000e\000r\000c\000a}{section.2.4}% 75
\BOOKMARK [2][-]{subsection.2.4.5}{\376\377\000C\000o\000m\000a\000n\000d\000i\000\040\000v\000a\000r\000i}{section.2.4}% 76
\BOOKMARK [1][-]{section.2.5}{\376\377\000S\000c\000o\000r\000c\000i\000a\000t\000o\000i\000e\000\040\000d\000a\000\040\000t\000a\000s\000t\000i\000e\000r\000a}{chapter.2}% 77
\BOOKMARK [2][-]{subsection.2.5.1}{\376\377\000D\000a\000t\000a\000b\000a\000s\000e}{section.2.5}% 78
\BOOKMARK [2][-]{subsection.2.5.2}{\376\377\000P\000o\000s\000i\000z\000i\000o\000n\000e}{section.2.5}% 79
\BOOKMARK [2][-]{subsection.2.5.3}{\376\377\000N\000a\000v\000i\000g\000a\000z\000i\000o\000n\000e}{section.2.5}% 80
\BOOKMARK [2][-]{subsection.2.5.4}{\376\377\000V\000i\000s\000u\000a\000l\000i\000z\000z\000a\000z\000i\000o\000n\000e}{section.2.5}% 81
\BOOKMARK [2][-]{subsection.2.5.5}{\376\377\000A\000z\000i\000o\000n\000i}{section.2.5}% 82
\BOOKMARK [2][-]{subsection.2.5.6}{\376\377\000S\000t\000r\000u\000m\000e\000n\000t\000i}{section.2.5}% 83
\BOOKMARK [2][-]{subsection.2.5.7}{\376\377\000R\000i\000g\000a\000\040\000d\000i\000\040\000c\000o\000m\000a\000n\000d\000o}{section.2.5}% 84
\BOOKMARK [2][-]{subsection.2.5.8}{\376\377\000P\000a\000n\000n\000e\000l\000l\000o\000\040\000c\000r\000o\000n\000o\000l\000o\000g\000i\000a\000\040\000d\000i\000\040\000r\000i\000c\000e\000r\000c\000a}{section.2.5}% 85
\BOOKMARK [2][-]{subsection.2.5.9}{\376\377\000P\000a\000n\000n\000e\000l\000l\000o\000\040\000l\000i\000b\000r\000e\000r\000i\000a\000\040\000d\000i\000\040\000f\000i\000l\000t\000r\000i}{section.2.5}% 86
\BOOKMARK [2][-]{subsection.2.5.10}{\376\377\000P\000a\000n\000n\000e\000l\000l\000o\000\040\000d\000i\000\040\000a\000n\000a\000l\000i\000s\000i}{section.2.5}% 87
\BOOKMARK [2][-]{subsection.2.5.11}{\376\377\000P\000a\000n\000n\000e\000l\000l\000o\000\040\000d\000e\000i\000\040\000m\000a\000t\000c\000h}{section.2.5}% 88
\BOOKMARK [2][-]{subsection.2.5.12}{\376\377\000P\000a\000n\000n\000e\000l\000l\000o\000\040\000A\000n\000k\000i\000\040\000\050\000r\000i\000p\000e\000t\000i\000z\000i\000o\000n\000e\000\040\000d\000i\000l\000a\000z\000i\000o\000n\000a\000t\000a\000\051}{section.2.5}% 89
\BOOKMARK [1][-]{section.2.6}{\376\377\000I\000n\000t\000e\000r\000f\000a\000c\000c\000i\000a\000\040\000a\000\040\000r\000i\000g\000a\000\040\000d\000i\000\040\000c\000o\000m\000a\000n\000d\000o\000\040\000\050\000C\000L\000I\000\051}{chapter.2}% 90
\BOOKMARK [2][-]{subsection.2.6.1}{\376\377\000I\000n\000t\000r\000o\000d\000u\000z\000i\000o\000n\000e}{section.2.6}% 91
\BOOKMARK [2][-]{subsection.2.6.2}{\376\377\000S\000i\000n\000t\000a\000s\000s\000i\000\040\000g\000e\000n\000e\000r\000a\000l\000e}{section.2.6}% 92
\BOOKMARK [2][-]{subsection.2.6.3}{\376\377\000C\000o\000m\000a\000n\000d\000i\000\040\000d\000i\000s\000p\000o\000n\000i\000b\000i\000l\000i}{section.2.6}% 93
\BOOKMARK [2][-]{subsection.2.6.4}{\376\377\000c\000r\000e\000a\000t\000e\000\040\040\024\000\040\000C\000r\000e\000a\000r\000e\000\040\000u\000n\000\040\000d\000a\000t\000a\000b\000a\000s\000e}{section.2.6}% 94
\BOOKMARK [2][-]{subsection.2.6.5}{\376\377\000i\000m\000p\000o\000r\000t\000\040\040\024\000\040\000I\000m\000p\000o\000r\000t\000a\000r\000e\000\040\000d\000a\000t\000i}{section.2.6}% 95
\BOOKMARK [3][-]{subsubsection*.27}{\376\377\000I\000m\000p\000o\000r\000t\000\040\000d\000i\000\040\000u\000n\000\040\000m\000a\000t\000c\000h}{subsection.2.6.5}% 96
\BOOKMARK [3][-]{subsubsection*.28}{\376\377\000I\000m\000p\000o\000r\000t\000\040\000d\000i\000\040\000p\000o\000s\000i\000z\000i\000o\000n\000i}{subsection.2.6.5}% 97
\BOOKMARK [3][-]{subsubsection*.29}{\376\377\000I\000m\000p\000o\000r\000t\000\040\000i\000n\000\040\000l\000o\000t\000t\000o}{subsection.2.6.5}% 98
\BOOKMARK [2][-]{subsection.2.6.6}{\376\377\000e\000x\000p\000o\000r\000t\000\040\040\024\000\040\000E\000s\000p\000o\000r\000t\000a\000r\000e\000\040\000d\000a\000t\000i}{section.2.6}% 99
\BOOKMARK [2][-]{subsection.2.6.7}{\376\377\000s\000e\000a\000r\000c\000h\000\040\040\024\000\040\000C\000e\000r\000c\000a\000r\000e\000\040\000p\000o\000s\000i\000z\000i\000o\000n\000i}{section.2.6}% 100
\BOOKMARK [2][-]{subsection.2.6.8}{\376\377\000l\000i\000s\000t\000\040\040\024\000\040\000E\000l\000e\000n\000c\000a\000r\000e\000\040\000i\000l\000\040\000c\000o\000n\000t\000e\000n\000u\000t\000o}{section.2.6}% 101
\BOOKMARK [2][-]{subsection.2.6.9}{\376\377\000m\000a\000t\000c\000h\000\040\040\024\000\040\000V\000i\000s\000u\000a\000l\000i\000z\000z\000a\000r\000e\000\040\000u\000n\000\040\000m\000a\000t\000c\000h}{section.2.6}% 102
\BOOKMARK [2][-]{subsection.2.6.10}{\376\377\000i\000n\000f\000o\000\040\040\024\000\040\000M\000e\000t\000a\000d\000a\000t\000i\000\040\000d\000e\000l\000\040\000d\000a\000t\000a\000b\000a\000s\000e}{section.2.6}% 103
\BOOKMARK [2][-]{subsection.2.6.11}{\376\377\000e\000d\000i\000t\000\040\040\024\000\040\000M\000o\000d\000i\000f\000i\000c\000a\000r\000e\000\040\000i\000\040\000m\000e\000t\000a\000d\000a\000t\000i}{section.2.6}% 104
\BOOKMARK [2][-]{subsection.2.6.12}{\376\377\000v\000e\000r\000i\000f\000y\000\040\040\024\000\040\000V\000e\000r\000i\000f\000i\000c\000a\000r\000e\000\040\000l\040\031\000i\000n\000t\000e\000g\000r\000i\000t\000\340}{section.2.6}% 105
\BOOKMARK [2][-]{subsection.2.6.13}{\376\377\000d\000e\000l\000e\000t\000e\000\040\040\024\000\040\000E\000l\000i\000m\000i\000n\000a\000r\000e\000\040\000d\000a\000t\000i}{section.2.6}% 106
\BOOKMARK [2][-]{subsection.2.6.14}{\376\377\000E\000s\000e\000m\000p\000i\000\040\000d\000i\000\040\000f\000l\000u\000s\000s\000o\000\040\000d\000i\000\040\000l\000a\000v\000o\000r\000o}{section.2.6}% 107
\BOOKMARK [3][-]{subsubsection*.30}{\376\377\000I\000m\000p\000o\000r\000t\000\040\000d\000i\000\040\000u\000n\000a\000\040\000c\000a\000r\000t\000e\000l\000l\000a\000\040\000d\000i\000\040\000t\000o\000r\000n\000e\000o}{subsection.2.6.14}% 108
\BOOKMARK [3][-]{subsubsection*.31}{\376\377\000B\000a\000c\000k\000u\000p\000\040\000p\000e\000r\000i\000o\000d\000i\000c\000o}{subsection.2.6.14}% 109
\BOOKMARK [3][-]{subsubsection*.32}{\376\377\000A\000n\000a\000l\000i\000s\000i\000\040\000d\000e\000g\000l\000i\000\040\000e\000r\000r\000o\000r\000i}{subsection.2.6.14}% 110
\BOOKMARK [2][-]{subsection.2.6.15}{\376\377\000C\000o\000d\000i\000c\000i\000\040\000d\000i\000\040\000u\000s\000c\000i\000t\000a}{section.2.6}% 111
\BOOKMARK [1][-]{section.2.7}{\376\377\000D\000o\000m\000a\000n\000d\000e\000\040\000f\000r\000e\000q\000u\000e\000n\000t\000i\000\040\000\050\000F\000A\000Q\000\051}{chapter.2}% 112
\BOOKMARK [2][-]{subsection.2.7.1}{\376\377\000A\000\040\000c\000o\000s\000a\000\040\000s\000e\000r\000v\000e\000\040\000b\000l\000u\000n\000d\000e\000r\000D\000B\000?}{section.2.7}% 113
\BOOKMARK [2][-]{subsection.2.7.2}{\376\377\000C\000o\000s\000a\000\040\000h\000a\000\040\000m\000o\000t\000i\000v\000a\000t\000o\000\040\000l\000a\000\040\000c\000r\000e\000a\000z\000i\000o\000n\000e\000\040\000d\000i\000\040\000b\000l\000u\000n\000d\000e\000r\000D\000B\000?}{section.2.7}% 114
\BOOKMARK [2][-]{subsection.2.7.3}{\376\377\000C\000o\000m\000e\000\040\000s\000a\000l\000v\000a\000r\000e\000\040\000l\000o\000\040\000s\000t\000a\000t\000o\000\040\000d\000e\000l\000\040\000d\000a\000t\000a\000b\000a\000s\000e\000\040\000c\000o\000r\000r\000e\000n\000t\000e\000?}{section.2.7}% 115
\BOOKMARK [2][-]{subsection.2.7.4}{\376\377\000D\000e\000v\000o\000\040\000c\000r\000e\000a\000r\000e\000\040\000d\000a\000t\000a\000b\000a\000s\000e\000\040\000d\000i\000v\000e\000r\000s\000i\000\040\000p\000e\000r\000\040\000c\000a\000t\000e\000g\000o\000r\000i\000e\000\040\000d\000i\000v\000e\000r\000s\000e\000\040\000d\000i\000\040\000p\000o\000s\000i\000z\000i\000o\000n\000i\000?}{section.2.7}% 116
\BOOKMARK [2][-]{subsection.2.7.5}{\376\377\000C\000o\000m\000e\000\040\000u\000n\000i\000r\000e\000\040\000p\000i\000\371\000\040\000d\000a\000t\000a\000b\000a\000s\000e\000?}{section.2.7}% 117
\BOOKMARK [2][-]{subsection.2.7.6}{\376\377\000Q\000u\000a\000l\000i\000\040\000f\000o\000r\000m\000a\000t\000i\000\040\000d\000i\000\040\000f\000i\000l\000e\000\040\000d\000i\000\040\000m\000a\000t\000c\000h\000\040\000s\000o\000n\000o\000\040\000s\000u\000p\000p\000o\000r\000t\000a\000t\000i\000?}{section.2.7}% 118
\BOOKMARK [2][-]{subsection.2.7.7}{\376\377\000C\000h\000e\000\040\000c\000o\000s\040\031\000\350\000\040\000u\000n\000a\000\040\000c\000o\000l\000l\000e\000z\000i\000o\000n\000e\000?}{section.2.7}% 119
\BOOKMARK [2][-]{subsection.2.7.8}{\376\377\000C\000h\000e\000\040\000c\000o\000s\040\031\000\350\000\040\000l\040\031\000E\000P\000C\000?}{section.2.7}% 120
\BOOKMARK [2][-]{subsection.2.7.9}{\376\377\000b\000l\000u\000n\000d\000e\000r\000D\000B\000\040\000d\000i\000s\000p\000o\000n\000e\000\040\000d\000i\000\040\000u\000n\040\031\000i\000n\000t\000e\000r\000f\000a\000c\000c\000i\000a\000\040\000a\000\040\000r\000i\000g\000a\000\040\000d\000i\000\040\000c\000o\000m\000a\000n\000d\000o\000?}{section.2.7}% 121
\BOOKMARK [2][-]{subsection.2.7.10}{\376\377\000P\000o\000s\000s\000o\000\040\000m\000o\000d\000i\000f\000i\000c\000a\000r\000e\000,\000\040\000c\000o\000p\000i\000a\000r\000e\000,\000\040\000c\000o\000n\000d\000i\000v\000i\000d\000e\000r\000e\000\040\000b\000l\000u\000n\000d\000e\000r\000D\000B\000?}{section.2.7}% 122
\BOOKMARK [2][-]{subsection.2.7.11}{\376\377\000Q\000u\000a\000l\000e\000\040\000f\000o\000r\000m\000a\000t\000o\000\040\000d\000i\000\040\000d\000a\000t\000i\000\040\000u\000t\000i\000l\000i\000z\000z\000a\000\040\000b\000l\000u\000n\000d\000e\000r\000D\000B\000?}{section.2.7}% 123
\BOOKMARK [2][-]{subsection.2.7.12}{\376\377\000Q\000u\000a\000l\000i\000\040\000s\000o\000n\000o\000\040\000s\000t\000a\000t\000i\000\040\000i\000\040\000p\000r\000i\000n\000c\000i\000p\000i\000\040\000d\000i\000\040\000p\000r\000o\000g\000e\000t\000t\000a\000z\000i\000o\000n\000e\000\040\000d\000i\000\040\000b\000l\000u\000n\000d\000e\000r\000D\000B\000?}{section.2.7}% 124
\BOOKMARK [2][-]{subsection.2.7.13}{\376\377\000Q\000u\000a\000l\000\040\000\350\000\040\000l\040\031\000a\000r\000c\000h\000i\000t\000e\000t\000t\000u\000r\000a\000\040\000s\000o\000f\000t\000w\000a\000r\000e\000\040\000d\000i\000\040\000b\000l\000u\000n\000d\000e\000r\000D\000B\000?}{section.2.7}% 125
\BOOKMARK [2][-]{subsection.2.7.14}{\376\377\000S\000u\000\040\000q\000u\000a\000l\000i\000\040\000p\000i\000a\000t\000t\000a\000f\000o\000r\000m\000e\000\040\000f\000u\000n\000z\000i\000o\000n\000a\000\040\000b\000l\000u\000n\000d\000e\000r\000D\000B\000?}{section.2.7}% 126
\BOOKMARK [2][-]{subsection.2.7.15}{\376\377\000D\000a\000\040\000d\000o\000v\000e\000\040\000p\000r\000o\000v\000i\000e\000n\000e\000\040\000l\040\031\000i\000c\000o\000n\000a\000\040\000d\000i\000\040\000b\000l\000u\000n\000d\000e\000r\000D\000B\000?}{section.2.7}% 127
\BOOKMARK [1][-]{section.2.8}{\376\377\000M\000o\000d\000a\000l\000i\000t\000\340\000\040\000h\000e\000a\000d\000l\000e\000s\000s\000\040\000\050\000s\000e\000r\000v\000e\000r\000\051}{chapter.2}% 128
\BOOKMARK [2][-]{subsection.2.8.1}{\376\377\000P\000a\000n\000o\000r\000a\000m\000i\000c\000a}{section.2.8}% 129
\BOOKMARK [2][-]{subsection.2.8.2}{\376\377\000I\000l\000\040\000d\000e\000m\000o\000n\000e\000\040\000s\000e\000r\000v\000e}{section.2.8}% 130
\BOOKMARK [3][-]{subsubsection*.33}{\376\377\000P\000u\000n\000t\000i\000\040\000d\000i\000\040\000a\000c\000c\000e\000s\000s\000o}{subsection.2.8.2}% 131
\BOOKMARK [2][-]{subsection.2.8.3}{\376\377\000B\000a\000c\000k\000e\000n\000d\000\040\000P\000o\000s\000t\000g\000r\000e\000S\000Q\000L\000\040\000e\000\040\000m\000u\000l\000t\000i\000u\000t\000e\000n\000t\000e}{section.2.8}% 132
\BOOKMARK [2][-]{subsection.2.8.4}{\376\377\000M\000i\000g\000r\000a\000r\000e\000\040\000u\000n\000\040\000d\000a\000t\000a\000b\000a\000s\000e\000\040\000S\000Q\000L\000i\000t\000e\000\040\000v\000e\000r\000s\000o\000\040\000P\000o\000s\000t\000g\000r\000e\000S\000Q\000L}{section.2.8}% 133
\BOOKMARK [2][-]{subsection.2.8.5}{\376\377\000I\000l\000\040\000d\000i\000s\000p\000a\000t\000c\000h\000e\000r\000\040\000g\000e\000n\000e\000r\000i\000c\000o\000\040\000c\000a\000l\000l}{section.2.8}% 134
\BOOKMARK [1][-]{section.2.9}{\376\377\000A\000p\000p\000e\000n\000d\000i\000c\000e\000:\000\040\000U\000t\000i\000l\000i\000z\000z\000o\000\040\000a\000v\000a\000n\000z\000a\000t\000o\000\040\000d\000e\000i\000\040\000f\000i\000l\000t\000r\000i}{chapter.2}% 135
\BOOKMARK [2][-]{subsection.2.9.1}{\376\377\000R\000i\000c\000e\000r\000c\000a\000\040\000d\000i\000\040\000p\000o\000s\000i\000z\000i\000o\000n\000i\000\040\000d\000a\000\040\000r\000i\000g\000a\000\040\000d\000i\000\040\000c\000o\000m\000a\000n\000d\000o}{section.2.9}% 136
\BOOKMARK [2][-]{subsection.2.9.2}{\376\377\000R\000i\000c\000e\000r\000c\000a\000\040\000n\000e\000i\000\040\000r\000i\000s\000u\000l\000t\000a\000t\000i\000\040\000c\000o\000r\000r\000e\000n\000t\000i}{section.2.9}% 137
\BOOKMARK [2][-]{subsection.2.9.3}{\376\377\000L\000i\000b\000r\000e\000r\000i\000a\000\040\000d\000e\000i\000\040\000f\000i\000l\000t\000r\000i}{section.2.9}% 138
\BOOKMARK [2][-]{subsection.2.9.4}{\376\377\000E\000s\000e\000m\000p\000i}{section.2.9}% 139
\BOOKMARK [1][-]{section.2.10}{\376\377\000A\000p\000p\000e\000n\000d\000i\000c\000e\000\040\000W\000i\000n\000d\000o\000w\000s\000:\000\040\000r\000i\000l\000e\000v\000a\000m\000e\000n\000t\000o\000\040\000e\000r\000r\000a\000t\000o\000\040\000d\000i\000\040\000b\000l\000u\000n\000d\000e\000r\000D\000B\000\040\000c\000o\000m\000e\000\040\000m\000a\000l\000w\000a\000r\000e}{chapter.2}% 140
\BOOKMARK [2][-]{subsection.2.10.1}{\376\377\000A\000v\000v\000i\000s\000o\000\040\000W\000i\000n\000d\000o\000w\000s\000\040\000S\000m\000a\000r\000t\000S\000c\000r\000e\000e\000n}{section.2.10}% 141
\BOOKMARK [2][-]{subsection.2.10.2}{\376\377\000B\000l\000o\000c\000c\000o\000\040\000d\000i\000\040\000W\000i\000n\000d\000o\000w\000s\000\040\000D\000e\000f\000e\000n\000d\000e\000r}{section.2.10}% 142
\BOOKMARK [2][-]{subsection.2.10.3}{\376\377\000V\000e\000r\000i\000f\000i\000c\000a\000r\000e\000\040\000l\040\031\000i\000n\000t\000e\000g\000r\000i\000t\000\340\000\040\000d\000e\000l\000\040\000d\000o\000w\000n\000l\000o\000a\000d\000\040\000\050\000S\000H\000A\0002\0005\0006\000\051}{section.2.10}% 143
\BOOKMARK [1][-]{section.2.11}{\376\377\000A\000p\000p\000e\000n\000d\000i\000c\000e\000\040\000M\000a\000c\000:\000\040\000p\000o\000s\000s\000i\000b\000i\000l\000e\000\040\000b\000l\000o\000c\000c\000o\000\040\000d\000i\000\040\000b\000l\000u\000n\000d\000e\000r\000D\000B}{chapter.2}% 144
\BOOKMARK [2][-]{subsection.2.11.1}{\376\377\000I\000n\000s\000t\000a\000l\000l\000a\000z\000i\000o\000n\000e\000\040\000d\000i\000\040\000b\000l\000u\000n\000d\000e\000r\000D\000B}{section.2.11}% 145
\BOOKMARK [2][-]{subsection.2.11.2}{\376\377\000A\000u\000t\000o\000r\000i\000z\000z\000a\000z\000i\000o\000n\000e\000\040\000a\000l\000l\040\031\000e\000s\000e\000c\000u\000z\000i\000o\000n\000e\000\040\000d\000i\000\040\000b\000l\000u\000n\000d\000e\000r\000D\000B}{section.2.11}% 146
\BOOKMARK [1][-]{section.2.12}{\376\377\000A\000p\000p\000e\000n\000d\000i\000c\000e\000:\000\040\000S\000c\000h\000e\000m\000a\000\040\000d\000e\000l\000\040\000d\000a\000t\000a\000b\000a\000s\000e}{chapter.2}% 147
\BOOKMARK [2][-]{subsection.2.12.1}{\376\377\000V\000e\000r\000s\000i\000o\000n\000a\000m\000e\000n\000t\000o\000\040\000e\000\040\000m\000i\000g\000r\000a\000z\000i\000o\000n\000i}{section.2.12}% 148
\BOOKMARK [2][-]{subsection.2.12.2}{\376\377\000T\000a\000b\000e\000l\000l\000e\000\040\000p\000r\000i\000n\000c\000i\000p\000a\000l\000i}{section.2.12}% 149
\BOOKMARK [2][-]{subsection.2.12.3}{\376\377\000P\000r\000i\000n\000c\000i\000p\000i\000\040\000d\000i\000\040\000p\000r\000o\000g\000e\000t\000t\000a\000z\000i\000o\000n\000e}{section.2.12}% 150
\BOOKMARK [1][-]{section.2.13}{\376\377\000A\000p\000p\000e\000n\000d\000i\000c\000e\000:\000\040\000m\000o\000d\000e\000l\000l\000o\000\040\000s\000t\000a\000t\000i\000s\000t\000i\000c\000o\000\040\040\024\000\040\000a\000l\000l\000i\000n\000e\000a\000m\000e\000n\000t\000o\000\040\000X\000G\000\040\000/\000\040\000g\000n\000u\000B\000G\000\040\000/\000\040\000b\000l\000u\000n\000d\000e\000r\000D\000B}{chapter.2}% 151
\BOOKMARK [2][-]{subsection.2.13.1}{\376\377\000D\000e\000f\000i\000n\000i\000z\000i\000o\000n\000i\000\040\000f\000o\000r\000m\000a\000l\000i}{section.2.13}% 152
\BOOKMARK [3][-]{subsubsection*.47}{\376\377\000P\000R\000\040\000\050\000P\000e\000r\000f\000o\000r\000m\000a\000n\000c\000e\000\040\000R\000a\000t\000e\000\051}{subsection.2.13.1}% 153
\BOOKMARK [3][-]{subsubsection*.48}{\376\377\000S\000n\000o\000w\000i\000e\000\040\000E\000r\000r\000o\000r\000\040\000R\000a\000t\000e}{subsection.2.13.1}% 154
\BOOKMARK [3][-]{subsubsection*.49}{\376\377\000P\000e\000r\000d\000i\000t\000a\000\040\000d\000i\000\040\000M\000W\000C\000\040\000\050\000M\000a\000t\000c\000h\000\040\000W\000i\000n\000n\000i\000n\000g\000\040\000C\000h\000a\000n\000c\000e\000\051}{subsection.2.13.1}% 155
\BOOKMARK [2][-]{subsection.2.13.2}{\376\377\000D\000e\000c\000i\000s\000i\000o\000n\000i\000\040\000c\000o\000n\000t\000e\000g\000g\000i\000a\000t\000e\000\040\000n\000e\000l\000\040\000d\000e\000n\000o\000m\000i\000n\000a\000t\000o\000r\000e\000\040\000d\000e\000l\000\040\000P\000R}{section.2.13}% 156
\BOOKMARK [3][-]{subsubsection*.50}{\376\377\000M\000o\000s\000s\000e\000\040\000d\000i\000\040\000p\000e\000d\000i\000n\000e\000\040\040\024\000\040\000d\000e\000c\000i\000s\000i\000o\000n\000i\000\040\000c\000o\000n\000t\000e\000g\000g\000i\000a\000t\000e}{subsection.2.13.2}% 157
\BOOKMARK [3][-]{subsubsection*.51}{\376\377\000D\000e\000c\000i\000s\000i\000o\000n\000i\000\040\000d\000i\000\040\000c\000u\000b\000o\000\040\040\024\000\040\000d\000e\000c\000i\000s\000i\000o\000n\000i\000\040\000c\000o\000n\000t\000e\000g\000g\000i\000a\000t\000e}{subsection.2.13.2}% 158
\BOOKMARK [3][-]{subsubsection*.52}{\376\377\000R\000i\000e\000p\000i\000l\000o\000g\000o\000\040\000d\000e\000l\000\040\000f\000i\000l\000t\000r\000o}{subsection.2.13.2}% 159
\BOOKMARK [2][-]{subsection.2.13.3}{\376\377\000C\000o\000r\000r\000i\000s\000p\000o\000n\000d\000e\000n\000z\000a\000\040\000b\000l\000u\000n\000d\000e\000r\000D\000B\000\040\041\224\000\040\000X\000G\000\040\041\224\000\040\000g\000n\000u\000B\000G}{section.2.13}% 160
\BOOKMARK [3][-]{subsubsection*.53}{\376\377\000C\000o\000n\000f\000r\000o\000n\000t\000o\000\040\000X\000G\000\040\041\224\000\040\000b\000l\000u\000n\000d\000e\000r\000D\000B\000\040\000\050\000s\000t\000e\000s\000s\000o\000\040\000m\000o\000t\000o\000r\000e\000\040\000d\000i\000\040\000a\000n\000a\000l\000i\000s\000i\000\051}{subsection.2.13.3}% 161
\BOOKMARK [3][-]{subsubsection*.54}{\376\377\000C\000o\000n\000f\000r\000o\000n\000t\000o\000\040\000g\000n\000u\000B\000G\000\040\041\224\000\040\000b\000l\000u\000n\000d\000e\000r\000D\000B\000\040\000\050\000i\000m\000p\000o\000r\000t\000\040\000S\000G\000F\000\040\040\024\000\040\000m\000o\000t\000o\000r\000i\000\040\000d\000i\000v\000e\000r\000s\000i\000\051}{subsection.2.13.3}% 162
\BOOKMARK [2][-]{subsection.2.13.4}{\376\377\000C\000o\000n\000v\000a\000l\000i\000d\000a\000r\000e\000\040\000i\000\040\000p\000r\000o\000p\000r\000i\000\040\000v\000a\000l\000o\000r\000i}{section.2.13}% 163
\BOOKMARK [2][-]{subsection.2.13.5}{\376\377\000R\000i\000f\000e\000r\000i\000m\000e\000n\000t\000o\000\040\000g\000n\000u\000B\000G}{section.2.13}% 164
\BOOKMARK [0][-]{chapter.3}{\376\377\000C\000o\000n\000t\000a\000t\000t\000i}{}% 165
\BOOKMARK [0][-]{chapter.4}{\376\377\000F\000a\000r\000e\000\040\000u\000n\000a\000\040\000d\000o\000n\000a\000z\000i\000o\000n\000e}{}% 166
\BOOKMARK [0][-]{chapter.5}{\376\377\000R\000i\000n\000g\000r\000a\000z\000i\000a\000m\000e\000n\000t\000i}{}% 167
