\BOOKMARK [0][-]{chapter.1}{\376\377\004\030\004\101\004\102\004\076\004\100\004\070\004\117\000\040\004\062\004\065\004\100\004\101\004\070\004\071}{}% 1
\BOOKMARK [0][-]{chapter.2}{\376\377\004\041\004\076\004\064\004\065\004\100\004\066\004\060\004\075\004\070\004\065}{}% 2
\BOOKMARK [1][-]{section.2.1}{\376\377\004\027\004\060\004\063\004\100\004\103\004\067\004\072\004\060\000\040\004\070\000\040\004\103\004\101\004\102\004\060\004\075\004\076\004\062\004\072\004\060}{chapter.2}% 3
\BOOKMARK [2][-]{subsection.2.1.1}{\376\377\004\043\004\101\004\102\004\060\004\075\004\076\004\062\004\072\004\060\000\040\004\062\000\040\000L\000i\000n\000u\000x}{section.2.1}% 4
\BOOKMARK [3][-]{subsubsection*.3}{\376\377\004\035\004\060\004\102\004\070\004\062\004\075\004\113\004\065\000\040\004\077\004\060\004\072\004\065\004\102\004\113\000\040\000\050\000.\000d\000e\000b\000\040\000/\000\040\000.\000r\000p\000m\000\051}{subsection.2.1.1}% 5
\BOOKMARK [3][-]{subsubsection*.4}{\376\377\000A\000r\000c\000h\000\040\000L\000i\000n\000u\000x\000\040\000\050\000A\000U\000R\000\051}{subsection.2.1.1}% 6
\BOOKMARK [3][-]{subsubsection*.5}{\376\377\004\020\004\100\004\105\004\070\004\062\000\040\000.\000t\000a\000r\000.\000g\000z}{subsection.2.1.1}% 7
\BOOKMARK [3][-]{subsubsection*.6}{\376\377\004\035\004\065\004\076\004\061\004\100\004\060\004\061\004\076\004\102\004\060\004\075\004\075\004\113\004\071\000\040\004\064\004\062\004\076\004\070\004\107\004\075\004\113\004\071\000\040\004\104\004\060\004\071\004\073\000\040\000\050\004\077\004\100\004\076\004\064\004\062\004\070\004\075\004\103\004\102\004\113\004\071\000\040\004\101\004\077\004\076\004\101\004\076\004\061\000\051}{subsection.2.1.1}% 8
\BOOKMARK [2][-]{subsection.2.1.2}{\376\377\004\037\004\100\004\065\004\064\004\103\004\077\004\100\004\065\004\066\004\064\004\065\004\075\004\070\004\117\000\040\004\064\004\073\004\117\000\040\000W\000i\000n\000d\000o\000w\000s\000\040\004\070\000\040\000M\000a\000c}{section.2.1}% 9
\BOOKMARK [1][-]{section.2.2}{\376\377\004\040\004\103\004\072\004\076\004\062\004\076\004\064\004\101\004\102\004\062\004\076}{chapter.2}% 10
\BOOKMARK [2][-]{subsection.2.2.1}{\376\377\004\022\004\062\004\065\004\064\004\065\004\075\004\070\004\065}{section.2.2}% 11
\BOOKMARK [2][-]{subsection.2.2.2}{\376\377\004\036\004\101\004\075\004\076\004\062\004\075\004\113\004\065\000\040\004\062\004\067\004\060\004\070\004\074\004\076\004\064\004\065\004\071\004\101\004\102\004\062\004\070\004\117}{section.2.2}% 12
\BOOKMARK [2][-]{subsection.2.2.3}{\376\377\004\036\004\077\004\070\004\101\004\060\004\075\004\070\004\065\000\040\004\070\004\075\004\102\004\065\004\100\004\104\004\065\004\071\004\101\004\060}{section.2.2}% 13
\BOOKMARK [2][-]{subsection.2.2.4}{\376\377\000O\000n\000g\000l\000e\000t\000s\000\040\000d\000e\000\040\000v\000u\000e\000s}{section.2.2}% 14
\BOOKMARK [2][-]{subsection.2.2.5}{\376\377\004\032\004\076\004\075\004\104\004\070\004\063\004\103\004\100\004\060\004\106\004\070\004\117}{section.2.2}% 15
\BOOKMARK [2][-]{subsection.2.2.6}{\376\377\004\036\004\061\004\103\004\107\004\060\004\116\004\111\004\070\004\065\000\040\004\102\004\103\004\100\004\113\000\040\004\070\000\040\004\076\004\061\004\100\004\060\004\067\004\065\004\106\000\040\004\061\004\060\004\067\004\113\000\040\004\064\004\060\004\075\004\075\004\113\004\105}{section.2.2}% 16
\BOOKMARK [2][-]{subsection.2.2.7}{\376\377\004\035\004\060\004\062\004\070\004\063\004\060\004\106\004\070\004\117\000\040\004\077\004\076\000\040\004\077\004\076\004\067\004\070\004\106\004\070\004\117\004\074}{section.2.2}% 17
\BOOKMARK [2][-]{subsection.2.2.8}{\376\377\004\040\004\065\004\064\004\060\004\072\004\102\004\070\004\100\004\076\004\062\004\060\004\075\004\070\004\065\000\040\004\077\004\076\004\067\004\070\004\106\004\070\004\071}{section.2.2}% 18
\BOOKMARK [2][-]{subsection.2.2.9}{\376\377\004\032\004\076\004\074\004\060\004\075\004\064\004\075\004\060\004\117\000\040\004\101\004\102\004\100\004\076\004\072\004\060}{section.2.2}% 19
\BOOKMARK [2][-]{subsection.2.2.10}{\376\377\004\037\004\060\004\075\004\065\004\073\004\114\000\040\004\060\004\075\004\060\004\073\004\070\004\067\004\060}{section.2.2}% 20
\BOOKMARK [2][-]{subsection.2.2.11}{\376\377\004\037\004\060\004\075\004\065\004\073\004\114\000\040\004\072\004\076\004\074\004\074\004\065\004\075\004\102\004\060\004\100\004\070\004\065\004\062}{section.2.2}% 21
\BOOKMARK [2][-]{subsection.2.2.12}{\376\377\004\037\004\060\004\075\004\065\004\073\004\114\000\040\004\077\004\076\004\070\004\101\004\072\004\060}{section.2.2}% 22
\BOOKMARK [2][-]{subsection.2.2.13}{\376\377\004\037\004\060\004\075\004\065\004\073\004\114\000\040\004\072\004\076\004\073\004\073\004\065\004\072\004\106\004\070\004\071}{section.2.2}% 23
\BOOKMARK [2][-]{subsection.2.2.14}{\376\377\004\037\004\060\004\075\004\065\004\073\004\114\000\040\004\074\004\060\004\102\004\107\004\065\004\071}{section.2.2}% 24
\BOOKMARK [2][-]{subsection.2.2.15}{\376\377\004\037\004\060\004\075\004\065\004\073\004\114\000\040\004\102\004\103\004\100\004\075\004\070\004\100\004\076\004\062}{section.2.2}% 25
\BOOKMARK [2][-]{subsection.2.2.16}{\376\377\004\037\004\060\004\075\004\065\004\073\004\114\000\040\000S\000t\000a\000t\000s}{section.2.2}% 26
\BOOKMARK [3][-]{subsubsection*.7}{\376\377\004\022\004\062\004\065\004\064\004\065\004\075\004\070\004\065}{subsection.2.2.16}% 27
\BOOKMARK [3][-]{subsubsection*.8}{\376\377\004\036\004\102\004\072\004\100\004\113\004\102\004\070\004\065\000\040\004\077\004\060\004\075\004\065\004\073\004\070}{subsection.2.2.16}% 28
\BOOKMARK [3][-]{subsubsection*.9}{\376\377\004\037\004\060\004\075\004\065\004\073\004\114\000\040\004\104\004\070\004\073\004\114\004\102\004\100\004\076\004\062}{subsection.2.2.16}% 29
\BOOKMARK [4][-]{paragraph*.10}{\376\377\004\037\004\065\004\100\004\101\004\077\004\065\004\072\004\102\004\070\004\062\004\060\000\040\004\070\004\063\004\100\004\076\004\072\004\060}{subsubsection*.9}% 30
\BOOKMARK [4][-]{paragraph*.11}{\376\377\004\024\004\076\004\101\004\102\004\103\004\077\004\075\004\113\004\065\000\040\004\104\004\070\004\073\004\114\004\102\004\100\004\113}{subsubsection*.9}% 31
\BOOKMARK [3][-]{subsubsection*.12}{\376\377\004\037\004\065\004\100\004\065\004\072\004\073\004\116\004\107\004\065\004\075\004\070\004\065\000\040\000P\000R\000\040\000/\000\040\000M\000W\000C}{subsection.2.2.16}% 32
\BOOKMARK [3][-]{subsubsection*.13}{\376\377\004\022\004\072\004\073\004\060\004\064\004\072\004\060\000\040\000D\000a\000s\000h\000b\000o\000a\000r\000d}{subsection.2.2.16}% 33
\BOOKMARK [4][-]{paragraph*.14}{\376\377\004\032\004\060\004\100\004\102\004\076\004\107\004\072\004\070\000\040\004\103\004\100\004\076\004\062\004\075\004\117}{subsubsection*.13}% 34
\BOOKMARK [4][-]{paragraph*.15}{\376\377\004\041\004\072\004\076\004\073\004\114\004\067\004\117\004\111\004\070\004\071\000\040\000P\000R\000\040\004\067\004\060\000\040\004\077\004\076\004\101\004\073\004\065\004\064\004\075\004\070\004\065\000\040\000N\000\040\004\100\004\065\004\110\004\065\004\075\004\070\004\071}{subsubsection*.13}% 35
\BOOKMARK [4][-]{paragraph*.16}{\376\377\004\042\004\076\004\077\000\040\004\063\004\100\004\103\004\061\004\113\004\105\000\040\004\076\004\110\004\070\004\061\004\076\004\072}{subsubsection*.13}% 36
\BOOKMARK [3][-]{subsubsection*.17}{\376\377\004\022\004\072\004\073\004\060\004\064\004\072\004\060\000\040\000P\000r\000o\000g\000r\000e\000s\000s\000i\000o\000n}{subsection.2.2.16}% 37
\BOOKMARK [4][-]{paragraph*.18}{\376\377\004\023\004\100\004\060\004\104\004\070\004\072\000\040\004\077\004\076\000\040\004\102\004\103\004\100\004\075\004\070\004\100\004\060\004\074}{subsubsection*.17}% 38
\BOOKMARK [4][-]{paragraph*.19}{\376\377\004\024\004\070\004\060\004\063\004\100\004\060\004\074\004\074\004\060\000\040\004\100\004\060\004\101\004\101\004\065\004\117\004\075\004\070\004\117\000\040\004\077\004\076\000\040\004\074\004\060\004\102\004\107\004\060\004\074}{subsubsection*.17}% 39
\BOOKMARK [3][-]{subsubsection*.20}{\376\377\004\022\004\072\004\073\004\060\004\064\004\072\004\060\000\040\000E\000r\000r\000e\000u\000r\000s}{subsection.2.2.16}% 40
\BOOKMARK [4][-]{paragraph*.21}{\376\377\004\040\004\060\004\067\004\061\004\070\004\062\004\072\004\060\000\040\004\077\004\076\000\040\004\064\004\065\004\071\004\101\004\102\004\062\004\070\004\117\004\074\000\040\004\072\004\103\004\061\004\060}{subsubsection*.20}% 41
\BOOKMARK [4][-]{paragraph*.22}{\376\377\004\041\004\100\004\060\004\062\004\075\004\065\004\075\004\070\004\065\000\040\000C\000h\000e\000c\000k\000e\000r\000\040\000/\000\040\000C\000u\000b\000e}{subsubsection*.20}% 42
\BOOKMARK [4][-]{paragraph*.23}{\376\377\004\023\004\070\004\101\004\102\004\076\004\063\004\100\004\060\004\074\004\074\004\060\000\040\004\062\004\065\004\073\004\070\004\107\004\070\004\075\000\040\004\076\004\110\004\070\004\061\004\076\004\072}{subsubsection*.20}% 43
\BOOKMARK [3][-]{subsubsection*.24}{\376\377\004\037\004\100\004\060\004\062\004\070\004\073\004\076\000\040\004\060\004\063\004\100\004\065\004\063\004\060\004\106\004\070\004\070}{subsection.2.2.16}% 44
\BOOKMARK [3][-]{subsubsection*.25}{\376\377\000M\000W\000C\000:\000\040\004\076\004\063\004\100\004\060\004\075\004\070\004\107\004\065\004\075\004\070\004\117}{subsection.2.2.16}% 45
\BOOKMARK [2][-]{subsection.2.2.17}{\376\377\004\037\004\060\004\075\004\065\004\073\004\114\000\040\000E\000P\000C}{section.2.2}% 46
\BOOKMARK [2][-]{subsection.2.2.18}{\376\377\004\037\004\060\004\075\004\065\004\073\004\114\000\040\000A\000n\000k\000i}{section.2.2}% 47
\BOOKMARK [2][-]{subsection.2.2.19}{\376\377\004\037\004\060\004\075\004\065\004\073\004\114\000\040\004\074\004\065\004\102\004\060\004\064\004\060\004\075\004\075\004\113\004\105}{section.2.2}% 48
\BOOKMARK [2][-]{subsection.2.2.20}{\376\377\004\037\004\060\004\075\004\065\004\073\004\114\000\040\004\066\004\103\004\100\004\075\004\060\004\073\004\060}{section.2.2}% 49
\BOOKMARK [1][-]{section.2.3}{\376\377\004\040\004\103\004\072\004\076\004\062\004\076\004\064\004\101\004\102\004\062\004\076\000\040\004\077\004\076\004\073\004\114\004\067\004\076\004\062\004\060\004\102\004\065\004\073\004\117}{chapter.2}% 50
\BOOKMARK [2][-]{subsection.2.3.1}{\376\377\004\041\004\076\004\067\004\064\004\060\004\075\004\070\004\065\000\040\004\075\004\076\004\062\004\076\004\071\000\040\004\061\004\060\004\067\004\113\000\040\004\064\004\060\004\075\004\075\004\113\004\105}{section.2.3}% 51
\BOOKMARK [2][-]{subsection.2.3.2}{\376\377\004\036\004\102\004\072\004\100\004\113\004\102\004\070\004\065\000\040\004\101\004\103\004\111\004\065\004\101\004\102\004\062\004\103\004\116\004\111\004\065\004\071\000\040\004\061\004\060\004\067\004\113\000\040\004\064\004\060\004\075\004\075\004\113\004\105}{section.2.3}% 52
\BOOKMARK [2][-]{subsection.2.3.3}{\376\377\004\030\004\074\004\077\004\076\004\100\004\102\000\040\004\070\000\040\004\101\004\073\004\070\004\117\004\075\004\070\004\065\000\040\004\061\004\060\004\067\004\113\000\040\004\064\004\060\004\075\004\075\004\113\004\105}{section.2.3}% 53
\BOOKMARK [2][-]{subsection.2.3.4}{\376\377\004\040\004\065\004\064\004\060\004\072\004\102\004\070\004\100\004\076\004\062\004\060\004\075\004\070\004\065\000\040\004\077\004\076\004\067\004\070\004\106\004\070\004\070}{section.2.3}% 54
\BOOKMARK [2][-]{subsection.2.3.5}{\376\377\004\024\004\076\004\061\004\060\004\062\004\073\004\065\004\075\004\070\004\065\000\040\004\077\004\076\004\067\004\070\004\106\004\070\004\070\000\040\004\062\000\040\004\061\004\060\004\067\004\103\000\040\004\064\004\060\004\075\004\075\004\113\004\105}{section.2.3}% 55
\BOOKMARK [2][-]{subsection.2.3.6}{\376\377\004\024\004\076\004\061\004\060\004\062\004\073\004\065\004\075\004\070\004\065\000\040\004\102\004\065\004\063\004\060\000\040\004\072\000\040\004\077\004\076\004\067\004\070\004\106\004\070\004\070}{section.2.3}% 56
\BOOKMARK [2][-]{subsection.2.3.7}{\376\377\004\043\004\064\004\060\004\073\004\065\004\075\004\070\004\065\000\040\004\077\004\076\004\067\004\070\004\106\004\070\004\070}{section.2.3}% 57
\BOOKMARK [2][-]{subsection.2.3.8}{\376\377\004\030\004\074\004\077\004\076\004\100\004\102\000\040\004\077\004\076\004\067\004\070\004\106\004\070\004\070\000\040\004\070\004\067\000\040\000X\000G}{section.2.3}% 58
\BOOKMARK [2][-]{subsection.2.3.9}{\376\377\004\030\004\074\004\077\004\076\004\100\004\102\000\040\004\074\004\060\004\102\004\107\004\060}{section.2.3}% 59
\BOOKMARK [2][-]{subsection.2.3.10}{\376\377\004\030\004\074\004\077\004\076\004\100\004\102\000\040\004\077\004\060\004\077\004\072\004\070\000\040\004\101\000\040\004\074\004\060\004\102\004\107\004\060\004\074\004\070}{section.2.3}% 60
\BOOKMARK [2][-]{subsection.2.3.11}{\376\377\004\037\004\065\004\100\004\065\004\102\004\060\004\101\004\072\004\070\004\062\004\060\004\075\004\070\004\065}{section.2.3}% 61
\BOOKMARK [2][-]{subsection.2.3.12}{\376\377\004\035\004\060\004\062\004\070\004\063\004\060\004\106\004\070\004\117\000\040\004\077\004\076\000\040\004\074\004\060\004\102\004\107\004\103}{section.2.3}% 62
\BOOKMARK [2][-]{subsection.2.3.13}{\376\377\004\043\004\077\004\100\004\060\004\062\004\073\004\065\004\075\004\070\004\065\000\040\004\077\004\060\004\075\004\065\004\073\004\114\004\116\000\040\004\074\004\060\004\102\004\107\004\065\004\071}{section.2.3}% 63
\BOOKMARK [2][-]{subsection.2.3.14}{\376\377\004\043\004\077\004\100\004\060\004\062\004\073\004\065\004\075\004\070\004\065\000\040\004\072\004\076\004\073\004\073\004\065\004\072\004\106\004\070\004\117\004\074\004\070}{section.2.3}% 64
\BOOKMARK [2][-]{subsection.2.3.15}{\376\377\004\043\004\077\004\100\004\060\004\062\004\073\004\065\004\075\004\070\004\065\000\040\004\102\004\103\004\100\004\075\004\070\004\100\004\060\004\074\004\070}{section.2.3}% 65
\BOOKMARK [2][-]{subsection.2.3.16}{\376\377\004\037\004\100\004\076\004\101\004\074\004\076\004\102\004\100\000\040\004\101\004\102\004\060\004\102\004\070\004\101\004\102\004\070\004\072\004\070\000\040\004\077\004\100\004\076\004\070\004\067\004\062\004\076\004\064\004\070\004\102\004\065\004\073\004\114\004\075\004\076\004\101\004\102\004\070}{section.2.3}% 66
\BOOKMARK [2][-]{subsection.2.3.17}{\376\377\004\022\004\113\004\107\004\070\004\101\004\073\004\065\004\075\004\070\004\065\000\040\000E\000P\000C}{section.2.3}% 67
\BOOKMARK [2][-]{subsection.2.3.18}{\376\377\004\037\004\100\004\076\004\101\004\074\004\076\004\102\004\100\000\040\004\060\004\075\004\060\004\073\004\070\004\067\004\060\000\040\004\077\004\076\004\067\004\070\004\106\004\070\004\070\000,\000\040\004\070\004\074\004\077\004\076\004\100\004\102\004\070\004\100\004\076\004\062\004\060\004\075\004\075\004\076\004\071\000\040\004\070\004\067\000\040\000X\000G}{section.2.3}% 68
\BOOKMARK [2][-]{subsection.2.3.19}{\376\377\004\055\004\072\004\101\004\077\004\076\004\100\004\102\000\040\004\077\004\076\004\067\004\070\004\106\004\070\004\070\000\040\004\062\000\040\000X\000G}{section.2.3}% 69
\BOOKMARK [2][-]{subsection.2.3.20}{\376\377\004\037\004\100\004\076\004\101\004\074\004\076\004\102\004\100\000\040\004\100\004\060\004\067\004\073\004\070\004\107\004\075\004\113\004\105\000\040\004\077\004\076\004\067\004\070\004\106\004\070\004\071}{section.2.3}% 70
\BOOKMARK [2][-]{subsection.2.3.21}{\376\377\004\037\004\076\004\070\004\101\004\072\000\040\004\077\004\076\004\067\004\070\004\106\004\070\004\071\000\040\004\077\004\076\000\040\004\072\004\100\004\070\004\102\004\065\004\100\004\070\004\117\004\074}{section.2.3}% 71
\BOOKMARK [1][-]{section.2.4}{\376\377\004\041\004\077\004\070\004\101\004\076\004\072\000\040\004\072\004\076\004\074\004\060\004\075\004\064}{chapter.2}% 72
\BOOKMARK [2][-]{subsection.2.4.1}{\376\377\004\023\004\073\004\076\004\061\004\060\004\073\004\114\004\075\004\113\004\065\000\040\004\076\004\077\004\065\004\100\004\060\004\106\004\070\004\070}{section.2.4}% 73
\BOOKMARK [2][-]{subsection.2.4.2}{\376\377\004\037\004\076\004\067\004\070\004\106\004\070\004\070\000\040\004\070\000\040\004\075\004\060\004\062\004\070\004\063\004\060\004\106\004\070\004\117}{section.2.4}% 74
\BOOKMARK [2][-]{subsection.2.4.3}{\376\377\004\040\004\065\004\064\004\060\004\072\004\102\004\070\004\100\004\076\004\062\004\060\004\075\004\070\004\065\000\040\004\070\000\040\004\077\004\076\004\070\004\101\004\072}{section.2.4}% 75
\BOOKMARK [2][-]{subsection.2.4.4}{\376\377\004\044\004\070\004\073\004\114\004\102\004\100\004\113\000\040\004\077\004\076\004\070\004\101\004\072\004\060}{section.2.4}% 76
\BOOKMARK [2][-]{subsection.2.4.5}{\376\377\004\037\004\100\004\076\004\107\004\070\004\065\000\040\004\072\004\076\004\074\004\060\004\075\004\064\004\113}{section.2.4}% 77
\BOOKMARK [1][-]{section.2.5}{\376\377\004\023\004\076\004\100\004\117\004\107\004\070\004\065\000\040\004\072\004\073\004\060\004\062\004\070\004\110\004\070}{chapter.2}% 78
\BOOKMARK [2][-]{subsection.2.5.1}{\376\377\004\021\004\060\004\067\004\060\000\040\004\064\004\060\004\075\004\075\004\113\004\105}{section.2.5}% 79
\BOOKMARK [2][-]{subsection.2.5.2}{\376\377\004\037\004\076\004\067\004\070\004\106\004\070\004\117}{section.2.5}% 80
\BOOKMARK [2][-]{subsection.2.5.3}{\376\377\004\035\004\060\004\062\004\070\004\063\004\060\004\106\004\070\004\117}{section.2.5}% 81
\BOOKMARK [2][-]{subsection.2.5.4}{\376\377\004\036\004\102\004\076\004\061\004\100\004\060\004\066\004\065\004\075\004\070\004\065}{section.2.5}% 82
\BOOKMARK [2][-]{subsection.2.5.5}{\376\377\004\024\004\065\004\071\004\101\004\102\004\062\004\070\004\117}{section.2.5}% 83
\BOOKMARK [2][-]{subsection.2.5.6}{\376\377\004\030\004\075\004\101\004\102\004\100\004\103\004\074\004\065\004\075\004\102\004\113}{section.2.5}% 84
\BOOKMARK [2][-]{subsection.2.5.7}{\376\377\000O\000n\000g\000l\000e\000t\000s\000\040\000d\000e\000\040\000v\000u\000e\000s}{section.2.5}% 85
\BOOKMARK [2][-]{subsection.2.5.8}{\376\377\004\032\004\076\004\074\004\060\004\075\004\064\004\075\004\060\004\117\000\040\004\101\004\102\004\100\004\076\004\072\004\060}{section.2.5}% 86
\BOOKMARK [2][-]{subsection.2.5.9}{\376\377\000H\000i\000s\000t\000o\000r\000i\000q\000u\000e\000\040\000d\000e\000\040\000r\000e\000c\000h\000e\000r\000c\000h\000e}{section.2.5}% 87
\BOOKMARK [2][-]{subsection.2.5.10}{\376\377\000B\000i\000b\000l\000i\000o\000t\000h\000\350\000q\000u\000e\000\040\000d\000e\000\040\000f\000i\000l\000t\000r\000e\000s}{section.2.5}% 88
\BOOKMARK [2][-]{subsection.2.5.11}{\376\377\004\037\004\060\004\075\004\065\004\073\004\114\000\040\004\060\004\075\004\060\004\073\004\070\004\067\004\060}{section.2.5}% 89
\BOOKMARK [2][-]{subsection.2.5.12}{\376\377\004\037\004\060\004\075\004\065\004\073\004\114\000\040\004\074\004\060\004\102\004\107\004\065\004\071}{section.2.5}% 90
\BOOKMARK [2][-]{subsection.2.5.13}{\376\377\004\037\004\060\004\075\004\065\004\073\004\114\000\040\000A\000n\000k\000i\000\040\000\050\004\070\004\075\004\102\004\065\004\100\004\062\004\060\004\073\004\114\004\075\004\076\004\065\000\040\004\077\004\076\004\062\004\102\004\076\004\100\004\065\004\075\004\070\004\065\000\051}{section.2.5}% 91
\BOOKMARK [1][-]{section.2.6}{\376\377\004\030\004\075\004\102\004\065\004\100\004\104\004\065\004\071\004\101\000\040\004\072\004\076\004\074\004\060\004\075\004\064\004\075\004\076\004\071\000\040\004\101\004\102\004\100\004\076\004\072\004\070\000\040\000\050\000C\000L\000I\000\051}{chapter.2}% 92
\BOOKMARK [2][-]{subsection.2.6.1}{\376\377\004\022\004\062\004\065\004\064\004\065\004\075\004\070\004\065}{section.2.6}% 93
\BOOKMARK [2][-]{subsection.2.6.2}{\376\377\004\036\004\061\004\111\004\070\004\071\000\040\004\101\004\070\004\075\004\102\004\060\004\072\004\101\004\070\004\101}{section.2.6}% 94
\BOOKMARK [2][-]{subsection.2.6.3}{\376\377\004\024\004\076\004\101\004\102\004\103\004\077\004\075\004\113\004\065\000\040\004\072\004\076\004\074\004\060\004\075\004\064\004\113}{section.2.6}% 95
\BOOKMARK [2][-]{subsection.2.6.4}{\376\377\000c\000r\000e\000a\000t\000e\000\040\040\024\000\040\004\041\004\076\004\067\004\064\004\060\004\102\004\114\000\040\004\061\004\060\004\067\004\103\000\040\004\064\004\060\004\075\004\075\004\113\004\105}{section.2.6}% 96
\BOOKMARK [2][-]{subsection.2.6.5}{\376\377\000i\000m\000p\000o\000r\000t\000\040\040\024\000\040\004\030\004\074\004\077\004\076\004\100\004\102\000\040\004\064\004\060\004\075\004\075\004\113\004\105}{section.2.6}% 97
\BOOKMARK [3][-]{subsubsection*.27}{\376\377\004\030\004\074\004\077\004\076\004\100\004\102\000\040\004\074\004\060\004\102\004\107\004\060}{subsection.2.6.5}% 98
\BOOKMARK [3][-]{subsubsection*.28}{\376\377\004\030\004\074\004\077\004\076\004\100\004\102\000\040\004\077\004\076\004\067\004\070\004\106\004\070\004\071}{subsection.2.6.5}% 99
\BOOKMARK [3][-]{subsubsection*.29}{\376\377\004\037\004\060\004\072\004\065\004\102\004\075\004\113\004\071\000\040\004\070\004\074\004\077\004\076\004\100\004\102}{subsection.2.6.5}% 100
\BOOKMARK [2][-]{subsection.2.6.6}{\376\377\000e\000x\000p\000o\000r\000t\000\040\040\024\000\040\004\055\004\072\004\101\004\077\004\076\004\100\004\102\000\040\004\064\004\060\004\075\004\075\004\113\004\105}{section.2.6}% 101
\BOOKMARK [2][-]{subsection.2.6.7}{\376\377\000s\000e\000a\000r\000c\000h\000\040\040\024\000\040\004\037\004\076\004\070\004\101\004\072\000\040\004\077\004\076\004\067\004\070\004\106\004\070\004\071}{section.2.6}% 102
\BOOKMARK [2][-]{subsection.2.6.8}{\376\377\000l\000i\000s\000t\000\040\040\024\000\040\004\041\004\077\004\070\004\101\004\076\004\072\000\040\004\101\004\076\004\064\004\065\004\100\004\066\004\070\004\074\004\076\004\063\004\076}{section.2.6}% 103
\BOOKMARK [2][-]{subsection.2.6.9}{\376\377\000m\000a\000t\000c\000h\000\040\040\024\000\040\004\036\004\102\004\076\004\061\004\100\004\060\004\067\004\070\004\102\004\114\000\040\004\074\004\060\004\102\004\107}{section.2.6}% 104
\BOOKMARK [2][-]{subsection.2.6.10}{\376\377\000i\000n\000f\000o\000\040\040\024\000\040\004\034\004\065\004\102\004\060\004\064\004\060\004\075\004\075\004\113\004\065\000\040\004\061\004\060\004\067\004\113\000\040\004\064\004\060\004\075\004\075\004\113\004\105}{section.2.6}% 105
\BOOKMARK [2][-]{subsection.2.6.11}{\376\377\000e\000d\000i\000t\000\040\040\024\000\040\004\030\004\067\004\074\004\065\004\075\004\070\004\102\004\114\000\040\004\074\004\065\004\102\004\060\004\064\004\060\004\075\004\075\004\113\004\065}{section.2.6}% 106
\BOOKMARK [2][-]{subsection.2.6.12}{\376\377\000v\000e\000r\000i\000f\000y\000\040\040\024\000\040\004\037\004\100\004\076\004\062\004\065\004\100\004\072\004\060\000\040\004\106\004\065\004\073\004\076\004\101\004\102\004\075\004\076\004\101\004\102\004\070}{section.2.6}% 107
\BOOKMARK [2][-]{subsection.2.6.13}{\376\377\000d\000e\000l\000e\000t\000e\000\040\040\024\000\040\004\043\004\064\004\060\004\073\004\070\004\102\004\114\000\040\004\064\004\060\004\075\004\075\004\113\004\065}{section.2.6}% 108
\BOOKMARK [2][-]{subsection.2.6.14}{\376\377\004\037\004\100\004\070\004\074\004\065\004\100\004\113\000\040\004\100\004\060\004\061\004\076\004\107\004\070\004\105\000\040\004\077\004\100\004\076\004\106\004\065\004\101\004\101\004\076\004\062}{section.2.6}% 109
\BOOKMARK [3][-]{subsubsection*.30}{\376\377\004\030\004\074\004\077\004\076\004\100\004\102\000\040\004\072\004\060\004\102\004\060\004\073\004\076\004\063\004\060\000\040\004\102\004\103\004\100\004\075\004\070\004\100\004\060}{subsection.2.6.14}% 110
\BOOKMARK [3][-]{subsubsection*.31}{\376\377\004\040\004\065\004\063\004\103\004\073\004\117\004\100\004\075\004\076\004\065\000\040\004\100\004\065\004\067\004\065\004\100\004\062\004\075\004\076\004\065\000\040\004\072\004\076\004\077\004\070\004\100\004\076\004\062\004\060\004\075\004\070\004\065}{subsection.2.6.14}% 111
\BOOKMARK [3][-]{subsubsection*.32}{\376\377\004\020\004\075\004\060\004\073\004\070\004\067\000\040\004\076\004\110\004\070\004\061\004\076\004\072}{subsection.2.6.14}% 112
\BOOKMARK [2][-]{subsection.2.6.15}{\376\377\004\032\004\076\004\064\004\113\000\040\004\062\004\076\004\067\004\062\004\100\004\060\004\102\004\060}{section.2.6}% 113
\BOOKMARK [1][-]{section.2.7}{\376\377\004\047\004\060\004\101\004\102\004\076\000\040\004\067\004\060\004\064\004\060\004\062\004\060\004\065\004\074\004\113\004\065\000\040\004\062\004\076\004\077\004\100\004\076\004\101\004\113}{chapter.2}% 114
\BOOKMARK [2][-]{subsection.2.7.1}{\376\377\004\024\004\073\004\117\000\040\004\107\004\065\004\063\004\076\000\040\004\075\004\103\004\066\004\065\004\075\000\040\000b\000l\000u\000n\000d\000e\000r\000D\000B\000?}{section.2.7}% 115
\BOOKMARK [2][-]{subsection.2.7.2}{\376\377\004\047\004\102\004\076\000\040\004\077\004\076\004\061\004\103\004\064\004\070\004\073\004\076\000\040\004\101\004\076\004\067\004\064\004\060\004\102\004\114\000\040\000b\000l\000u\000n\000d\000e\000r\000D\000B\000?}{section.2.7}% 116
\BOOKMARK [2][-]{subsection.2.7.3}{\376\377\004\032\004\060\004\072\000\040\004\101\004\076\004\105\004\100\004\060\004\075\004\070\004\102\004\114\000\040\004\102\004\065\004\072\004\103\004\111\004\103\004\116\000\040\004\061\004\060\004\067\004\103\000\040\004\064\004\060\004\075\004\075\004\113\004\105\000?}{section.2.7}% 117
\BOOKMARK [2][-]{subsection.2.7.4}{\376\377\004\035\004\103\004\066\004\075\004\076\000\040\004\073\004\070\000\040\004\101\004\076\004\067\004\064\004\060\004\062\004\060\004\102\004\114\000\040\004\100\004\060\004\067\004\075\004\113\004\065\000\040\004\061\004\060\004\067\004\113\000\040\004\064\004\060\004\075\004\075\004\113\004\105\000\040\004\064\004\073\004\117\000\040\004\100\004\060\004\067\004\075\004\113\004\105\000\040\004\072\004\060\004\102\004\065\004\063\004\076\004\100\004\070\004\071\000\040\004\077\004\076\004\067\004\070\004\106\004\070\004\071\000?}{section.2.7}% 118
\BOOKMARK [2][-]{subsection.2.7.5}{\376\377\004\032\004\060\004\072\000\040\004\076\004\061\004\112\004\065\004\064\004\070\004\075\004\070\004\102\004\114\000\040\004\075\004\065\004\101\004\072\004\076\004\073\004\114\004\072\004\076\000\040\004\061\004\060\004\067\000\040\004\064\004\060\004\075\004\075\004\113\004\105\000?}{section.2.7}% 119
\BOOKMARK [2][-]{subsection.2.7.6}{\376\377\004\032\004\060\004\072\004\070\004\065\000\040\004\104\004\076\004\100\004\074\004\060\004\102\004\113\000\040\004\104\004\060\004\071\004\073\004\076\004\062\000\040\004\074\004\060\004\102\004\107\004\065\004\071\000\040\004\077\004\076\004\064\004\064\004\065\004\100\004\066\004\070\004\062\004\060\004\116\004\102\004\101\004\117\000?}{section.2.7}% 120
\BOOKMARK [2][-]{subsection.2.7.7}{\376\377\004\047\004\102\004\076\000\040\004\102\004\060\004\072\004\076\004\065\000\040\004\072\004\076\004\073\004\073\004\065\004\072\004\106\004\070\004\117\000?}{section.2.7}% 121
\BOOKMARK [2][-]{subsection.2.7.8}{\376\377\004\047\004\102\004\076\000\040\004\102\004\060\004\072\004\076\004\065\000\040\000E\000P\000C\000?}{section.2.7}% 122
\BOOKMARK [2][-]{subsection.2.7.9}{\376\377\004\025\004\101\004\102\004\114\000\040\004\073\004\070\000\040\004\103\000\040\000b\000l\000u\000n\000d\000e\000r\000D\000B\000\040\004\070\004\075\004\102\004\065\004\100\004\104\004\065\004\071\004\101\000\040\004\072\004\076\004\074\004\060\004\075\004\064\004\075\004\076\004\071\000\040\004\101\004\102\004\100\004\076\004\072\004\070\000?}{section.2.7}% 123
\BOOKMARK [2][-]{subsection.2.7.10}{\376\377\004\034\004\076\004\066\004\075\004\076\000\040\004\073\004\070\000\040\004\070\004\067\004\074\004\065\004\075\004\117\004\102\004\114\000,\000\040\004\072\004\076\004\077\004\070\004\100\004\076\004\062\004\060\004\102\004\114\000,\000\040\004\100\004\060\004\101\004\077\004\100\004\076\004\101\004\102\004\100\004\060\004\075\004\117\004\102\004\114\000\040\000b\000l\000u\000n\000d\000e\000r\000D\000B\000?}{section.2.7}% 124
\BOOKMARK [2][-]{subsection.2.7.11}{\376\377\004\032\004\060\004\072\004\076\004\071\000\040\004\104\004\076\004\100\004\074\004\060\004\102\000\040\004\064\004\060\004\075\004\075\004\113\004\105\000\040\004\070\004\101\004\077\004\076\004\073\004\114\004\067\004\103\004\065\004\102\000\040\000b\000l\000u\000n\000d\000e\000r\000D\000B\000?}{section.2.7}% 125
\BOOKMARK [2][-]{subsection.2.7.12}{\376\377\004\032\004\060\004\072\004\076\004\062\004\113\000\040\004\061\004\113\004\073\004\070\000\040\004\077\004\100\004\070\004\075\004\106\004\070\004\077\004\113\000\040\004\077\004\100\004\076\004\065\004\072\004\102\004\070\004\100\004\076\004\062\004\060\004\075\004\070\004\117\000\040\000b\000l\000u\000n\000d\000e\000r\000D\000B\000?}{section.2.7}% 126
\BOOKMARK [2][-]{subsection.2.7.13}{\376\377\004\032\004\060\004\072\004\076\004\062\004\060\000\040\004\077\004\100\004\076\004\063\004\100\004\060\004\074\004\074\004\075\004\060\004\117\000\040\004\060\004\100\004\105\004\070\004\102\004\065\004\072\004\102\004\103\004\100\004\060\000\040\000b\000l\000u\000n\000d\000e\000r\000D\000B\000?}{section.2.7}% 127
\BOOKMARK [2][-]{subsection.2.7.14}{\376\377\004\035\004\060\000\040\004\072\004\060\004\072\004\070\004\105\000\040\004\077\004\073\004\060\004\102\004\104\004\076\004\100\004\074\004\060\004\105\000\040\004\100\004\060\004\061\004\076\004\102\004\060\004\065\004\102\000\040\000b\000l\000u\000n\000d\000e\000r\000D\000B\000?}{section.2.7}% 128
\BOOKMARK [2][-]{subsection.2.7.15}{\376\377\004\036\004\102\004\072\004\103\004\064\004\060\000\040\004\062\004\067\004\117\004\102\004\060\000\040\004\070\004\072\004\076\004\075\004\072\004\060\000\040\000b\000l\000u\000n\000d\000e\000r\000D\000B\000?}{section.2.7}% 129
\BOOKMARK [1][-]{section.2.8}{\376\377\004\021\004\065\004\067\004\063\004\076\004\073\004\076\004\062\004\113\004\071\000\040\004\100\004\065\004\066\004\070\004\074\000\040\000\050\004\101\004\065\004\100\004\062\004\065\004\100\000\051}{chapter.2}% 130
\BOOKMARK [2][-]{subsection.2.8.1}{\376\377\004\036\004\061\004\067\004\076\004\100}{section.2.8}% 131
\BOOKMARK [2][-]{subsection.2.8.2}{\376\377\004\024\004\065\004\074\004\076\004\075\000\040\000s\000e\000r\000v\000e}{section.2.8}% 132
\BOOKMARK [3][-]{subsubsection*.33}{\376\377\004\042\004\076\004\107\004\072\004\070\000\040\004\064\004\076\004\101\004\102\004\103\004\077\004\060}{subsection.2.8.2}% 133
\BOOKMARK [3][-]{subsubsection*.34}{\376\377\000D\000\351\000p\000l\000o\000i\000e\000m\000e\000n\000t\000\040\000a\000v\000e\000c\000\040\000D\000o\000c\000k\000e\000r}{subsection.2.8.2}% 134
\BOOKMARK [2][-]{subsection.2.8.3}{\376\377\004\021\004\115\004\072\004\065\004\075\004\064\000\040\000P\000o\000s\000t\000g\000r\000e\000S\000Q\000L\000\040\004\070\000\040\004\074\004\075\004\076\004\063\004\076\004\077\004\076\004\073\004\114\004\067\004\076\004\062\004\060\004\102\004\065\004\073\004\114\004\101\004\072\004\070\004\071\000\040\004\100\004\065\004\066\004\070\004\074}{section.2.8}% 135
\BOOKMARK [2][-]{subsection.2.8.4}{\376\377\004\034\004\070\004\063\004\100\004\060\004\106\004\070\004\117\000\040\004\061\004\060\004\067\004\113\000\040\000S\000Q\000L\000i\000t\000e\000\040\004\062\000\040\000P\000o\000s\000t\000g\000r\000e\000S\000Q\000L}{section.2.8}% 136
\BOOKMARK [2][-]{subsection.2.8.5}{\376\377\004\043\004\075\004\070\004\062\004\065\004\100\004\101\004\060\004\073\004\114\004\075\004\113\004\071\000\040\004\064\004\070\004\101\004\077\004\065\004\102\004\107\004\065\004\100\000\040\000c\000a\000l\000l}{section.2.8}% 137
\BOOKMARK [1][-]{section.2.9}{\376\377\004\037\004\100\004\070\004\073\004\076\004\066\004\065\004\075\004\070\004\065\000:\000\040\004\040\004\060\004\101\004\110\004\070\004\100\004\065\004\075\004\075\004\076\004\065\000\040\004\070\004\101\004\077\004\076\004\073\004\114\004\067\004\076\004\062\004\060\004\075\004\070\004\065\000\040\004\104\004\070\004\073\004\114\004\102\004\100\004\076\004\062}{chapter.2}% 138
\BOOKMARK [2][-]{subsection.2.9.1}{\376\377\004\037\004\076\004\070\004\101\004\072\000\040\004\077\004\076\004\067\004\070\004\106\004\070\004\071\000\040\004\062\000\040\004\072\004\076\004\074\004\060\004\075\004\064\004\075\004\076\004\071\000\040\004\101\004\102\004\100\004\076\004\072\004\065}{section.2.9}% 139
\BOOKMARK [2][-]{subsection.2.9.2}{\376\377\004\037\004\076\004\070\004\101\004\072\000\040\004\062\000\040\004\102\004\065\004\072\004\103\004\111\004\070\004\105\000\040\004\100\004\065\004\067\004\103\004\073\004\114\004\102\004\060\004\102\004\060\004\105}{section.2.9}% 140
\BOOKMARK [2][-]{subsection.2.9.3}{\376\377\004\021\004\070\004\061\004\073\004\070\004\076\004\102\004\065\004\072\004\060\000\040\004\104\004\070\004\073\004\114\004\102\004\100\004\076\004\062}{section.2.9}% 141
\BOOKMARK [2][-]{subsection.2.9.4}{\376\377\004\037\004\100\004\070\004\074\004\065\004\100\004\113}{section.2.9}% 142
\BOOKMARK [1][-]{section.2.10}{\376\377\004\037\004\100\004\070\004\073\004\076\004\066\004\065\004\075\004\070\004\065\000\040\000W\000i\000n\000d\000o\000w\000s\000:\000\040\004\073\004\076\004\066\004\075\004\076\004\065\000\040\004\076\004\061\004\075\004\060\004\100\004\103\004\066\004\065\004\075\004\070\004\065\000\040\000b\000l\000u\000n\000d\000e\000r\000D\000B\000\040\004\072\004\060\004\072\000\040\004\062\004\100\004\065\004\064\004\076\004\075\004\076\004\101\004\075\004\076\004\063\004\076\000\040\004\077\004\100\004\076\004\063\004\100\004\060\004\074\004\074\004\075\004\076\004\063\004\076\000\040\004\076\004\061\004\065\004\101\004\077\004\065\004\107\004\065\004\075\004\070\004\117}{chapter.2}% 143
\BOOKMARK [2][-]{subsection.2.10.1}{\376\377\004\037\004\100\004\065\004\064\004\103\004\077\004\100\004\065\004\066\004\064\004\065\004\075\004\070\004\065\000\040\000W\000i\000n\000d\000o\000w\000s\000\040\000S\000m\000a\000r\000t\000S\000c\000r\000e\000e\000n}{section.2.10}% 144
\BOOKMARK [2][-]{subsection.2.10.2}{\376\377\004\021\004\073\004\076\004\072\004\070\004\100\004\076\004\062\004\072\004\060\000\040\000W\000i\000n\000d\000o\000w\000s\000\040\000D\000e\000f\000e\000n\000d\000e\000r}{section.2.10}% 145
\BOOKMARK [2][-]{subsection.2.10.3}{\376\377\004\037\004\100\004\076\004\062\004\065\004\100\004\072\004\060\000\040\004\106\004\065\004\073\004\076\004\101\004\102\004\075\004\076\004\101\004\102\004\070\000\040\004\067\004\060\004\063\004\100\004\103\004\067\004\072\004\070\000\040\000\050\000S\000H\000A\0002\0005\0006\000\051}{section.2.10}% 146
\BOOKMARK [1][-]{section.2.11}{\376\377\004\037\004\100\004\070\004\073\004\076\004\066\004\065\004\075\004\070\004\065\000\040\000M\000a\000c\000:\000\040\004\062\004\076\004\067\004\074\004\076\004\066\004\075\004\060\004\117\000\040\004\061\004\073\004\076\004\072\004\070\004\100\004\076\004\062\004\072\004\060\000\040\000b\000l\000u\000n\000d\000e\000r\000D\000B}{chapter.2}% 147
\BOOKMARK [2][-]{subsection.2.11.1}{\376\377\004\043\004\101\004\102\004\060\004\075\004\076\004\062\004\072\004\060\000\040\000b\000l\000u\000n\000d\000e\000r\000D\000B}{section.2.11}% 148
\BOOKMARK [2][-]{subsection.2.11.2}{\376\377\004\040\004\060\004\067\004\100\004\065\004\110\004\065\004\075\004\070\004\065\000\040\004\075\004\060\000\040\004\067\004\060\004\077\004\103\004\101\004\072\000\040\000b\000l\000u\000n\000d\000e\000r\000D\000B}{section.2.11}% 149
\BOOKMARK [1][-]{section.2.12}{\376\377\004\037\004\100\004\070\004\073\004\076\004\066\004\065\004\075\004\070\004\065\000:\000\040\004\041\004\105\004\065\004\074\004\060\000\040\004\061\004\060\004\067\004\113\000\040\004\064\004\060\004\075\004\075\004\113\004\105}{chapter.2}% 150
\BOOKMARK [2][-]{subsection.2.12.1}{\376\377\004\022\004\065\004\100\004\101\004\070\004\076\004\075\004\070\004\100\004\076\004\062\004\060\004\075\004\070\004\065\000\040\004\070\000\040\004\074\004\070\004\063\004\100\004\060\004\106\004\070\004\070}{section.2.12}% 151
\BOOKMARK [2][-]{subsection.2.12.2}{\376\377\004\036\004\101\004\075\004\076\004\062\004\075\004\113\004\065\000\040\004\102\004\060\004\061\004\073\004\070\004\106\004\113}{section.2.12}% 152
\BOOKMARK [2][-]{subsection.2.12.3}{\376\377\004\037\004\100\004\070\004\075\004\106\004\070\004\077\004\113\000\040\004\077\004\100\004\076\004\065\004\072\004\102\004\070\004\100\004\076\004\062\004\060\004\075\004\070\004\117}{section.2.12}% 153
\BOOKMARK [1][-]{section.2.13}{\376\377\004\037\004\100\004\070\004\073\004\076\004\066\004\065\004\075\004\070\004\065\000:\000\040\004\034\004\076\004\064\004\065\004\073\004\114\000\040\004\101\004\102\004\060\004\102\004\070\004\101\004\102\004\070\004\072\004\070\000\040\040\024\000\040\004\062\004\113\004\100\004\060\004\062\004\075\004\070\004\062\004\060\004\075\004\070\004\065\000\040\000X\000G\000\040\000/\000\040\000g\000n\000u\000B\000G\000\040\000/\000\040\000b\000l\000u\000n\000d\000e\000r\000D\000B}{chapter.2}% 154
\BOOKMARK [2][-]{subsection.2.13.1}{\376\377\004\044\004\076\004\100\004\074\004\060\004\073\004\114\004\075\004\113\004\065\000\040\004\076\004\077\004\100\004\065\004\064\004\065\004\073\004\065\004\075\004\070\004\117}{section.2.13}% 155
\BOOKMARK [3][-]{subsubsection*.48}{\376\377\000P\000R\000\040\000\050\000P\000e\000r\000f\000o\000r\000m\000a\000n\000c\000e\000\040\000R\000a\000t\000e\000\051}{subsection.2.13.1}% 156
\BOOKMARK [3][-]{subsubsection*.49}{\376\377\000S\000n\000o\000w\000i\000e\000\040\000E\000r\000r\000o\000r\000\040\000R\000a\000t\000e}{subsection.2.13.1}% 157
\BOOKMARK [3][-]{subsubsection*.50}{\376\377\004\037\004\076\004\102\004\065\004\100\004\117\000\040\000M\000W\000C\000\040\000\050\000M\000a\000t\000c\000h\000\040\000W\000i\000n\000n\000i\000n\000g\000\040\000C\000h\000a\000n\000c\000e\000\051}{subsection.2.13.1}% 158
\BOOKMARK [2][-]{subsection.2.13.2}{\376\377\004\027\004\060\004\101\004\107\004\070\004\102\004\060\004\075\004\075\004\113\004\065\000\040\004\100\004\065\004\110\004\065\004\075\004\070\004\117\000\040\004\062\000\040\004\067\004\075\004\060\004\074\004\065\004\075\004\060\004\102\004\065\004\073\004\065\000\040\000P\000R}{section.2.13}% 159
\BOOKMARK [3][-]{subsubsection*.51}{\376\377\004\045\004\076\004\064\004\113\000\040\004\110\004\060\004\110\004\072\004\060\004\074\004\070\000\040\040\024\000\040\004\067\004\060\004\101\004\107\004\070\004\102\004\060\004\075\004\075\004\113\004\065\000\040\004\100\004\065\004\110\004\065\004\075\004\070\004\117}{subsection.2.13.2}% 160
\BOOKMARK [3][-]{subsubsection*.52}{\376\377\004\040\004\065\004\110\004\065\004\075\004\070\004\117\000\040\004\077\004\076\000\040\004\072\004\103\004\061\004\103\000\040\040\024\000\040\004\067\004\060\004\101\004\107\004\070\004\102\004\060\004\075\004\075\004\113\004\065\000\040\004\100\004\065\004\110\004\065\004\075\004\070\004\117}{subsection.2.13.2}% 161
\BOOKMARK [3][-]{subsubsection*.53}{\376\377\004\041\004\062\004\076\004\064\004\072\004\060\000\040\004\104\004\070\004\073\004\114\004\102\004\100\004\060}{subsection.2.13.2}% 162
\BOOKMARK [2][-]{subsection.2.13.3}{\376\377\004\041\004\076\004\076\004\102\004\062\004\065\004\102\004\101\004\102\004\062\004\070\004\065\000\040\000b\000l\000u\000n\000d\000e\000r\000D\000B\000\040\041\224\000\040\000X\000G\000\040\041\224\000\040\000g\000n\000u\000B\000G}{section.2.13}% 163
\BOOKMARK [3][-]{subsubsection*.54}{\376\377\004\041\004\100\004\060\004\062\004\075\004\065\004\075\004\070\004\065\000\040\000X\000G\000\040\041\224\000\040\000b\000l\000u\000n\000d\000e\000r\000D\000B\000\040\000\050\004\076\004\064\004\070\004\075\000\040\004\064\004\062\004\070\004\066\004\076\004\072\000\040\004\060\004\075\004\060\004\073\004\070\004\067\004\060\000\051}{subsection.2.13.3}% 164
\BOOKMARK [3][-]{subsubsection*.55}{\376\377\004\041\004\100\004\060\004\062\004\075\004\065\004\075\004\070\004\065\000\040\000g\000n\000u\000B\000G\000\040\041\224\000\040\000b\000l\000u\000n\000d\000e\000r\000D\000B\000\040\000\050\004\070\004\074\004\077\004\076\004\100\004\102\000\040\000S\000G\000F\000\040\040\024\000\040\004\100\004\060\004\067\004\075\004\113\004\065\000\040\004\064\004\062\004\070\004\066\004\072\004\070\000\051}{subsection.2.13.3}% 165
\BOOKMARK [2][-]{subsection.2.13.4}{\376\377\004\037\004\100\004\076\004\062\004\065\004\100\004\072\004\060\000\040\004\101\004\076\004\061\004\101\004\102\004\062\004\065\004\075\004\075\004\113\004\105\000\040\004\064\004\060\004\075\004\075\004\113\004\105}{section.2.13}% 166
\BOOKMARK [2][-]{subsection.2.13.5}{\376\377\004\041\004\101\004\113\004\073\004\072\004\070\000\040\000g\000n\000u\000B\000G}{section.2.13}% 167
\BOOKMARK [0][-]{chapter.3}{\376\377\004\032\004\076\004\075\004\102\004\060\004\072\004\102\004\113}{}% 168
\BOOKMARK [0][-]{chapter.4}{\376\377\004\041\004\064\004\065\004\073\004\060\004\102\004\114\000\040\004\077\004\076\004\066\004\065\004\100\004\102\004\062\004\076\004\062\004\060\004\075\004\070\004\065}{}% 169
\BOOKMARK [0][-]{chapter.5}{\376\377\004\021\004\073\004\060\004\063\004\076\004\064\004\060\004\100\004\075\004\076\004\101\004\102\004\070}{}% 170
